{"C:\\Users\\Dhoug\\helpDesk\\server\\src\\env.ts": {"path":"C:\\Users\\Dhoug\\helpDesk\\server\\src\\env.ts","statementMap":{"0":{"start":{"line":1,"column":0},"end":{"line":1,"column":23}},"1":{"start":{"line":3,"column":15},"end":{"line":3,"column":46}},"2":{"start":{"line":5,"column":18},"end":{"line":14,"column":2}},"3":{"start":{"line":16,"column":13},"end":{"line":16,"column":null}}},"fnMap":{},"branchMap":{"0":{"loc":{"start":{"line":7,"column":15},"end":{"line":9,"column":37}},"type":"cond-expr","locations":[{"start":{"line":8,"column":4},"end":{"line":8,"column":79}},{"start":{"line":9,"column":4},"end":{"line":9,"column":37}}]},"1":{"loc":{"start":{"line":13,"column":11},"end":{"line":13,"column":54}},"type":"cond-expr","locations":[{"start":{"line":13,"column":20},"end":{"line":13,"column":49}},{"start":{"line":13,"column":52},"end":{"line":13,"column":54}}]}},"s":{"0":3,"1":3,"2":3,"3":3},"f":{},"b":{"0":[3,0],"1":[3,0]}}
,"C:\\Users\\Dhoug\\helpDesk\\server\\src\\server.ts": {"path":"C:\\Users\\Dhoug\\helpDesk\\server\\src\\server.ts","statementMap":{"0":{"start":{"line":2,"column":0},"end":{"line":2,"column":30}},"1":{"start":{"line":3,"column":0},"end":{"line":3,"column":24}},"2":{"start":{"line":4,"column":0},"end":{"line":4,"column":31}},"3":{"start":{"line":5,"column":0},"end":{"line":5,"column":52}},"4":{"start":{"line":6,"column":0},"end":{"line":6,"column":58}},"5":{"start":{"line":7,"column":0},"end":{"line":7,"column":56}},"6":{"start":{"line":8,"column":0},"end":{"line":8,"column":64}},"7":{"start":{"line":10,"column":12},"end":{"line":10,"column":21}},"8":{"start":{"line":11,"column":13},"end":{"line":11,"column":29}},"9":{"start":{"line":13,"column":0},"end":{"line":13,"column":16}},"10":{"start":{"line":14,"column":0},"end":{"line":14,"column":24}},"11":{"start":{"line":15,"column":0},"end":{"line":19,"column":2}},"12":{"start":{"line":21,"column":0},"end":{"line":21,"column":30}},"13":{"start":{"line":22,"column":0},"end":{"line":22,"column":36}},"14":{"start":{"line":23,"column":0},"end":{"line":23,"column":34}},"15":{"start":{"line":24,"column":0},"end":{"line":24,"column":50}},"16":{"start":{"line":24,"column":34},"end":{"line":24,"column":48}},"17":{"start":{"line":26,"column":0},"end":{"line":34,"column":2}},"18":{"start":{"line":32,"column":2},"end":{"line":32,"column":63}}},"fnMap":{"0":{"name":"(anonymous_1)","decl":{"start":{"line":24,"column":19},"end":{"line":24,"column":20}},"loc":{"start":{"line":24,"column":34},"end":{"line":24,"column":48}}},"1":{"name":"(anonymous_2)","decl":{"start":{"line":31,"column":1},"end":{"line":31,"column":4}},"loc":{"start":{"line":31,"column":6},"end":{"line":33,"column":2}}}},"branchMap":{"0":{"loc":{"start":{"line":11,"column":13},"end":{"line":11,"column":29}},"type":"binary-expr","locations":[{"start":{"line":11,"column":13},"end":{"line":11,"column":21}},{"start":{"line":11,"column":25},"end":{"line":11,"column":29}}]}},"s":{"0":0,"1":0,"2":0,"3":0,"4":0,"5":0,"6":0,"7":0,"8":0,"9":0,"10":0,"11":0,"12":0,"13":0,"14":0,"15":0,"16":0,"17":0,"18":0},"f":{"0":0,"1":0},"b":{"0":[0,0]}}
,"C:\\Users\\Dhoug\\helpDesk\\server\\src\\swagger.ts": {"path":"C:\\Users\\Dhoug\\helpDesk\\server\\src\\swagger.ts","statementMap":{"0":{"start":{"line":1,"column":0},"end":{"line":1,"column":41}},"1":{"start":{"line":2,"column":0},"end":{"line":2,"column":43}},"2":{"start":{"line":4,"column":16},"end":{"line":25,"column":2}},"3":{"start":{"line":27,"column":13},"end":{"line":27,"column":49}},"4":{"start":{"line":28,"column":13},"end":{"line":28,"column":45}}},"fnMap":{},"branchMap":{},"s":{"0":0,"1":0,"2":0,"3":0,"4":0},"f":{},"b":{}}
,"C:\\Users\\Dhoug\\helpDesk\\server\\src\\controllers\\serviceController.ts": {"path":"C:\\Users\\Dhoug\\helpDesk\\server\\src\\controllers\\serviceController.ts","statementMap":{"0":{"start":{"line":2,"column":0},"end":{"line":2,"column":58}},"1":{"start":{"line":10,"column":2},"end":{"line":10,"column":null}},"2":{"start":{"line":13,"column":17},"end":{"line":28,"column":2}},"3":{"start":{"line":14,"column":2},"end":{"line":18,"column":3}},"4":{"start":{"line":15,"column":3},"end":{"line":17,"column":null}},"5":{"start":{"line":20,"column":27},"end":{"line":20,"column":39}},"6":{"start":{"line":22,"column":2},"end":{"line":27,"column":3}},"7":{"start":{"line":23,"column":22},"end":{"line":23,"column":75}},"8":{"start":{"line":24,"column":3},"end":{"line":24,"column":null}},"9":{"start":{"line":26,"column":3},"end":{"line":26,"column":null}},"10":{"start":{"line":30,"column":17},"end":{"line":46,"column":2}},"11":{"start":{"line":31,"column":2},"end":{"line":35,"column":3}},"12":{"start":{"line":32,"column":3},"end":{"line":34,"column":null}},"13":{"start":{"line":37,"column":27},"end":{"line":37,"column":39}},"14":{"start":{"line":39,"column":2},"end":{"line":45,"column":3}},"15":{"start":{"line":40,"column":21},"end":{"line":40,"column":38}},"16":{"start":{"line":41,"column":22},"end":{"line":41,"column":86}},"17":{"start":{"line":42,"column":3},"end":{"line":42,"column":null}},"18":{"start":{"line":44,"column":3},"end":{"line":44,"column":null}},"19":{"start":{"line":48,"column":21},"end":{"line":62,"column":2}},"20":{"start":{"line":49,"column":2},"end":{"line":53,"column":3}},"21":{"start":{"line":50,"column":3},"end":{"line":52,"column":null}},"22":{"start":{"line":55,"column":2},"end":{"line":61,"column":3}},"23":{"start":{"line":56,"column":21},"end":{"line":56,"column":38}},"24":{"start":{"line":57,"column":3},"end":{"line":57,"column":null}},"25":{"start":{"line":58,"column":3},"end":{"line":58,"column":null}},"26":{"start":{"line":60,"column":3},"end":{"line":60,"column":null}},"27":{"start":{"line":64,"column":16},"end":{"line":71,"column":2}},"28":{"start":{"line":65,"column":2},"end":{"line":70,"column":3}},"29":{"start":{"line":66,"column":16},"end":{"line":66,"column":56}},"30":{"start":{"line":67,"column":3},"end":{"line":67,"column":null}},"31":{"start":{"line":69,"column":3},"end":{"line":69,"column":null}},"32":{"start":{"line":6,"column":0},"end":{"line":6,"column":21}}},"fnMap":{"0":{"name":"(anonymous_1)","decl":{"start":{"line":9,"column":1},"end":{"line":9,"column":null}},"loc":{"start":{"line":9,"column":1},"end":{"line":11,"column":2}}},"1":{"name":"(anonymous_2)","decl":{"start":{"line":13,"column":17},"end":{"line":13,"column":22}},"loc":{"start":{"line":13,"column":64},"end":{"line":28,"column":2}}},"2":{"name":"(anonymous_3)","decl":{"start":{"line":30,"column":17},"end":{"line":30,"column":22}},"loc":{"start":{"line":30,"column":64},"end":{"line":46,"column":2}}},"3":{"name":"(anonymous_4)","decl":{"start":{"line":48,"column":21},"end":{"line":48,"column":26}},"loc":{"start":{"line":48,"column":68},"end":{"line":62,"column":2}}},"4":{"name":"(anonymous_5)","decl":{"start":{"line":64,"column":16},"end":{"line":64,"column":21}},"loc":{"start":{"line":64,"column":64},"end":{"line":71,"column":2}}}},"branchMap":{"0":{"loc":{"start":{"line":14,"column":2},"end":{"line":18,"column":3}},"type":"if","locations":[{"start":{"line":14,"column":2},"end":{"line":18,"column":3}},{"start":{},"end":{}}]},"1":{"loc":{"start":{"line":14,"column":6},"end":{"line":14,"column":58}},"type":"binary-expr","locations":[{"start":{"line":14,"column":6},"end":{"line":14,"column":25}},{"start":{"line":14,"column":29},"end":{"line":14,"column":58}}]},"2":{"loc":{"start":{"line":31,"column":2},"end":{"line":35,"column":3}},"type":"if","locations":[{"start":{"line":31,"column":2},"end":{"line":35,"column":3}},{"start":{},"end":{}}]},"3":{"loc":{"start":{"line":31,"column":6},"end":{"line":31,"column":58}},"type":"binary-expr","locations":[{"start":{"line":31,"column":6},"end":{"line":31,"column":25}},{"start":{"line":31,"column":29},"end":{"line":31,"column":58}}]},"4":{"loc":{"start":{"line":49,"column":2},"end":{"line":53,"column":3}},"type":"if","locations":[{"start":{"line":49,"column":2},"end":{"line":53,"column":3}},{"start":{},"end":{}}]},"5":{"loc":{"start":{"line":49,"column":6},"end":{"line":49,"column":58}},"type":"binary-expr","locations":[{"start":{"line":49,"column":6},"end":{"line":49,"column":25}},{"start":{"line":49,"column":29},"end":{"line":49,"column":58}}]}},"s":{"0":1,"1":1,"2":1,"3":13,"4":4,"5":9,"6":9,"7":9,"8":9,"9":0,"10":1,"11":2,"12":0,"13":2,"14":2,"15":2,"16":2,"17":1,"18":1,"19":1,"20":6,"21":0,"22":6,"23":6,"24":6,"25":5,"26":6,"27":1,"28":7,"29":7,"30":7,"31":0,"32":1},"f":{"0":1,"1":13,"2":2,"3":6,"4":7},"b":{"0":[4,9],"1":[13,13],"2":[0,2],"3":[2,2],"4":[0,6],"5":[6,6]}}
,"C:\\Users\\Dhoug\\helpDesk\\server\\src\\controllers\\ticketController.ts": {"path":"C:\\Users\\Dhoug\\helpDesk\\server\\src\\controllers\\ticketController.ts","statementMap":{"0":{"start":{"line":3,"column":0},"end":{"line":3,"column":57}},"1":{"start":{"line":11,"column":2},"end":{"line":11,"column":43}},"2":{"start":{"line":14,"column":16},"end":{"line":36,"column":2}},"3":{"start":{"line":15,"column":2},"end":{"line":22,"column":3}},"4":{"start":{"line":16,"column":3},"end":{"line":21,"column":7}},"5":{"start":{"line":24,"column":34},"end":{"line":24,"column":46}},"6":{"start":{"line":26,"column":2},"end":{"line":35,"column":3}},"7":{"start":{"line":27,"column":21},"end":{"line":30,"column":null}},"8":{"start":{"line":32,"column":3},"end":{"line":32,"column":51}},"9":{"start":{"line":34,"column":3},"end":{"line":34,"column":70}},"10":{"start":{"line":38,"column":21},"end":{"line":56,"column":2}},"11":{"start":{"line":39,"column":2},"end":{"line":46,"column":3}},"12":{"start":{"line":40,"column":3},"end":{"line":45,"column":7}},"13":{"start":{"line":48,"column":2},"end":{"line":55,"column":3}},"14":{"start":{"line":49,"column":19},"end":{"line":50,"column":null}},"15":{"start":{"line":52,"column":3},"end":{"line":52,"column":49}},"16":{"start":{"line":54,"column":3},"end":{"line":54,"column":70}},"17":{"start":{"line":58,"column":19},"end":{"line":73,"column":2}},"18":{"start":{"line":59,"column":2},"end":{"line":65,"column":3}},"19":{"start":{"line":60,"column":3},"end":{"line":64,"column":7}},"20":{"start":{"line":67,"column":2},"end":{"line":72,"column":3}},"21":{"start":{"line":68,"column":19},"end":{"line":68,"column":76}},"22":{"start":{"line":69,"column":3},"end":{"line":69,"column":49}},"23":{"start":{"line":71,"column":3},"end":{"line":71,"column":70}},"24":{"start":{"line":75,"column":18},"end":{"line":91,"column":2}},"25":{"start":{"line":76,"column":2},"end":{"line":83,"column":3}},"26":{"start":{"line":77,"column":3},"end":{"line":82,"column":7}},"27":{"start":{"line":85,"column":2},"end":{"line":90,"column":3}},"28":{"start":{"line":86,"column":19},"end":{"line":86,"column":60}},"29":{"start":{"line":87,"column":3},"end":{"line":87,"column":49}},"30":{"start":{"line":89,"column":3},"end":{"line":89,"column":70}},"31":{"start":{"line":93,"column":24},"end":{"line":118,"column":2}},"32":{"start":{"line":94,"column":2},"end":{"line":104,"column":3}},"33":{"start":{"line":98,"column":3},"end":{"line":103,"column":7}},"34":{"start":{"line":106,"column":2},"end":{"line":117,"column":3}},"35":{"start":{"line":107,"column":24},"end":{"line":107,"column":38}},"36":{"start":{"line":108,"column":27},"end":{"line":108,"column":39}},"37":{"start":{"line":109,"column":20},"end":{"line":112,"column":null}},"38":{"start":{"line":114,"column":3},"end":{"line":114,"column":50}},"39":{"start":{"line":116,"column":3},"end":{"line":116,"column":70}},"40":{"start":{"line":120,"column":22},"end":{"line":145,"column":2}},"41":{"start":{"line":121,"column":2},"end":{"line":131,"column":3}},"42":{"start":{"line":125,"column":3},"end":{"line":130,"column":7}},"43":{"start":{"line":133,"column":2},"end":{"line":144,"column":3}},"44":{"start":{"line":134,"column":24},"end":{"line":134,"column":38}},"45":{"start":{"line":135,"column":22},"end":{"line":135,"column":34}},"46":{"start":{"line":136,"column":18},"end":{"line":139,"column":null}},"47":{"start":{"line":141,"column":3},"end":{"line":141,"column":48}},"48":{"start":{"line":143,"column":3},"end":{"line":143,"column":70}},"49":{"start":{"line":7,"column":0},"end":{"line":7,"column":21}}},"fnMap":{"0":{"name":"(anonymous_1)","decl":{"start":{"line":10,"column":1},"end":{"line":10,"column":null}},"loc":{"start":{"line":10,"column":1},"end":{"line":12,"column":2}}},"1":{"name":"(anonymous_2)","decl":{"start":{"line":14,"column":16},"end":{"line":14,"column":21}},"loc":{"start":{"line":14,"column":63},"end":{"line":36,"column":2}}},"2":{"name":"(anonymous_3)","decl":{"start":{"line":38,"column":21},"end":{"line":38,"column":26}},"loc":{"start":{"line":38,"column":68},"end":{"line":56,"column":2}}},"3":{"name":"(anonymous_4)","decl":{"start":{"line":58,"column":19},"end":{"line":58,"column":24}},"loc":{"start":{"line":58,"column":66},"end":{"line":73,"column":2}}},"4":{"name":"(anonymous_5)","decl":{"start":{"line":75,"column":18},"end":{"line":75,"column":23}},"loc":{"start":{"line":75,"column":65},"end":{"line":91,"column":2}}},"5":{"name":"(anonymous_6)","decl":{"start":{"line":93,"column":24},"end":{"line":93,"column":29}},"loc":{"start":{"line":93,"column":71},"end":{"line":118,"column":2}}},"6":{"name":"(anonymous_7)","decl":{"start":{"line":120,"column":22},"end":{"line":120,"column":27}},"loc":{"start":{"line":120,"column":69},"end":{"line":145,"column":2}}}},"branchMap":{"0":{"loc":{"start":{"line":15,"column":2},"end":{"line":22,"column":3}},"type":"if","locations":[{"start":{"line":15,"column":2},"end":{"line":22,"column":3}},{"start":{},"end":{}}]},"1":{"loc":{"start":{"line":15,"column":6},"end":{"line":15,"column":59}},"type":"binary-expr","locations":[{"start":{"line":15,"column":6},"end":{"line":15,"column":25}},{"start":{"line":15,"column":29},"end":{"line":15,"column":59}}]},"2":{"loc":{"start":{"line":39,"column":2},"end":{"line":46,"column":3}},"type":"if","locations":[{"start":{"line":39,"column":2},"end":{"line":46,"column":3}},{"start":{},"end":{}}]},"3":{"loc":{"start":{"line":39,"column":6},"end":{"line":39,"column":59}},"type":"binary-expr","locations":[{"start":{"line":39,"column":6},"end":{"line":39,"column":25}},{"start":{"line":39,"column":29},"end":{"line":39,"column":59}}]},"4":{"loc":{"start":{"line":59,"column":2},"end":{"line":65,"column":3}},"type":"if","locations":[{"start":{"line":59,"column":2},"end":{"line":65,"column":3}},{"start":{},"end":{}}]},"5":{"loc":{"start":{"line":59,"column":6},"end":{"line":59,"column":57}},"type":"binary-expr","locations":[{"start":{"line":59,"column":6},"end":{"line":59,"column":25}},{"start":{"line":59,"column":29},"end":{"line":59,"column":57}}]},"6":{"loc":{"start":{"line":76,"column":2},"end":{"line":83,"column":3}},"type":"if","locations":[{"start":{"line":76,"column":2},"end":{"line":83,"column":3}},{"start":{},"end":{}}]},"7":{"loc":{"start":{"line":76,"column":6},"end":{"line":76,"column":58}},"type":"binary-expr","locations":[{"start":{"line":76,"column":6},"end":{"line":76,"column":25}},{"start":{"line":76,"column":29},"end":{"line":76,"column":58}}]},"8":{"loc":{"start":{"line":94,"column":2},"end":{"line":104,"column":3}},"type":"if","locations":[{"start":{"line":94,"column":2},"end":{"line":104,"column":3}},{"start":{},"end":{}}]},"9":{"loc":{"start":{"line":95,"column":3},"end":{"line":96,"column":66}},"type":"binary-expr","locations":[{"start":{"line":95,"column":3},"end":{"line":95,"column":22}},{"start":{"line":96,"column":4},"end":{"line":96,"column":32}},{"start":{"line":96,"column":36},"end":{"line":96,"column":65}}]},"10":{"loc":{"start":{"line":121,"column":2},"end":{"line":131,"column":3}},"type":"if","locations":[{"start":{"line":121,"column":2},"end":{"line":131,"column":3}},{"start":{},"end":{}}]},"11":{"loc":{"start":{"line":122,"column":3},"end":{"line":123,"column":66}},"type":"binary-expr","locations":[{"start":{"line":122,"column":3},"end":{"line":122,"column":22}},{"start":{"line":123,"column":4},"end":{"line":123,"column":32}},{"start":{"line":123,"column":36},"end":{"line":123,"column":65}}]}},"s":{"0":1,"1":1,"2":1,"3":0,"4":0,"5":0,"6":0,"7":0,"8":0,"9":0,"10":1,"11":4,"12":2,"13":2,"14":2,"15":2,"16":0,"17":1,"18":6,"19":2,"20":4,"21":4,"22":4,"23":0,"24":1,"25":5,"26":2,"27":3,"28":3,"29":3,"30":0,"31":1,"32":0,"33":0,"34":0,"35":0,"36":0,"37":0,"38":0,"39":0,"40":1,"41":0,"42":0,"43":0,"44":0,"45":0,"46":0,"47":0,"48":0,"49":1},"f":{"0":1,"1":0,"2":4,"3":6,"4":5,"5":0,"6":0},"b":{"0":[0,0],"1":[0,0],"2":[2,2],"3":[4,4],"4":[2,4],"5":[6,6],"6":[2,3],"7":[5,5],"8":[0,0],"9":[0,0,0],"10":[0,0],"11":[0,0,0]}}
,"C:\\Users\\Dhoug\\helpDesk\\server\\src\\controllers\\userController.ts": {"path":"C:\\Users\\Dhoug\\helpDesk\\server\\src\\controllers\\userController.ts","statementMap":{"0":{"start":{"line":3,"column":0},"end":{"line":3,"column":53}},"1":{"start":{"line":4,"column":0},"end":{"line":4,"column":53}},"2":{"start":{"line":11,"column":2},"end":{"line":11,"column":39}},"3":{"start":{"line":12,"column":2},"end":{"line":12,"column":39}},"4":{"start":{"line":15,"column":9},"end":{"line":24,"column":2}},"5":{"start":{"line":16,"column":30},"end":{"line":16,"column":42}},"6":{"start":{"line":18,"column":2},"end":{"line":23,"column":3}},"7":{"start":{"line":19,"column":17},"end":{"line":19,"column":69}},"8":{"start":{"line":20,"column":3},"end":{"line":20,"column":32}},"9":{"start":{"line":22,"column":3},"end":{"line":22,"column":70}},"10":{"start":{"line":26,"column":21},"end":{"line":48,"column":2}},"11":{"start":{"line":27,"column":2},"end":{"line":34,"column":3}},"12":{"start":{"line":28,"column":3},"end":{"line":33,"column":7}},"13":{"start":{"line":36,"column":36},"end":{"line":36,"column":48}},"14":{"start":{"line":38,"column":2},"end":{"line":47,"column":3}},"15":{"start":{"line":39,"column":19},"end":{"line":42,"column":null}},"16":{"start":{"line":44,"column":3},"end":{"line":44,"column":46}},"17":{"start":{"line":46,"column":3},"end":{"line":46,"column":70}},"18":{"start":{"line":50,"column":23},"end":{"line":62,"column":2}},"19":{"start":{"line":51,"column":36},"end":{"line":51,"column":48}},"20":{"start":{"line":52,"column":2},"end":{"line":61,"column":3}},"21":{"start":{"line":53,"column":21},"end":{"line":56,"column":null}},"22":{"start":{"line":58,"column":3},"end":{"line":58,"column":48}},"23":{"start":{"line":60,"column":3},"end":{"line":60,"column":70}},"24":{"start":{"line":64,"column":20},"end":{"line":80,"column":2}},"25":{"start":{"line":65,"column":2},"end":{"line":72,"column":3}},"26":{"start":{"line":66,"column":3},"end":{"line":71,"column":7}},"27":{"start":{"line":74,"column":2},"end":{"line":79,"column":3}},"28":{"start":{"line":75,"column":20},"end":{"line":75,"column":61}},"29":{"start":{"line":76,"column":3},"end":{"line":76,"column":47}},"30":{"start":{"line":78,"column":3},"end":{"line":78,"column":70}},"31":{"start":{"line":82,"column":22},"end":{"line":98,"column":2}},"32":{"start":{"line":83,"column":2},"end":{"line":90,"column":3}},"33":{"start":{"line":84,"column":3},"end":{"line":89,"column":7}},"34":{"start":{"line":92,"column":2},"end":{"line":97,"column":3}},"35":{"start":{"line":93,"column":22},"end":{"line":93,"column":65}},"36":{"start":{"line":94,"column":3},"end":{"line":94,"column":49}},"37":{"start":{"line":96,"column":3},"end":{"line":96,"column":70}},"38":{"start":{"line":100,"column":21},"end":{"line":126,"column":2}},"39":{"start":{"line":101,"column":2},"end":{"line":112,"column":3}},"40":{"start":{"line":106,"column":3},"end":{"line":111,"column":7}},"41":{"start":{"line":113,"column":2},"end":{"line":125,"column":3}},"42":{"start":{"line":114,"column":3},"end":{"line":121,"column":4}},"43":{"start":{"line":115,"column":29},"end":{"line":115,"column":67}},"44":{"start":{"line":116,"column":22},"end":{"line":118,"column":null}},"45":{"start":{"line":120,"column":4},"end":{"line":120,"column":49}},"46":{"start":{"line":122,"column":3},"end":{"line":122,"column":73}},"47":{"start":{"line":124,"column":3},"end":{"line":124,"column":70}},"48":{"start":{"line":128,"column":18},"end":{"line":137,"column":2}},"49":{"start":{"line":129,"column":2},"end":{"line":136,"column":3}},"50":{"start":{"line":130,"column":23},"end":{"line":131,"column":null}},"51":{"start":{"line":133,"column":3},"end":{"line":133,"column":50}},"52":{"start":{"line":135,"column":3},"end":{"line":135,"column":70}},"53":{"start":{"line":139,"column":21},"end":{"line":174,"column":2}},"54":{"start":{"line":141,"column":3},"end":{"line":142,"column":66}},"55":{"start":{"line":143,"column":2},"end":{"line":150,"column":3}},"56":{"start":{"line":144,"column":3},"end":{"line":149,"column":7}},"57":{"start":{"line":151,"column":2},"end":{"line":161,"column":3}},"58":{"start":{"line":156,"column":3},"end":{"line":160,"column":7}},"59":{"start":{"line":162,"column":2},"end":{"line":173,"column":3}},"60":{"start":{"line":163,"column":26},"end":{"line":163,"column":43}},"61":{"start":{"line":164,"column":46},"end":{"line":164,"column":58}},"62":{"start":{"line":165,"column":19},"end":{"line":169,"column":5}},"63":{"start":{"line":170,"column":3},"end":{"line":170,"column":46}},"64":{"start":{"line":172,"column":3},"end":{"line":172,"column":70}},"65":{"start":{"line":176,"column":22},"end":{"line":198,"column":2}},"66":{"start":{"line":178,"column":3},"end":{"line":178,"column":54}},"67":{"start":{"line":179,"column":2},"end":{"line":186,"column":3}},"68":{"start":{"line":180,"column":3},"end":{"line":185,"column":7}},"69":{"start":{"line":187,"column":2},"end":{"line":197,"column":3}},"70":{"start":{"line":188,"column":26},"end":{"line":188,"column":43}},"71":{"start":{"line":189,"column":46},"end":{"line":189,"column":58}},"72":{"start":{"line":190,"column":20},"end":{"line":192,"column":null}},"73":{"start":{"line":194,"column":3},"end":{"line":194,"column":47}},"74":{"start":{"line":196,"column":3},"end":{"line":196,"column":70}},"75":{"start":{"line":200,"column":23},"end":{"line":234,"column":2}},"76":{"start":{"line":202,"column":3},"end":{"line":203,"column":68}},"77":{"start":{"line":204,"column":2},"end":{"line":211,"column":3}},"78":{"start":{"line":205,"column":3},"end":{"line":210,"column":7}},"79":{"start":{"line":212,"column":2},"end":{"line":222,"column":3}},"80":{"start":{"line":217,"column":3},"end":{"line":221,"column":7}},"81":{"start":{"line":223,"column":2},"end":{"line":233,"column":3}},"82":{"start":{"line":224,"column":26},"end":{"line":224,"column":43}},"83":{"start":{"line":225,"column":46},"end":{"line":225,"column":58}},"84":{"start":{"line":226,"column":21},"end":{"line":228,"column":null}},"85":{"start":{"line":230,"column":3},"end":{"line":230,"column":48}},"86":{"start":{"line":232,"column":3},"end":{"line":232,"column":70}},"87":{"start":{"line":236,"column":28},"end":{"line":270,"column":2}},"88":{"start":{"line":238,"column":3},"end":{"line":239,"column":66}},"89":{"start":{"line":240,"column":2},"end":{"line":247,"column":3}},"90":{"start":{"line":241,"column":3},"end":{"line":246,"column":7}},"91":{"start":{"line":248,"column":2},"end":{"line":258,"column":3}},"92":{"start":{"line":253,"column":3},"end":{"line":257,"column":7}},"93":{"start":{"line":259,"column":2},"end":{"line":269,"column":3}},"94":{"start":{"line":260,"column":26},"end":{"line":260,"column":43}},"95":{"start":{"line":261,"column":33},"end":{"line":261,"column":45}},"96":{"start":{"line":262,"column":19},"end":{"line":264,"column":null}},"97":{"start":{"line":266,"column":3},"end":{"line":266,"column":46}},"98":{"start":{"line":268,"column":3},"end":{"line":268,"column":70}},"99":{"start":{"line":272,"column":23},"end":{"line":301,"column":2}},"100":{"start":{"line":274,"column":3},"end":{"line":275,"column":68}},"101":{"start":{"line":276,"column":2},"end":{"line":283,"column":3}},"102":{"start":{"line":277,"column":3},"end":{"line":282,"column":7}},"103":{"start":{"line":284,"column":2},"end":{"line":294,"column":3}},"104":{"start":{"line":289,"column":3},"end":{"line":293,"column":7}},"105":{"start":{"line":295,"column":2},"end":{"line":300,"column":3}},"106":{"start":{"line":296,"column":3},"end":{"line":296,"column":66}},"107":{"start":{"line":297,"column":3},"end":{"line":297,"column":35}},"108":{"start":{"line":299,"column":3},"end":{"line":299,"column":70}},"109":{"start":{"line":6,"column":0},"end":{"line":6,"column":21}}},"fnMap":{"0":{"name":"(anonymous_1)","decl":{"start":{"line":10,"column":1},"end":{"line":10,"column":null}},"loc":{"start":{"line":10,"column":1},"end":{"line":13,"column":2}}},"1":{"name":"(anonymous_2)","decl":{"start":{"line":15,"column":9},"end":{"line":15,"column":14}},"loc":{"start":{"line":15,"column":53},"end":{"line":24,"column":2}}},"2":{"name":"(anonymous_3)","decl":{"start":{"line":26,"column":21},"end":{"line":26,"column":26}},"loc":{"start":{"line":26,"column":68},"end":{"line":48,"column":2}}},"3":{"name":"(anonymous_4)","decl":{"start":{"line":50,"column":23},"end":{"line":50,"column":28}},"loc":{"start":{"line":50,"column":70},"end":{"line":62,"column":2}}},"4":{"name":"(anonymous_5)","decl":{"start":{"line":64,"column":20},"end":{"line":64,"column":25}},"loc":{"start":{"line":64,"column":67},"end":{"line":80,"column":2}}},"5":{"name":"(anonymous_6)","decl":{"start":{"line":82,"column":22},"end":{"line":82,"column":27}},"loc":{"start":{"line":82,"column":69},"end":{"line":98,"column":2}}},"6":{"name":"(anonymous_7)","decl":{"start":{"line":100,"column":21},"end":{"line":100,"column":26}},"loc":{"start":{"line":100,"column":68},"end":{"line":126,"column":2}}},"7":{"name":"(anonymous_8)","decl":{"start":{"line":128,"column":18},"end":{"line":128,"column":23}},"loc":{"start":{"line":128,"column":65},"end":{"line":137,"column":2}}},"8":{"name":"(anonymous_9)","decl":{"start":{"line":139,"column":21},"end":{"line":139,"column":26}},"loc":{"start":{"line":139,"column":68},"end":{"line":174,"column":2}}},"9":{"name":"(anonymous_10)","decl":{"start":{"line":176,"column":22},"end":{"line":176,"column":27}},"loc":{"start":{"line":176,"column":69},"end":{"line":198,"column":2}}},"10":{"name":"(anonymous_11)","decl":{"start":{"line":200,"column":23},"end":{"line":200,"column":28}},"loc":{"start":{"line":200,"column":70},"end":{"line":234,"column":2}}},"11":{"name":"(anonymous_12)","decl":{"start":{"line":236,"column":28},"end":{"line":236,"column":33}},"loc":{"start":{"line":236,"column":75},"end":{"line":270,"column":2}}},"12":{"name":"(anonymous_13)","decl":{"start":{"line":272,"column":23},"end":{"line":272,"column":28}},"loc":{"start":{"line":272,"column":70},"end":{"line":301,"column":2}}}},"branchMap":{"0":{"loc":{"start":{"line":27,"column":2},"end":{"line":34,"column":3}},"type":"if","locations":[{"start":{"line":27,"column":2},"end":{"line":34,"column":3}},{"start":{},"end":{}}]},"1":{"loc":{"start":{"line":27,"column":6},"end":{"line":27,"column":58}},"type":"binary-expr","locations":[{"start":{"line":27,"column":6},"end":{"line":27,"column":25}},{"start":{"line":27,"column":29},"end":{"line":27,"column":58}}]},"2":{"loc":{"start":{"line":65,"column":2},"end":{"line":72,"column":3}},"type":"if","locations":[{"start":{"line":65,"column":2},"end":{"line":72,"column":3}},{"start":{},"end":{}}]},"3":{"loc":{"start":{"line":65,"column":6},"end":{"line":65,"column":58}},"type":"binary-expr","locations":[{"start":{"line":65,"column":6},"end":{"line":65,"column":25}},{"start":{"line":65,"column":29},"end":{"line":65,"column":58}}]},"4":{"loc":{"start":{"line":83,"column":2},"end":{"line":90,"column":3}},"type":"if","locations":[{"start":{"line":83,"column":2},"end":{"line":90,"column":3}},{"start":{},"end":{}}]},"5":{"loc":{"start":{"line":83,"column":6},"end":{"line":83,"column":58}},"type":"binary-expr","locations":[{"start":{"line":83,"column":6},"end":{"line":83,"column":25}},{"start":{"line":83,"column":29},"end":{"line":83,"column":58}}]},"6":{"loc":{"start":{"line":101,"column":2},"end":{"line":112,"column":3}},"type":"if","locations":[{"start":{"line":101,"column":2},"end":{"line":112,"column":3}},{"start":{},"end":{}}]},"7":{"loc":{"start":{"line":102,"column":3},"end":{"line":104,"column":32}},"type":"binary-expr","locations":[{"start":{"line":102,"column":3},"end":{"line":102,"column":19}},{"start":{"line":103,"column":3},"end":{"line":103,"column":40}},{"start":{"line":104,"column":3},"end":{"line":104,"column":32}}]},"8":{"loc":{"start":{"line":114,"column":3},"end":{"line":121,"column":4}},"type":"if","locations":[{"start":{"line":114,"column":3},"end":{"line":121,"column":4}},{"start":{},"end":{}}]},"9":{"loc":{"start":{"line":141,"column":3},"end":{"line":142,"column":66}},"type":"binary-expr","locations":[{"start":{"line":141,"column":3},"end":{"line":141,"column":21}},{"start":{"line":142,"column":4},"end":{"line":142,"column":32}},{"start":{"line":142,"column":36},"end":{"line":142,"column":65}}]},"10":{"loc":{"start":{"line":143,"column":2},"end":{"line":150,"column":3}},"type":"if","locations":[{"start":{"line":143,"column":2},"end":{"line":150,"column":3}},{"start":{},"end":{}}]},"11":{"loc":{"start":{"line":151,"column":2},"end":{"line":161,"column":3}},"type":"if","locations":[{"start":{"line":151,"column":2},"end":{"line":161,"column":3}},{"start":{},"end":{}}]},"12":{"loc":{"start":{"line":152,"column":3},"end":{"line":154,"column":32}},"type":"binary-expr","locations":[{"start":{"line":152,"column":3},"end":{"line":152,"column":19}},{"start":{"line":153,"column":3},"end":{"line":153,"column":40}},{"start":{"line":154,"column":3},"end":{"line":154,"column":32}}]},"13":{"loc":{"start":{"line":178,"column":3},"end":{"line":178,"column":54}},"type":"binary-expr","locations":[{"start":{"line":178,"column":3},"end":{"line":178,"column":21}},{"start":{"line":178,"column":25},"end":{"line":178,"column":54}}]},"14":{"loc":{"start":{"line":179,"column":2},"end":{"line":186,"column":3}},"type":"if","locations":[{"start":{"line":179,"column":2},"end":{"line":186,"column":3}},{"start":{},"end":{}}]},"15":{"loc":{"start":{"line":202,"column":3},"end":{"line":203,"column":68}},"type":"binary-expr","locations":[{"start":{"line":202,"column":3},"end":{"line":202,"column":21}},{"start":{"line":203,"column":4},"end":{"line":203,"column":34}},{"start":{"line":203,"column":38},"end":{"line":203,"column":67}}]},"16":{"loc":{"start":{"line":204,"column":2},"end":{"line":211,"column":3}},"type":"if","locations":[{"start":{"line":204,"column":2},"end":{"line":211,"column":3}},{"start":{},"end":{}}]},"17":{"loc":{"start":{"line":212,"column":2},"end":{"line":222,"column":3}},"type":"if","locations":[{"start":{"line":212,"column":2},"end":{"line":222,"column":3}},{"start":{},"end":{}}]},"18":{"loc":{"start":{"line":213,"column":3},"end":{"line":215,"column":32}},"type":"binary-expr","locations":[{"start":{"line":213,"column":3},"end":{"line":213,"column":19}},{"start":{"line":214,"column":3},"end":{"line":214,"column":40}},{"start":{"line":215,"column":3},"end":{"line":215,"column":32}}]},"19":{"loc":{"start":{"line":238,"column":3},"end":{"line":239,"column":66}},"type":"binary-expr","locations":[{"start":{"line":238,"column":3},"end":{"line":238,"column":21}},{"start":{"line":239,"column":4},"end":{"line":239,"column":32}},{"start":{"line":239,"column":36},"end":{"line":239,"column":65}}]},"20":{"loc":{"start":{"line":240,"column":2},"end":{"line":247,"column":3}},"type":"if","locations":[{"start":{"line":240,"column":2},"end":{"line":247,"column":3}},{"start":{},"end":{}}]},"21":{"loc":{"start":{"line":248,"column":2},"end":{"line":258,"column":3}},"type":"if","locations":[{"start":{"line":248,"column":2},"end":{"line":258,"column":3}},{"start":{},"end":{}}]},"22":{"loc":{"start":{"line":249,"column":3},"end":{"line":251,"column":32}},"type":"binary-expr","locations":[{"start":{"line":249,"column":3},"end":{"line":249,"column":19}},{"start":{"line":250,"column":3},"end":{"line":250,"column":40}},{"start":{"line":251,"column":3},"end":{"line":251,"column":32}}]},"23":{"loc":{"start":{"line":274,"column":3},"end":{"line":275,"column":68}},"type":"binary-expr","locations":[{"start":{"line":274,"column":3},"end":{"line":274,"column":21}},{"start":{"line":275,"column":4},"end":{"line":275,"column":33}},{"start":{"line":275,"column":37},"end":{"line":275,"column":67}}]},"24":{"loc":{"start":{"line":276,"column":2},"end":{"line":283,"column":3}},"type":"if","locations":[{"start":{"line":276,"column":2},"end":{"line":283,"column":3}},{"start":{},"end":{}}]},"25":{"loc":{"start":{"line":284,"column":2},"end":{"line":294,"column":3}},"type":"if","locations":[{"start":{"line":284,"column":2},"end":{"line":294,"column":3}},{"start":{},"end":{}}]},"26":{"loc":{"start":{"line":285,"column":3},"end":{"line":287,"column":32}},"type":"binary-expr","locations":[{"start":{"line":285,"column":3},"end":{"line":285,"column":19}},{"start":{"line":286,"column":3},"end":{"line":286,"column":40}},{"start":{"line":287,"column":3},"end":{"line":287,"column":32}}]}},"s":{"0":1,"1":1,"2":1,"3":1,"4":1,"5":4,"6":4,"7":4,"8":1,"9":3,"10":1,"11":6,"12":3,"13":3,"14":3,"15":3,"16":2,"17":1,"18":1,"19":4,"20":4,"21":4,"22":3,"23":1,"24":1,"25":2,"26":1,"27":1,"28":1,"29":1,"30":0,"31":1,"32":2,"33":1,"34":1,"35":1,"36":1,"37":0,"38":1,"39":4,"40":3,"41":1,"42":1,"43":1,"44":1,"45":0,"46":0,"47":1,"48":1,"49":1,"50":1,"51":0,"52":1,"53":1,"54":0,"55":0,"56":0,"57":0,"58":0,"59":0,"60":0,"61":0,"62":0,"63":0,"64":0,"65":1,"66":2,"67":2,"68":1,"69":1,"70":1,"71":1,"72":1,"73":1,"74":0,"75":1,"76":2,"77":2,"78":0,"79":2,"80":0,"81":2,"82":2,"83":2,"84":2,"85":2,"86":0,"87":1,"88":0,"89":0,"90":0,"91":0,"92":0,"93":0,"94":0,"95":0,"96":0,"97":0,"98":0,"99":1,"100":3,"101":3,"102":1,"103":2,"104":0,"105":2,"106":2,"107":2,"108":0,"109":1},"f":{"0":1,"1":4,"2":6,"3":4,"4":2,"5":2,"6":4,"7":1,"8":0,"9":2,"10":2,"11":0,"12":3},"b":{"0":[3,3],"1":[6,6],"2":[1,1],"3":[2,2],"4":[1,1],"5":[2,2],"6":[3,1],"7":[4,4,4],"8":[1,0],"9":[0,0,0],"10":[0,0],"11":[0,0],"12":[0,0,0],"13":[2,2],"14":[1,1],"15":[2,2,1],"16":[0,2],"17":[0,2],"18":[2,2,1],"19":[0,0,0],"20":[0,0],"21":[0,0],"22":[0,0,0],"23":[3,3,2],"24":[1,2],"25":[0,2],"26":[2,2,1]}}
,"C:\\Users\\Dhoug\\helpDesk\\server\\src\\db\\connection.ts": {"path":"C:\\Users\\Dhoug\\helpDesk\\server\\src\\db\\connection.ts","statementMap":{"0":{"start":{"line":1,"column":0},"end":{"line":1,"column":49}},"1":{"start":{"line":2,"column":0},"end":{"line":2,"column":31}},"2":{"start":{"line":3,"column":0},"end":{"line":3,"column":31}},"3":{"start":{"line":4,"column":0},"end":{"line":4,"column":42}},"4":{"start":{"line":6,"column":13},"end":{"line":6,"column":null}},"5":{"start":{"line":7,"column":13},"end":{"line":10,"column":null}}},"fnMap":{},"branchMap":{},"s":{"0":3,"1":3,"2":3,"3":3,"4":3,"5":3},"f":{},"b":{}}
,"C:\\Users\\Dhoug\\helpDesk\\server\\src\\db\\schema\\index.ts": {"path":"C:\\Users\\Dhoug\\helpDesk\\server\\src\\db\\schema\\index.ts","statementMap":{"0":{"start":{"line":1,"column":0},"end":{"line":1,"column":40}},"1":{"start":{"line":2,"column":0},"end":{"line":2,"column":67}},"2":{"start":{"line":3,"column":0},"end":{"line":3,"column":38}},"3":{"start":{"line":4,"column":0},"end":{"line":4,"column":53}},"4":{"start":{"line":5,"column":0},"end":{"line":5,"column":34}},"5":{"start":{"line":7,"column":13},"end":{"line":13,"column":null}}},"fnMap":{},"branchMap":{},"s":{"0":3,"1":3,"2":3,"3":3,"4":3,"5":3},"f":{},"b":{}}
,"C:\\Users\\Dhoug\\helpDesk\\server\\src\\db\\schema\\services.ts": {"path":"C:\\Users\\Dhoug\\helpDesk\\server\\src\\db\\schema\\services.ts","statementMap":{"0":{"start":{"line":1,"column":0},"end":{"line":1,"column":78}},"1":{"start":{"line":3,"column":13},"end":{"line":8,"column":null}}},"fnMap":{},"branchMap":{},"s":{"0":3,"1":3},"f":{},"b":{}}
,"C:\\Users\\Dhoug\\helpDesk\\server\\src\\db\\schema\\techAvailabilities.ts": {"path":"C:\\Users\\Dhoug\\helpDesk\\server\\src\\db\\schema\\techAvailabilities.ts","statementMap":{"0":{"start":{"line":1,"column":0},"end":{"line":1,"column":60}},"1":{"start":{"line":2,"column":0},"end":{"line":2,"column":34}},"2":{"start":{"line":3,"column":0},"end":{"line":3,"column":39}},"3":{"start":{"line":5,"column":13},"end":{"line":11,"column":null}},"4":{"start":{"line":8,"column":20},"end":{"line":8,"column":28}},"5":{"start":{"line":13,"column":13},"end":{"line":21,"column":null}},"6":{"start":{"line":15,"column":15},"end":{"line":20,"column":3}}},"fnMap":{"0":{"name":"(anonymous_0)","decl":{"start":{"line":8,"column":14},"end":{"line":8,"column":17}},"loc":{"start":{"line":8,"column":20},"end":{"line":8,"column":28}}},"1":{"name":"(anonymous_1)","decl":{"start":{"line":15,"column":1},"end":{"line":15,"column":2}},"loc":{"start":{"line":15,"column":15},"end":{"line":20,"column":3}}}},"branchMap":{},"s":{"0":3,"1":3,"2":3,"3":3,"4":0,"5":3,"6":0},"f":{"0":0,"1":0},"b":{}}
,"C:\\Users\\Dhoug\\helpDesk\\server\\src\\db\\schema\\tickets.ts": {"path":"C:\\Users\\Dhoug\\helpDesk\\server\\src\\db\\schema\\tickets.ts","statementMap":{"0":{"start":{"line":1,"column":0},"end":{"line":1,"column":70}},"1":{"start":{"line":2,"column":0},"end":{"line":2,"column":34}},"2":{"start":{"line":4,"column":13},"end":{"line":4,"column":null}},"3":{"start":{"line":6,"column":13},"end":{"line":17,"column":null}},"4":{"start":{"line":9,"column":20},"end":{"line":9,"column":28}},"5":{"start":{"line":12,"column":20},"end":{"line":12,"column":28}}},"fnMap":{"0":{"name":"(anonymous_0)","decl":{"start":{"line":9,"column":14},"end":{"line":9,"column":17}},"loc":{"start":{"line":9,"column":20},"end":{"line":9,"column":28}}},"1":{"name":"(anonymous_1)","decl":{"start":{"line":12,"column":14},"end":{"line":12,"column":17}},"loc":{"start":{"line":12,"column":20},"end":{"line":12,"column":28}}}},"branchMap":{},"s":{"0":3,"1":3,"2":3,"3":3,"4":0,"5":0},"f":{"0":0,"1":0},"b":{}}
,"C:\\Users\\Dhoug\\helpDesk\\server\\src\\db\\schema\\ticketsServices.ts": {"path":"C:\\Users\\Dhoug\\helpDesk\\server\\src\\db\\schema\\ticketsServices.ts","statementMap":{"0":{"start":{"line":1,"column":0},"end":{"line":1,"column":63}},"1":{"start":{"line":2,"column":0},"end":{"line":2,"column":38}},"2":{"start":{"line":3,"column":0},"end":{"line":3,"column":40}},"3":{"start":{"line":5,"column":13},"end":{"line":16,"column":null}},"4":{"start":{"line":9,"column":21},"end":{"line":9,"column":31}},"5":{"start":{"line":12,"column":21},"end":{"line":12,"column":32}},"6":{"start":{"line":15,"column":8},"end":{"line":15,"column":60}}},"fnMap":{"0":{"name":"(anonymous_0)","decl":{"start":{"line":9,"column":15},"end":{"line":9,"column":18}},"loc":{"start":{"line":9,"column":21},"end":{"line":9,"column":31}}},"1":{"name":"(anonymous_1)","decl":{"start":{"line":12,"column":15},"end":{"line":12,"column":18}},"loc":{"start":{"line":12,"column":21},"end":{"line":12,"column":32}}},"2":{"name":"(anonymous_2)","decl":{"start":{"line":15,"column":1},"end":{"line":15,"column":2}},"loc":{"start":{"line":15,"column":8},"end":{"line":15,"column":60}}}},"branchMap":{},"s":{"0":3,"1":3,"2":3,"3":3,"4":0,"5":0,"6":3},"f":{"0":0,"1":0,"2":3},"b":{}}
,"C:\\Users\\Dhoug\\helpDesk\\server\\src\\db\\schema\\users.ts": {"path":"C:\\Users\\Dhoug\\helpDesk\\server\\src\\db\\schema\\users.ts","statementMap":{"0":{"start":{"line":1,"column":0},"end":{"line":1,"column":68}},"1":{"start":{"line":2,"column":0},"end":{"line":2,"column":67}},"2":{"start":{"line":3,"column":0},"end":{"line":3,"column":39}},"3":{"start":{"line":5,"column":13},"end":{"line":5,"column":null}},"4":{"start":{"line":7,"column":13},"end":{"line":14,"column":null}},"5":{"start":{"line":16,"column":13},"end":{"line":18,"column":null}},"6":{"start":{"line":16,"column":61},"end":{"line":18,"column":2}}},"fnMap":{"0":{"name":"(anonymous_0)","decl":{"start":{"line":16,"column":46},"end":{"line":16,"column":47}},"loc":{"start":{"line":16,"column":61},"end":{"line":18,"column":2}}}},"branchMap":{},"s":{"0":3,"1":3,"2":3,"3":3,"4":3,"5":3,"6":0},"f":{"0":0},"b":{}}
,"C:\\Users\\Dhoug\\helpDesk\\server\\src\\middlewares\\authMiddleware.ts": {"path":"C:\\Users\\Dhoug\\helpDesk\\server\\src\\middlewares\\authMiddleware.ts","statementMap":{"0":{"start":{"line":6,"column":0},"end":{"line":6,"column":16}},"1":{"start":{"line":1,"column":0},"end":{"line":1,"column":32}},"2":{"start":{"line":3,"column":0},"end":{"line":3,"column":31}},"3":{"start":{"line":11,"column":20},"end":{"line":11,"column":34}},"4":{"start":{"line":12,"column":20},"end":{"line":12,"column":49}},"5":{"start":{"line":14,"column":1},"end":{"line":16,"column":2}},"6":{"start":{"line":15,"column":2},"end":{"line":15,"column":66}},"7":{"start":{"line":18,"column":19},"end":{"line":18,"column":40}},"8":{"start":{"line":20,"column":1},"end":{"line":22,"column":2}},"9":{"start":{"line":21,"column":2},"end":{"line":21,"column":63}},"10":{"start":{"line":23,"column":1},"end":{"line":29,"column":2}},"11":{"start":{"line":24,"column":18},"end":{"line":24,"column":62}},"12":{"start":{"line":25,"column":2},"end":{"line":25,"column":25}},"13":{"start":{"line":26,"column":2},"end":{"line":26,"column":16}},"14":{"start":{"line":28,"column":2},"end":{"line":28,"column":73}}},"fnMap":{"0":{"name":"authMiddleware","decl":{"start":{"line":6,"column":16},"end":{"line":6,"column":30}},"loc":{"start":{"line":9,"column":19},"end":{"line":30,"column":1}}}},"branchMap":{"0":{"loc":{"start":{"line":14,"column":1},"end":{"line":16,"column":2}},"type":"if","locations":[{"start":{"line":14,"column":1},"end":{"line":16,"column":2}},{"start":{},"end":{}}]},"1":{"loc":{"start":{"line":20,"column":1},"end":{"line":22,"column":2}},"type":"if","locations":[{"start":{"line":20,"column":1},"end":{"line":22,"column":2}},{"start":{},"end":{}}]}},"s":{"0":3,"1":3,"2":3,"3":181,"4":181,"5":181,"6":30,"7":151,"8":151,"9":0,"10":151,"11":151,"12":151,"13":151,"14":0},"f":{"0":181},"b":{"0":[30,151],"1":[0,151]}}
,"C:\\Users\\Dhoug\\helpDesk\\server\\src\\middlewares\\validateDataMiddleware.ts": {"path":"C:\\Users\\Dhoug\\helpDesk\\server\\src\\middlewares\\validateDataMiddleware.ts","statementMap":{"0":{"start":{"line":5,"column":0},"end":{"line":5,"column":16}},"1":{"start":{"line":14,"column":1},"end":{"line":50,"column":3}},"2":{"start":{"line":15,"column":2},"end":{"line":26,"column":3}},"3":{"start":{"line":16,"column":22},"end":{"line":16,"column":52}},"4":{"start":{"line":18,"column":3},"end":{"line":23,"column":4}},"5":{"start":{"line":19,"column":4},"end":{"line":22,"column":7}},"6":{"start":{"line":21,"column":52},"end":{"line":21,"column":65}},"7":{"start":{"line":25,"column":3},"end":{"line":25,"column":30}},"8":{"start":{"line":28,"column":2},"end":{"line":37,"column":3}},"9":{"start":{"line":29,"column":24},"end":{"line":29,"column":58}},"10":{"start":{"line":30,"column":3},"end":{"line":35,"column":4}},"11":{"start":{"line":31,"column":4},"end":{"line":34,"column":7}},"12":{"start":{"line":33,"column":54},"end":{"line":33,"column":67}},"13":{"start":{"line":36,"column":3},"end":{"line":36,"column":34}},"14":{"start":{"line":39,"column":2},"end":{"line":48,"column":3}},"15":{"start":{"line":40,"column":23},"end":{"line":40,"column":55}},"16":{"start":{"line":41,"column":3},"end":{"line":46,"column":4}},"17":{"start":{"line":42,"column":4},"end":{"line":45,"column":7}},"18":{"start":{"line":44,"column":53},"end":{"line":44,"column":66}},"19":{"start":{"line":47,"column":3},"end":{"line":47,"column":32}},"20":{"start":{"line":49,"column":2},"end":{"line":49,"column":9}}},"fnMap":{"0":{"name":"validateZodSchema","decl":{"start":{"line":5,"column":16},"end":{"line":5,"column":33}},"loc":{"start":{"line":12,"column":26},"end":{"line":51,"column":1}}},"1":{"name":"(anonymous_1)","decl":{"start":{"line":14,"column":8},"end":{"line":14,"column":9}},"loc":{"start":{"line":14,"column":63},"end":{"line":50,"column":2}}},"2":{"name":"(anonymous_2)","decl":{"start":{"line":21,"column":41},"end":{"line":21,"column":42}},"loc":{"start":{"line":21,"column":52},"end":{"line":21,"column":65}}},"3":{"name":"(anonymous_3)","decl":{"start":{"line":33,"column":43},"end":{"line":33,"column":44}},"loc":{"start":{"line":33,"column":54},"end":{"line":33,"column":67}}},"4":{"name":"(anonymous_4)","decl":{"start":{"line":44,"column":42},"end":{"line":44,"column":43}},"loc":{"start":{"line":44,"column":53},"end":{"line":44,"column":66}}}},"branchMap":{"0":{"loc":{"start":{"line":15,"column":2},"end":{"line":26,"column":3}},"type":"if","locations":[{"start":{"line":15,"column":2},"end":{"line":26,"column":3}},{"start":{},"end":{}}]},"1":{"loc":{"start":{"line":18,"column":3},"end":{"line":23,"column":4}},"type":"if","locations":[{"start":{"line":18,"column":3},"end":{"line":23,"column":4}},{"start":{},"end":{}}]},"2":{"loc":{"start":{"line":28,"column":2},"end":{"line":37,"column":3}},"type":"if","locations":[{"start":{"line":28,"column":2},"end":{"line":37,"column":3}},{"start":{},"end":{}}]},"3":{"loc":{"start":{"line":30,"column":3},"end":{"line":35,"column":4}},"type":"if","locations":[{"start":{"line":30,"column":3},"end":{"line":35,"column":4}},{"start":{},"end":{}}]},"4":{"loc":{"start":{"line":39,"column":2},"end":{"line":48,"column":3}},"type":"if","locations":[{"start":{"line":39,"column":2},"end":{"line":48,"column":3}},{"start":{},"end":{}}]},"5":{"loc":{"start":{"line":41,"column":3},"end":{"line":46,"column":4}},"type":"if","locations":[{"start":{"line":41,"column":3},"end":{"line":46,"column":4}},{"start":{},"end":{}}]}},"s":{"0":3,"1":13,"2":126,"3":126,"4":126,"5":50,"6":78,"7":76,"8":76,"9":53,"10":53,"11":38,"12":38,"13":15,"14":38,"15":0,"16":0,"17":0,"18":0,"19":0,"20":38},"f":{"0":13,"1":126,"2":78,"3":38,"4":0},"b":{"0":[126,0],"1":[50,76],"2":[53,23],"3":[38,15],"4":[0,38],"5":[0,0]}}
,"C:\\Users\\Dhoug\\helpDesk\\server\\src\\routes\\serviceRoutes.ts": {"path":"C:\\Users\\Dhoug\\helpDesk\\server\\src\\routes\\serviceRoutes.ts","statementMap":{"0":{"start":{"line":1,"column":0},"end":{"line":1,"column":33}},"1":{"start":{"line":2,"column":0},"end":{"line":2,"column":66}},"2":{"start":{"line":3,"column":0},"end":{"line":3,"column":77}},"3":{"start":{"line":4,"column":0},"end":{"line":4,"column":24}},"4":{"start":{"line":5,"column":0},"end":{"line":5,"column":68}},"5":{"start":{"line":7,"column":15},"end":{"line":7,"column":23}},"6":{"start":{"line":48,"column":19},"end":{"line":48,"column":32}},"7":{"start":{"line":8,"column":26},"end":{"line":8,"column":49}},"8":{"start":{"line":10,"column":0},"end":{"line":20,"column":2}},"9":{"start":{"line":21,"column":0},"end":{"line":21,"column":68}},"10":{"start":{"line":22,"column":0},"end":{"line":35,"column":2}},"11":{"start":{"line":36,"column":0},"end":{"line":46,"column":2}}},"fnMap":{},"branchMap":{},"s":{"0":1,"1":1,"2":1,"3":1,"4":1,"5":1,"6":1,"7":1,"8":1,"9":1,"10":1,"11":1},"f":{},"b":{}}
,"C:\\Users\\Dhoug\\helpDesk\\server\\src\\routes\\ticketRoutes.ts": {"path":"C:\\Users\\Dhoug\\helpDesk\\server\\src\\routes\\ticketRoutes.ts","statementMap":{"0":{"start":{"line":1,"column":0},"end":{"line":1,"column":33}},"1":{"start":{"line":2,"column":0},"end":{"line":2,"column":66}},"2":{"start":{"line":3,"column":0},"end":{"line":3,"column":77}},"3":{"start":{"line":4,"column":0},"end":{"line":4,"column":24}},"4":{"start":{"line":5,"column":0},"end":{"line":5,"column":66}},"5":{"start":{"line":7,"column":15},"end":{"line":7,"column":23}},"6":{"start":{"line":55,"column":19},"end":{"line":55,"column":31}},"7":{"start":{"line":8,"column":25},"end":{"line":8,"column":47}},"8":{"start":{"line":10,"column":0},"end":{"line":20,"column":2}},"9":{"start":{"line":21,"column":0},"end":{"line":25,"column":2}},"10":{"start":{"line":26,"column":0},"end":{"line":26,"column":70}},"11":{"start":{"line":27,"column":0},"end":{"line":27,"column":69}},"12":{"start":{"line":28,"column":0},"end":{"line":40,"column":2}},"13":{"start":{"line":41,"column":0},"end":{"line":53,"column":2}}},"fnMap":{},"branchMap":{},"s":{"0":1,"1":1,"2":1,"3":1,"4":1,"5":1,"6":1,"7":1,"8":1,"9":1,"10":1,"11":1,"12":1,"13":1},"f":{},"b":{}}
,"C:\\Users\\Dhoug\\helpDesk\\server\\src\\routes\\userRoutes.ts": {"path":"C:\\Users\\Dhoug\\helpDesk\\server\\src\\routes\\userRoutes.ts","statementMap":{"0":{"start":{"line":1,"column":0},"end":{"line":1,"column":33}},"1":{"start":{"line":2,"column":0},"end":{"line":2,"column":62}},"2":{"start":{"line":3,"column":0},"end":{"line":3,"column":66}},"3":{"start":{"line":4,"column":0},"end":{"line":4,"column":77}},"4":{"start":{"line":5,"column":0},"end":{"line":5,"column":24}},"5":{"start":{"line":6,"column":0},"end":{"line":6,"column":28}},"6":{"start":{"line":8,"column":15},"end":{"line":8,"column":23}},"7":{"start":{"line":129,"column":19},"end":{"line":129,"column":29}},"8":{"start":{"line":9,"column":23},"end":{"line":9,"column":43}},"9":{"start":{"line":10,"column":15},"end":{"line":10,"column":58}},"10":{"start":{"line":13,"column":0},"end":{"line":13,"column":44}},"11":{"start":{"line":16,"column":0},"end":{"line":27,"column":2}},"12":{"start":{"line":28,"column":0},"end":{"line":28,"column":73}},"13":{"start":{"line":29,"column":0},"end":{"line":43,"column":2}},"14":{"start":{"line":44,"column":0},"end":{"line":62,"column":2}},"15":{"start":{"line":64,"column":0},"end":{"line":78,"column":2}},"16":{"start":{"line":81,"column":0},"end":{"line":91,"column":2}},"17":{"start":{"line":92,"column":0},"end":{"line":106,"column":2}},"18":{"start":{"line":107,"column":0},"end":{"line":107,"column":77}},"19":{"start":{"line":108,"column":0},"end":{"line":118,"column":2}},"20":{"start":{"line":121,"column":0},"end":{"line":126,"column":2}},"21":{"start":{"line":127,"column":0},"end":{"line":127,"column":58}}},"fnMap":{},"branchMap":{},"s":{"0":1,"1":1,"2":1,"3":1,"4":1,"5":1,"6":1,"7":1,"8":1,"9":1,"10":1,"11":1,"12":1,"13":1,"14":1,"15":1,"16":1,"17":1,"18":1,"19":1,"20":1,"21":1},"f":{},"b":{}}
,"C:\\Users\\Dhoug\\helpDesk\\server\\src\\services\\authService.ts": {"path":"C:\\Users\\Dhoug\\helpDesk\\server\\src\\services\\authService.ts","statementMap":{"0":{"start":{"line":1,"column":0},"end":{"line":1,"column":28}},"1":{"start":{"line":2,"column":0},"end":{"line":2,"column":31}},"2":{"start":{"line":3,"column":0},"end":{"line":3,"column":32}},"3":{"start":{"line":4,"column":0},"end":{"line":4,"column":41}},"4":{"start":{"line":5,"column":0},"end":{"line":5,"column":47}},"5":{"start":{"line":6,"column":0},"end":{"line":6,"column":33}},"6":{"start":{"line":10,"column":16},"end":{"line":31,"column":2}},"7":{"start":{"line":11,"column":15},"end":{"line":13,"column":4}},"8":{"start":{"line":14,"column":2},"end":{"line":16,"column":3}},"9":{"start":{"line":15,"column":3},"end":{"line":15,"column":44}},"10":{"start":{"line":18,"column":13},"end":{"line":18,"column":62}},"11":{"start":{"line":19,"column":2},"end":{"line":21,"column":3}},"12":{"start":{"line":20,"column":3},"end":{"line":20,"column":44}},"13":{"start":{"line":24,"column":2},"end":{"line":30,"column":4}},"14":{"start":{"line":8,"column":0},"end":{"line":8,"column":21}}},"fnMap":{"0":{"name":"(anonymous_1)","decl":{"start":{"line":10,"column":16},"end":{"line":10,"column":21}},"loc":{"start":{"line":10,"column":58},"end":{"line":31,"column":2}}}},"branchMap":{"0":{"loc":{"start":{"line":14,"column":2},"end":{"line":16,"column":3}},"type":"if","locations":[{"start":{"line":14,"column":2},"end":{"line":16,"column":3}},{"start":{},"end":{}}]},"1":{"loc":{"start":{"line":19,"column":2},"end":{"line":21,"column":3}},"type":"if","locations":[{"start":{"line":19,"column":2},"end":{"line":21,"column":3}},{"start":{},"end":{}}]}},"s":{"0":1,"1":1,"2":1,"3":1,"4":1,"5":1,"6":1,"7":4,"8":3,"9":1,"10":2,"11":2,"12":1,"13":1,"14":1},"f":{"0":4},"b":{"0":[1,2],"1":[1,1]}}
,"C:\\Users\\Dhoug\\helpDesk\\server\\src\\services\\serviceService.ts": {"path":"C:\\Users\\Dhoug\\helpDesk\\server\\src\\services\\serviceService.ts","statementMap":{"0":{"start":{"line":2,"column":0},"end":{"line":2,"column":41}},"1":{"start":{"line":3,"column":0},"end":{"line":3,"column":47}},"2":{"start":{"line":4,"column":0},"end":{"line":4,"column":33}},"3":{"start":{"line":8,"column":17},"end":{"line":15,"column":15}},"4":{"start":{"line":9,"column":2},"end":{"line":15,"column":15}},"5":{"start":{"line":17,"column":17},"end":{"line":33,"column":2}},"6":{"start":{"line":18,"column":24},"end":{"line":20,"column":4}},"7":{"start":{"line":21,"column":2},"end":{"line":23,"column":3}},"8":{"start":{"line":22,"column":3},"end":{"line":22,"column":47}},"9":{"start":{"line":25,"column":2},"end":{"line":32,"column":16}},"10":{"start":{"line":35,"column":21},"end":{"line":50,"column":2}},"11":{"start":{"line":36,"column":24},"end":{"line":38,"column":4}},"12":{"start":{"line":39,"column":2},"end":{"line":41,"column":3}},"13":{"start":{"line":40,"column":3},"end":{"line":40,"column":47}},"14":{"start":{"line":43,"column":2},"end":{"line":49,"column":16}},"15":{"start":{"line":52,"column":16},"end":{"line":55,"column":4}},"16":{"start":{"line":53,"column":2},"end":{"line":55,"column":4}},"17":{"start":{"line":6,"column":0},"end":{"line":6,"column":21}}},"fnMap":{"0":{"name":"(anonymous_0)","decl":{"start":{"line":8,"column":17},"end":{"line":8,"column":22}},"loc":{"start":{"line":9,"column":2},"end":{"line":15,"column":15}}},"1":{"name":"(anonymous_1)","decl":{"start":{"line":17,"column":17},"end":{"line":17,"column":22}},"loc":{"start":{"line":17,"column":75},"end":{"line":33,"column":2}}},"2":{"name":"(anonymous_2)","decl":{"start":{"line":35,"column":21},"end":{"line":35,"column":26}},"loc":{"start":{"line":35,"column":49},"end":{"line":50,"column":2}}},"3":{"name":"(anonymous_3)","decl":{"start":{"line":52,"column":16},"end":{"line":52,"column":21}},"loc":{"start":{"line":53,"column":2},"end":{"line":55,"column":4}}}},"branchMap":{"0":{"loc":{"start":{"line":21,"column":2},"end":{"line":23,"column":3}},"type":"if","locations":[{"start":{"line":21,"column":2},"end":{"line":23,"column":3}},{"start":{},"end":{}}]},"1":{"loc":{"start":{"line":39,"column":2},"end":{"line":41,"column":3}},"type":"if","locations":[{"start":{"line":39,"column":2},"end":{"line":41,"column":3}},{"start":{},"end":{}}]}},"s":{"0":1,"1":1,"2":1,"3":1,"4":9,"5":1,"6":2,"7":2,"8":1,"9":1,"10":1,"11":6,"12":6,"13":1,"14":5,"15":1,"16":7,"17":1},"f":{"0":9,"1":2,"2":6,"3":7},"b":{"0":[1,1],"1":[1,5]}}
,"C:\\Users\\Dhoug\\helpDesk\\server\\src\\services\\ticketService.ts": {"path":"C:\\Users\\Dhoug\\helpDesk\\server\\src\\services\\ticketService.ts","statementMap":{"0":{"start":{"line":2,"column":0},"end":{"line":2,"column":40}},"1":{"start":{"line":3,"column":0},"end":{"line":3,"column":46}},"2":{"start":{"line":4,"column":0},"end":{"line":4,"column":57}},"3":{"start":{"line":9,"column":16},"end":{"line":70,"column":2}},"4":{"start":{"line":10,"column":22},"end":{"line":10,"column":67}},"5":{"start":{"line":11,"column":24},"end":{"line":24,"column":null}},"6":{"start":{"line":27,"column":2},"end":{"line":27,"column":null}},"7":{"start":{"line":27,"column":25},"end":{"line":27,"column":null}},"8":{"start":{"line":29,"column":27},"end":{"line":36,"column":90}},"9":{"start":{"line":38,"column":2},"end":{"line":40,"column":3}},"10":{"start":{"line":39,"column":3},"end":{"line":39,"column":null}},"11":{"start":{"line":42,"column":17},"end":{"line":59,"column":4}},"12":{"start":{"line":43,"column":23},"end":{"line":49,"column":16}},"13":{"start":{"line":51,"column":3},"end":{"line":56,"column":null}},"14":{"start":{"line":52,"column":36},"end":{"line":55,"column":6}},"15":{"start":{"line":58,"column":3},"end":{"line":58,"column":null}},"16":{"start":{"line":61,"column":2},"end":{"line":69,"column":null}},"17":{"start":{"line":68,"column":60},"end":{"line":68,"column":87}},"18":{"start":{"line":72,"column":21},"end":{"line":93,"column":43}},"19":{"start":{"line":73,"column":2},"end":{"line":93,"column":43}},"20":{"start":{"line":95,"column":19},"end":{"line":116,"column":37}},"21":{"start":{"line":96,"column":2},"end":{"line":116,"column":37}},"22":{"start":{"line":118,"column":18},"end":{"line":138,"column":37}},"23":{"start":{"line":119,"column":2},"end":{"line":138,"column":37}},"24":{"start":{"line":140,"column":23},"end":{"line":175,"column":2}},"25":{"start":{"line":141,"column":17},"end":{"line":143,"column":4}},"26":{"start":{"line":144,"column":2},"end":{"line":144,"column":null}},"27":{"start":{"line":144,"column":15},"end":{"line":144,"column":null}},"28":{"start":{"line":145,"column":2},"end":{"line":147,"column":3}},"29":{"start":{"line":146,"column":3},"end":{"line":146,"column":null}},"30":{"start":{"line":149,"column":27},"end":{"line":156,"column":90}},"31":{"start":{"line":158,"column":2},"end":{"line":160,"column":3}},"32":{"start":{"line":159,"column":3},"end":{"line":159,"column":null}},"33":{"start":{"line":162,"column":2},"end":{"line":174,"column":null}},"34":{"start":{"line":163,"column":3},"end":{"line":166,"column":null}},"35":{"start":{"line":165,"column":44},"end":{"line":165,"column":67}},"36":{"start":{"line":168,"column":3},"end":{"line":173,"column":null}},"37":{"start":{"line":177,"column":16},"end":{"line":193,"column":2}},"38":{"start":{"line":178,"column":17},"end":{"line":180,"column":4}},"39":{"start":{"line":181,"column":2},"end":{"line":181,"column":null}},"40":{"start":{"line":181,"column":15},"end":{"line":181,"column":null}},"41":{"start":{"line":182,"column":2},"end":{"line":184,"column":3}},"42":{"start":{"line":183,"column":3},"end":{"line":183,"column":null}},"43":{"start":{"line":186,"column":2},"end":{"line":192,"column":null}},"44":{"start":{"line":8,"column":0},"end":{"line":8,"column":21}}},"fnMap":{"0":{"name":"(anonymous_0)","decl":{"start":{"line":9,"column":16},"end":{"line":9,"column":21}},"loc":{"start":{"line":9,"column":82},"end":{"line":70,"column":2}}},"1":{"name":"(anonymous_1)","decl":{"start":{"line":42,"column":38},"end":{"line":42,"column":43}},"loc":{"start":{"line":42,"column":51},"end":{"line":59,"column":3}}},"2":{"name":"(anonymous_2)","decl":{"start":{"line":52,"column":20},"end":{"line":52,"column":21}},"loc":{"start":{"line":52,"column":36},"end":{"line":55,"column":6}}},"3":{"name":"(anonymous_3)","decl":{"start":{"line":68,"column":42},"end":{"line":68,"column":43}},"loc":{"start":{"line":68,"column":60},"end":{"line":68,"column":87}}},"4":{"name":"(anonymous_4)","decl":{"start":{"line":72,"column":21},"end":{"line":72,"column":26}},"loc":{"start":{"line":73,"column":2},"end":{"line":93,"column":43}}},"5":{"name":"(anonymous_5)","decl":{"start":{"line":95,"column":19},"end":{"line":95,"column":24}},"loc":{"start":{"line":96,"column":2},"end":{"line":116,"column":37}}},"6":{"name":"(anonymous_6)","decl":{"start":{"line":118,"column":18},"end":{"line":118,"column":23}},"loc":{"start":{"line":119,"column":2},"end":{"line":138,"column":37}}},"7":{"name":"(anonymous_7)","decl":{"start":{"line":140,"column":23},"end":{"line":140,"column":28}},"loc":{"start":{"line":140,"column":92},"end":{"line":175,"column":2}}},"8":{"name":"(anonymous_8)","decl":{"start":{"line":162,"column":30},"end":{"line":162,"column":35}},"loc":{"start":{"line":162,"column":43},"end":{"line":174,"column":3}}},"9":{"name":"(anonymous_9)","decl":{"start":{"line":165,"column":28},"end":{"line":165,"column":29}},"loc":{"start":{"line":165,"column":44},"end":{"line":165,"column":67}}},"10":{"name":"(anonymous_10)","decl":{"start":{"line":177,"column":16},"end":{"line":177,"column":21}},"loc":{"start":{"line":177,"column":84},"end":{"line":193,"column":2}}}},"branchMap":{"0":{"loc":{"start":{"line":27,"column":2},"end":{"line":27,"column":null}},"type":"if","locations":[{"start":{"line":27,"column":2},"end":{"line":27,"column":null}},{"start":{},"end":{}}]},"1":{"loc":{"start":{"line":38,"column":2},"end":{"line":40,"column":3}},"type":"if","locations":[{"start":{"line":38,"column":2},"end":{"line":40,"column":3}},{"start":{},"end":{}}]},"2":{"loc":{"start":{"line":144,"column":2},"end":{"line":144,"column":null}},"type":"if","locations":[{"start":{"line":144,"column":2},"end":{"line":144,"column":null}},{"start":{},"end":{}}]},"3":{"loc":{"start":{"line":145,"column":2},"end":{"line":147,"column":3}},"type":"if","locations":[{"start":{"line":145,"column":2},"end":{"line":147,"column":3}},{"start":{},"end":{}}]},"4":{"loc":{"start":{"line":145,"column":6},"end":{"line":145,"column":56}},"type":"binary-expr","locations":[{"start":{"line":145,"column":6},"end":{"line":145,"column":31}},{"start":{"line":145,"column":35},"end":{"line":145,"column":56}}]},"5":{"loc":{"start":{"line":158,"column":2},"end":{"line":160,"column":3}},"type":"if","locations":[{"start":{"line":158,"column":2},"end":{"line":160,"column":3}},{"start":{},"end":{}}]},"6":{"loc":{"start":{"line":181,"column":2},"end":{"line":181,"column":null}},"type":"if","locations":[{"start":{"line":181,"column":2},"end":{"line":181,"column":null}},{"start":{},"end":{}}]},"7":{"loc":{"start":{"line":182,"column":2},"end":{"line":184,"column":3}},"type":"if","locations":[{"start":{"line":182,"column":2},"end":{"line":184,"column":3}},{"start":{},"end":{}}]},"8":{"loc":{"start":{"line":182,"column":6},"end":{"line":182,"column":56}},"type":"binary-expr","locations":[{"start":{"line":182,"column":6},"end":{"line":182,"column":31}},{"start":{"line":182,"column":35},"end":{"line":182,"column":56}}]}},"s":{"0":1,"1":1,"2":1,"3":1,"4":0,"5":0,"6":0,"7":0,"8":0,"9":0,"10":0,"11":0,"12":0,"13":0,"14":0,"15":0,"16":0,"17":0,"18":1,"19":2,"20":1,"21":4,"22":1,"23":3,"24":1,"25":0,"26":0,"27":0,"28":0,"29":0,"30":0,"31":0,"32":0,"33":0,"34":0,"35":0,"36":0,"37":1,"38":0,"39":0,"40":0,"41":0,"42":0,"43":0,"44":1},"f":{"0":0,"1":0,"2":0,"3":0,"4":2,"5":4,"6":3,"7":0,"8":0,"9":0,"10":0},"b":{"0":[0,0],"1":[0,0],"2":[0,0],"3":[0,0],"4":[0,0],"5":[0,0],"6":[0,0],"7":[0,0],"8":[0,0]}}
,"C:\\Users\\Dhoug\\helpDesk\\server\\src\\services\\userService.ts": {"path":"C:\\Users\\Dhoug\\helpDesk\\server\\src\\services\\userService.ts","statementMap":{"0":{"start":{"line":2,"column":0},"end":{"line":2,"column":41}},"1":{"start":{"line":3,"column":0},"end":{"line":3,"column":47}},"2":{"start":{"line":4,"column":0},"end":{"line":4,"column":28}},"3":{"start":{"line":5,"column":0},"end":{"line":5,"column":33}},"4":{"start":{"line":6,"column":0},"end":{"line":6,"column":34}},"5":{"start":{"line":11,"column":21},"end":{"line":49,"column":2}},"6":{"start":{"line":12,"column":28},"end":{"line":14,"column":4}},"7":{"start":{"line":15,"column":2},"end":{"line":17,"column":3}},"8":{"start":{"line":16,"column":3},"end":{"line":16,"column":43}},"9":{"start":{"line":19,"column":23},"end":{"line":19,"column":54}},"10":{"start":{"line":21,"column":32},"end":{"line":30,"column":4}},"11":{"start":{"line":32,"column":20},"end":{"line":40,"column":15}},"12":{"start":{"line":42,"column":27},"end":{"line":45,"column":5}},"13":{"start":{"line":42,"column":64},"end":{"line":45,"column":4}},"14":{"start":{"line":47,"column":2},"end":{"line":47,"column":77}},"15":{"start":{"line":48,"column":2},"end":{"line":48,"column":17}},"16":{"start":{"line":51,"column":23},"end":{"line":74,"column":2}},"17":{"start":{"line":56,"column":28},"end":{"line":58,"column":4}},"18":{"start":{"line":59,"column":2},"end":{"line":61,"column":3}},"19":{"start":{"line":60,"column":3},"end":{"line":60,"column":43}},"20":{"start":{"line":63,"column":23},"end":{"line":63,"column":54}},"21":{"start":{"line":65,"column":2},"end":{"line":73,"column":16}},"22":{"start":{"line":76,"column":20},"end":{"line":92,"column":28}},"23":{"start":{"line":77,"column":2},"end":{"line":92,"column":28}},"24":{"start":{"line":94,"column":22},"end":{"line":97,"column":4}},"25":{"start":{"line":95,"column":2},"end":{"line":97,"column":4}},"26":{"start":{"line":99,"column":22},"end":{"line":129,"column":2}},"27":{"start":{"line":103,"column":27},"end":{"line":105,"column":4}},"28":{"start":{"line":107,"column":21},"end":{"line":109,"column":4}},"29":{"start":{"line":110,"column":2},"end":{"line":112,"column":3}},"30":{"start":{"line":111,"column":3},"end":{"line":111,"column":38}},"31":{"start":{"line":114,"column":2},"end":{"line":116,"column":3}},"32":{"start":{"line":115,"column":3},"end":{"line":115,"column":62}},"33":{"start":{"line":118,"column":23},"end":{"line":118,"column":57}},"34":{"start":{"line":120,"column":2},"end":{"line":128,"column":16}},"35":{"start":{"line":131,"column":21},"end":{"line":161,"column":2}},"36":{"start":{"line":135,"column":27},"end":{"line":137,"column":4}},"37":{"start":{"line":139,"column":21},"end":{"line":141,"column":4}},"38":{"start":{"line":142,"column":2},"end":{"line":144,"column":3}},"39":{"start":{"line":143,"column":3},"end":{"line":143,"column":37}},"40":{"start":{"line":146,"column":2},"end":{"line":148,"column":3}},"41":{"start":{"line":147,"column":3},"end":{"line":147,"column":62}},"42":{"start":{"line":150,"column":23},"end":{"line":150,"column":57}},"43":{"start":{"line":152,"column":2},"end":{"line":160,"column":16}},"44":{"start":{"line":163,"column":23},"end":{"line":193,"column":2}},"45":{"start":{"line":167,"column":27},"end":{"line":169,"column":4}},"46":{"start":{"line":171,"column":21},"end":{"line":173,"column":4}},"47":{"start":{"line":174,"column":2},"end":{"line":176,"column":3}},"48":{"start":{"line":175,"column":3},"end":{"line":175,"column":39}},"49":{"start":{"line":178,"column":2},"end":{"line":180,"column":3}},"50":{"start":{"line":179,"column":3},"end":{"line":179,"column":62}},"51":{"start":{"line":182,"column":23},"end":{"line":182,"column":57}},"52":{"start":{"line":184,"column":2},"end":{"line":192,"column":16}},"53":{"start":{"line":195,"column":28},"end":{"line":219,"column":2}},"54":{"start":{"line":199,"column":21},"end":{"line":201,"column":4}},"55":{"start":{"line":202,"column":2},"end":{"line":204,"column":3}},"56":{"start":{"line":203,"column":3},"end":{"line":203,"column":43}},"57":{"start":{"line":206,"column":2},"end":{"line":208,"column":63}},"58":{"start":{"line":210,"column":27},"end":{"line":213,"column":5}},"59":{"start":{"line":210,"column":60},"end":{"line":213,"column":4}},"60":{"start":{"line":215,"column":2},"end":{"line":218,"column":16}},"61":{"start":{"line":221,"column":21},"end":{"line":237,"column":2}},"62":{"start":{"line":222,"column":21},"end":{"line":224,"column":4}},"63":{"start":{"line":225,"column":2},"end":{"line":227,"column":3}},"64":{"start":{"line":226,"column":3},"end":{"line":226,"column":37}},"65":{"start":{"line":229,"column":2},"end":{"line":234,"column":39}},"66":{"start":{"line":236,"column":2},"end":{"line":236,"column":57}},"67":{"start":{"line":239,"column":18},"end":{"line":249,"column":2}},"68":{"start":{"line":240,"column":15},"end":{"line":242,"column":4}},"69":{"start":{"line":244,"column":2},"end":{"line":246,"column":3}},"70":{"start":{"line":245,"column":3},"end":{"line":245,"column":37}},"71":{"start":{"line":248,"column":2},"end":{"line":248,"column":22}},"72":{"start":{"line":251,"column":24},"end":{"line":260,"column":2}},"73":{"start":{"line":252,"column":23},"end":{"line":254,"column":4}},"74":{"start":{"line":255,"column":2},"end":{"line":257,"column":3}},"75":{"start":{"line":256,"column":3},"end":{"line":256,"column":39}},"76":{"start":{"line":259,"column":2},"end":{"line":259,"column":69}},"77":{"start":{"line":9,"column":0},"end":{"line":9,"column":21}}},"fnMap":{"0":{"name":"(anonymous_1)","decl":{"start":{"line":11,"column":21},"end":{"line":11,"column":26}},"loc":{"start":{"line":11,"column":77},"end":{"line":49,"column":2}}},"1":{"name":"(anonymous_2)","decl":{"start":{"line":42,"column":53},"end":{"line":42,"column":54}},"loc":{"start":{"line":42,"column":64},"end":{"line":45,"column":4}}},"2":{"name":"(anonymous_3)","decl":{"start":{"line":51,"column":23},"end":{"line":51,"column":28}},"loc":{"start":{"line":55,"column":5},"end":{"line":74,"column":2}}},"3":{"name":"(anonymous_4)","decl":{"start":{"line":76,"column":20},"end":{"line":76,"column":25}},"loc":{"start":{"line":77,"column":2},"end":{"line":92,"column":28}}},"4":{"name":"(anonymous_5)","decl":{"start":{"line":94,"column":22},"end":{"line":94,"column":27}},"loc":{"start":{"line":95,"column":2},"end":{"line":97,"column":4}}},"5":{"name":"(anonymous_6)","decl":{"start":{"line":99,"column":22},"end":{"line":99,"column":27}},"loc":{"start":{"line":102,"column":5},"end":{"line":129,"column":2}}},"6":{"name":"(anonymous_7)","decl":{"start":{"line":131,"column":21},"end":{"line":131,"column":26}},"loc":{"start":{"line":134,"column":5},"end":{"line":161,"column":2}}},"7":{"name":"(anonymous_8)","decl":{"start":{"line":163,"column":23},"end":{"line":163,"column":28}},"loc":{"start":{"line":166,"column":5},"end":{"line":193,"column":2}}},"8":{"name":"(anonymous_9)","decl":{"start":{"line":195,"column":28},"end":{"line":195,"column":33}},"loc":{"start":{"line":198,"column":5},"end":{"line":219,"column":2}}},"9":{"name":"(anonymous_10)","decl":{"start":{"line":210,"column":49},"end":{"line":210,"column":50}},"loc":{"start":{"line":210,"column":60},"end":{"line":213,"column":4}}},"10":{"name":"(anonymous_11)","decl":{"start":{"line":221,"column":21},"end":{"line":221,"column":26}},"loc":{"start":{"line":221,"column":66},"end":{"line":237,"column":2}}},"11":{"name":"(anonymous_12)","decl":{"start":{"line":239,"column":18},"end":{"line":239,"column":23}},"loc":{"start":{"line":239,"column":43},"end":{"line":249,"column":2}}},"12":{"name":"(anonymous_13)","decl":{"start":{"line":251,"column":24},"end":{"line":251,"column":29}},"loc":{"start":{"line":251,"column":51},"end":{"line":260,"column":2}}}},"branchMap":{"0":{"loc":{"start":{"line":15,"column":2},"end":{"line":17,"column":3}},"type":"if","locations":[{"start":{"line":15,"column":2},"end":{"line":17,"column":3}},{"start":{},"end":{}}]},"1":{"loc":{"start":{"line":59,"column":2},"end":{"line":61,"column":3}},"type":"if","locations":[{"start":{"line":59,"column":2},"end":{"line":61,"column":3}},{"start":{},"end":{}}]},"2":{"loc":{"start":{"line":110,"column":2},"end":{"line":112,"column":3}},"type":"if","locations":[{"start":{"line":110,"column":2},"end":{"line":112,"column":3}},{"start":{},"end":{}}]},"3":{"loc":{"start":{"line":110,"column":6},"end":{"line":110,"column":48}},"type":"binary-expr","locations":[{"start":{"line":110,"column":6},"end":{"line":110,"column":17}},{"start":{"line":110,"column":21},"end":{"line":110,"column":48}}]},"4":{"loc":{"start":{"line":114,"column":2},"end":{"line":116,"column":3}},"type":"if","locations":[{"start":{"line":114,"column":2},"end":{"line":116,"column":3}},{"start":{},"end":{}}]},"5":{"loc":{"start":{"line":114,"column":6},"end":{"line":114,"column":64}},"type":"binary-expr","locations":[{"start":{"line":114,"column":6},"end":{"line":114,"column":22}},{"start":{"line":114,"column":26},"end":{"line":114,"column":64}}]},"6":{"loc":{"start":{"line":142,"column":2},"end":{"line":144,"column":3}},"type":"if","locations":[{"start":{"line":142,"column":2},"end":{"line":144,"column":3}},{"start":{},"end":{}}]},"7":{"loc":{"start":{"line":142,"column":6},"end":{"line":142,"column":47}},"type":"binary-expr","locations":[{"start":{"line":142,"column":6},"end":{"line":142,"column":17}},{"start":{"line":142,"column":21},"end":{"line":142,"column":47}}]},"8":{"loc":{"start":{"line":146,"column":2},"end":{"line":148,"column":3}},"type":"if","locations":[{"start":{"line":146,"column":2},"end":{"line":148,"column":3}},{"start":{},"end":{}}]},"9":{"loc":{"start":{"line":146,"column":6},"end":{"line":146,"column":64}},"type":"binary-expr","locations":[{"start":{"line":146,"column":6},"end":{"line":146,"column":22}},{"start":{"line":146,"column":26},"end":{"line":146,"column":64}}]},"10":{"loc":{"start":{"line":174,"column":2},"end":{"line":176,"column":3}},"type":"if","locations":[{"start":{"line":174,"column":2},"end":{"line":176,"column":3}},{"start":{},"end":{}}]},"11":{"loc":{"start":{"line":174,"column":6},"end":{"line":174,"column":49}},"type":"binary-expr","locations":[{"start":{"line":174,"column":6},"end":{"line":174,"column":17}},{"start":{"line":174,"column":21},"end":{"line":174,"column":49}}]},"12":{"loc":{"start":{"line":178,"column":2},"end":{"line":180,"column":3}},"type":"if","locations":[{"start":{"line":178,"column":2},"end":{"line":180,"column":3}},{"start":{},"end":{}}]},"13":{"loc":{"start":{"line":178,"column":6},"end":{"line":178,"column":64}},"type":"binary-expr","locations":[{"start":{"line":178,"column":6},"end":{"line":178,"column":22}},{"start":{"line":178,"column":26},"end":{"line":178,"column":64}}]},"14":{"loc":{"start":{"line":202,"column":2},"end":{"line":204,"column":3}},"type":"if","locations":[{"start":{"line":202,"column":2},"end":{"line":204,"column":3}},{"start":{},"end":{}}]},"15":{"loc":{"start":{"line":202,"column":6},"end":{"line":202,"column":47}},"type":"binary-expr","locations":[{"start":{"line":202,"column":6},"end":{"line":202,"column":17}},{"start":{"line":202,"column":21},"end":{"line":202,"column":47}}]},"16":{"loc":{"start":{"line":225,"column":2},"end":{"line":227,"column":3}},"type":"if","locations":[{"start":{"line":225,"column":2},"end":{"line":227,"column":3}},{"start":{},"end":{}}]},"17":{"loc":{"start":{"line":244,"column":2},"end":{"line":246,"column":3}},"type":"if","locations":[{"start":{"line":244,"column":2},"end":{"line":246,"column":3}},{"start":{},"end":{}}]},"18":{"loc":{"start":{"line":255,"column":2},"end":{"line":257,"column":3}},"type":"if","locations":[{"start":{"line":255,"column":2},"end":{"line":257,"column":3}},{"start":{},"end":{}}]},"19":{"loc":{"start":{"line":255,"column":6},"end":{"line":255,"column":53}},"type":"binary-expr","locations":[{"start":{"line":255,"column":6},"end":{"line":255,"column":19}},{"start":{"line":255,"column":23},"end":{"line":255,"column":53}}]}},"s":{"0":1,"1":1,"2":1,"3":1,"4":1,"5":1,"6":3,"7":3,"8":1,"9":2,"10":2,"11":2,"12":2,"13":16,"14":2,"15":2,"16":1,"17":4,"18":4,"19":1,"20":3,"21":3,"22":1,"23":1,"24":1,"25":1,"26":1,"27":1,"28":1,"29":1,"30":0,"31":1,"32":0,"33":1,"34":1,"35":1,"36":0,"37":0,"38":0,"39":0,"40":0,"41":0,"42":0,"43":0,"44":1,"45":2,"46":2,"47":2,"48":0,"49":2,"50":0,"51":2,"52":2,"53":1,"54":0,"55":0,"56":0,"57":0,"58":0,"59":0,"60":0,"61":1,"62":1,"63":0,"64":0,"65":0,"66":0,"67":1,"68":1,"69":0,"70":0,"71":0,"72":1,"73":2,"74":2,"75":0,"76":2,"77":1},"f":{"0":3,"1":16,"2":4,"3":1,"4":1,"5":1,"6":0,"7":2,"8":0,"9":0,"10":1,"11":1,"12":2},"b":{"0":[1,2],"1":[1,3],"2":[0,1],"3":[1,1],"4":[0,1],"5":[1,0],"6":[0,0],"7":[0,0],"8":[0,0],"9":[0,0],"10":[0,2],"11":[2,2],"12":[0,2],"13":[2,0],"14":[0,0],"15":[0,0],"16":[0,0],"17":[0,0],"18":[0,2],"19":[2,2]}}
}
