{"C:\\Users\\Dhoug\\helpDesk-api\\src\\env.ts": {"path":"C:\\Users\\Dhoug\\helpDesk-api\\src\\env.ts","statementMap":{"0":{"start":{"line":1,"column":0},"end":{"line":1,"column":23}},"1":{"start":{"line":3,"column":15},"end":{"line":3,"column":46}},"2":{"start":{"line":5,"column":18},"end":{"line":14,"column":2}},"3":{"start":{"line":16,"column":13},"end":{"line":16,"column":null}}},"fnMap":{},"branchMap":{"0":{"loc":{"start":{"line":7,"column":15},"end":{"line":9,"column":37}},"type":"cond-expr","locations":[{"start":{"line":8,"column":4},"end":{"line":8,"column":79}},{"start":{"line":9,"column":4},"end":{"line":9,"column":37}}]},"1":{"loc":{"start":{"line":13,"column":11},"end":{"line":13,"column":54}},"type":"cond-expr","locations":[{"start":{"line":13,"column":20},"end":{"line":13,"column":49}},{"start":{"line":13,"column":52},"end":{"line":13,"column":54}}]}},"s":{"0":3,"1":3,"2":3,"3":3},"f":{},"b":{"0":[3,0],"1":[3,0]}}
,"C:\\Users\\Dhoug\\helpDesk-api\\src\\server.ts": {"path":"C:\\Users\\Dhoug\\helpDesk-api\\src\\server.ts","statementMap":{"0":{"start":{"line":2,"column":0},"end":{"line":2,"column":30}},"1":{"start":{"line":3,"column":0},"end":{"line":3,"column":24}},"2":{"start":{"line":4,"column":0},"end":{"line":4,"column":31}},"3":{"start":{"line":5,"column":0},"end":{"line":5,"column":52}},"4":{"start":{"line":6,"column":0},"end":{"line":6,"column":58}},"5":{"start":{"line":7,"column":0},"end":{"line":7,"column":56}},"6":{"start":{"line":8,"column":0},"end":{"line":8,"column":64}},"7":{"start":{"line":10,"column":12},"end":{"line":10,"column":21}},"8":{"start":{"line":11,"column":13},"end":{"line":11,"column":29}},"9":{"start":{"line":13,"column":0},"end":{"line":13,"column":16}},"10":{"start":{"line":14,"column":0},"end":{"line":14,"column":24}},"11":{"start":{"line":15,"column":0},"end":{"line":19,"column":2}},"12":{"start":{"line":21,"column":0},"end":{"line":21,"column":30}},"13":{"start":{"line":22,"column":0},"end":{"line":22,"column":36}},"14":{"start":{"line":23,"column":0},"end":{"line":23,"column":34}},"15":{"start":{"line":24,"column":0},"end":{"line":24,"column":50}},"16":{"start":{"line":24,"column":34},"end":{"line":24,"column":48}},"17":{"start":{"line":26,"column":0},"end":{"line":34,"column":2}},"18":{"start":{"line":32,"column":2},"end":{"line":32,"column":63}}},"fnMap":{"0":{"name":"(anonymous_1)","decl":{"start":{"line":24,"column":19},"end":{"line":24,"column":20}},"loc":{"start":{"line":24,"column":34},"end":{"line":24,"column":48}}},"1":{"name":"(anonymous_2)","decl":{"start":{"line":31,"column":1},"end":{"line":31,"column":4}},"loc":{"start":{"line":31,"column":6},"end":{"line":33,"column":2}}}},"branchMap":{"0":{"loc":{"start":{"line":11,"column":13},"end":{"line":11,"column":29}},"type":"binary-expr","locations":[{"start":{"line":11,"column":13},"end":{"line":11,"column":21}},{"start":{"line":11,"column":25},"end":{"line":11,"column":29}}]}},"s":{"0":0,"1":0,"2":0,"3":0,"4":0,"5":0,"6":0,"7":0,"8":0,"9":0,"10":0,"11":0,"12":0,"13":0,"14":0,"15":0,"16":0,"17":0,"18":0},"f":{"0":0,"1":0},"b":{"0":[0,0]}}
,"C:\\Users\\Dhoug\\helpDesk-api\\src\\swagger.ts": {"path":"C:\\Users\\Dhoug\\helpDesk-api\\src\\swagger.ts","statementMap":{"0":{"start":{"line":1,"column":0},"end":{"line":1,"column":41}},"1":{"start":{"line":2,"column":0},"end":{"line":2,"column":43}},"2":{"start":{"line":4,"column":16},"end":{"line":25,"column":2}},"3":{"start":{"line":27,"column":13},"end":{"line":27,"column":49}},"4":{"start":{"line":28,"column":13},"end":{"line":28,"column":45}}},"fnMap":{},"branchMap":{},"s":{"0":0,"1":0,"2":0,"3":0,"4":0},"f":{},"b":{}}
,"C:\\Users\\Dhoug\\helpDesk-api\\src\\controllers\\serviceController.ts": {"path":"C:\\Users\\Dhoug\\helpDesk-api\\src\\controllers\\serviceController.ts","statementMap":{"0":{"start":{"line":2,"column":0},"end":{"line":2,"column":58}},"1":{"start":{"line":10,"column":2},"end":{"line":10,"column":null}},"2":{"start":{"line":13,"column":17},"end":{"line":28,"column":2}},"3":{"start":{"line":14,"column":2},"end":{"line":18,"column":3}},"4":{"start":{"line":15,"column":3},"end":{"line":17,"column":null}},"5":{"start":{"line":20,"column":27},"end":{"line":20,"column":39}},"6":{"start":{"line":22,"column":2},"end":{"line":27,"column":3}},"7":{"start":{"line":23,"column":24},"end":{"line":23,"column":77}},"8":{"start":{"line":24,"column":3},"end":{"line":24,"column":null}},"9":{"start":{"line":26,"column":3},"end":{"line":26,"column":null}},"10":{"start":{"line":30,"column":17},"end":{"line":46,"column":2}},"11":{"start":{"line":31,"column":2},"end":{"line":35,"column":3}},"12":{"start":{"line":32,"column":3},"end":{"line":34,"column":null}},"13":{"start":{"line":37,"column":27},"end":{"line":37,"column":39}},"14":{"start":{"line":39,"column":2},"end":{"line":45,"column":3}},"15":{"start":{"line":40,"column":21},"end":{"line":40,"column":38}},"16":{"start":{"line":41,"column":24},"end":{"line":41,"column":88}},"17":{"start":{"line":42,"column":3},"end":{"line":42,"column":null}},"18":{"start":{"line":44,"column":3},"end":{"line":44,"column":null}},"19":{"start":{"line":48,"column":21},"end":{"line":62,"column":2}},"20":{"start":{"line":49,"column":2},"end":{"line":53,"column":3}},"21":{"start":{"line":50,"column":3},"end":{"line":52,"column":null}},"22":{"start":{"line":55,"column":2},"end":{"line":61,"column":3}},"23":{"start":{"line":56,"column":21},"end":{"line":56,"column":38}},"24":{"start":{"line":57,"column":3},"end":{"line":57,"column":null}},"25":{"start":{"line":58,"column":3},"end":{"line":58,"column":null}},"26":{"start":{"line":60,"column":3},"end":{"line":60,"column":null}},"27":{"start":{"line":64,"column":16},"end":{"line":71,"column":2}},"28":{"start":{"line":65,"column":2},"end":{"line":70,"column":3}},"29":{"start":{"line":66,"column":16},"end":{"line":66,"column":56}},"30":{"start":{"line":67,"column":3},"end":{"line":67,"column":null}},"31":{"start":{"line":69,"column":3},"end":{"line":69,"column":null}},"32":{"start":{"line":6,"column":0},"end":{"line":6,"column":21}}},"fnMap":{"0":{"name":"(anonymous_1)","decl":{"start":{"line":9,"column":1},"end":{"line":9,"column":null}},"loc":{"start":{"line":9,"column":1},"end":{"line":11,"column":2}}},"1":{"name":"(anonymous_2)","decl":{"start":{"line":13,"column":17},"end":{"line":13,"column":22}},"loc":{"start":{"line":13,"column":64},"end":{"line":28,"column":2}}},"2":{"name":"(anonymous_3)","decl":{"start":{"line":30,"column":17},"end":{"line":30,"column":22}},"loc":{"start":{"line":30,"column":64},"end":{"line":46,"column":2}}},"3":{"name":"(anonymous_4)","decl":{"start":{"line":48,"column":21},"end":{"line":48,"column":26}},"loc":{"start":{"line":48,"column":68},"end":{"line":62,"column":2}}},"4":{"name":"(anonymous_5)","decl":{"start":{"line":64,"column":16},"end":{"line":64,"column":21}},"loc":{"start":{"line":64,"column":64},"end":{"line":71,"column":2}}}},"branchMap":{"0":{"loc":{"start":{"line":14,"column":2},"end":{"line":18,"column":3}},"type":"if","locations":[{"start":{"line":14,"column":2},"end":{"line":18,"column":3}},{"start":{},"end":{}}]},"1":{"loc":{"start":{"line":14,"column":6},"end":{"line":14,"column":58}},"type":"binary-expr","locations":[{"start":{"line":14,"column":6},"end":{"line":14,"column":25}},{"start":{"line":14,"column":29},"end":{"line":14,"column":58}}]},"2":{"loc":{"start":{"line":31,"column":2},"end":{"line":35,"column":3}},"type":"if","locations":[{"start":{"line":31,"column":2},"end":{"line":35,"column":3}},{"start":{},"end":{}}]},"3":{"loc":{"start":{"line":31,"column":6},"end":{"line":31,"column":58}},"type":"binary-expr","locations":[{"start":{"line":31,"column":6},"end":{"line":31,"column":25}},{"start":{"line":31,"column":29},"end":{"line":31,"column":58}}]},"4":{"loc":{"start":{"line":49,"column":2},"end":{"line":53,"column":3}},"type":"if","locations":[{"start":{"line":49,"column":2},"end":{"line":53,"column":3}},{"start":{},"end":{}}]},"5":{"loc":{"start":{"line":49,"column":6},"end":{"line":49,"column":58}},"type":"binary-expr","locations":[{"start":{"line":49,"column":6},"end":{"line":49,"column":25}},{"start":{"line":49,"column":29},"end":{"line":49,"column":58}}]}},"s":{"0":1,"1":1,"2":1,"3":13,"4":4,"5":9,"6":9,"7":9,"8":9,"9":0,"10":1,"11":9,"12":4,"13":5,"14":5,"15":5,"16":5,"17":4,"18":1,"19":1,"20":9,"21":4,"22":5,"23":5,"24":5,"25":4,"26":5,"27":1,"28":7,"29":7,"30":7,"31":0,"32":1},"f":{"0":1,"1":13,"2":9,"3":9,"4":7},"b":{"0":[4,9],"1":[13,13],"2":[4,5],"3":[9,9],"4":[4,5],"5":[9,9]}}
,"C:\\Users\\Dhoug\\helpDesk-api\\src\\controllers\\ticketController.ts": {"path":"C:\\Users\\Dhoug\\helpDesk-api\\src\\controllers\\ticketController.ts","statementMap":{"0":{"start":{"line":3,"column":0},"end":{"line":3,"column":57}},"1":{"start":{"line":11,"column":2},"end":{"line":11,"column":43}},"2":{"start":{"line":14,"column":16},"end":{"line":36,"column":2}},"3":{"start":{"line":15,"column":2},"end":{"line":22,"column":3}},"4":{"start":{"line":16,"column":3},"end":{"line":21,"column":7}},"5":{"start":{"line":24,"column":34},"end":{"line":24,"column":46}},"6":{"start":{"line":26,"column":2},"end":{"line":35,"column":3}},"7":{"start":{"line":27,"column":21},"end":{"line":30,"column":null}},"8":{"start":{"line":32,"column":3},"end":{"line":32,"column":51}},"9":{"start":{"line":34,"column":3},"end":{"line":34,"column":70}},"10":{"start":{"line":38,"column":21},"end":{"line":56,"column":2}},"11":{"start":{"line":39,"column":2},"end":{"line":46,"column":3}},"12":{"start":{"line":40,"column":3},"end":{"line":45,"column":7}},"13":{"start":{"line":48,"column":2},"end":{"line":55,"column":3}},"14":{"start":{"line":49,"column":19},"end":{"line":50,"column":null}},"15":{"start":{"line":52,"column":3},"end":{"line":52,"column":49}},"16":{"start":{"line":54,"column":3},"end":{"line":54,"column":70}},"17":{"start":{"line":58,"column":19},"end":{"line":73,"column":2}},"18":{"start":{"line":59,"column":2},"end":{"line":65,"column":3}},"19":{"start":{"line":60,"column":3},"end":{"line":64,"column":7}},"20":{"start":{"line":67,"column":2},"end":{"line":72,"column":3}},"21":{"start":{"line":68,"column":19},"end":{"line":68,"column":76}},"22":{"start":{"line":69,"column":3},"end":{"line":69,"column":49}},"23":{"start":{"line":71,"column":3},"end":{"line":71,"column":70}},"24":{"start":{"line":75,"column":18},"end":{"line":91,"column":2}},"25":{"start":{"line":76,"column":2},"end":{"line":83,"column":3}},"26":{"start":{"line":77,"column":3},"end":{"line":82,"column":7}},"27":{"start":{"line":85,"column":2},"end":{"line":90,"column":3}},"28":{"start":{"line":86,"column":19},"end":{"line":86,"column":60}},"29":{"start":{"line":87,"column":3},"end":{"line":87,"column":49}},"30":{"start":{"line":89,"column":3},"end":{"line":89,"column":70}},"31":{"start":{"line":93,"column":24},"end":{"line":118,"column":2}},"32":{"start":{"line":94,"column":2},"end":{"line":104,"column":3}},"33":{"start":{"line":98,"column":3},"end":{"line":103,"column":7}},"34":{"start":{"line":106,"column":2},"end":{"line":117,"column":3}},"35":{"start":{"line":107,"column":24},"end":{"line":107,"column":38}},"36":{"start":{"line":108,"column":27},"end":{"line":108,"column":39}},"37":{"start":{"line":109,"column":20},"end":{"line":112,"column":null}},"38":{"start":{"line":114,"column":3},"end":{"line":114,"column":50}},"39":{"start":{"line":116,"column":3},"end":{"line":116,"column":70}},"40":{"start":{"line":120,"column":22},"end":{"line":145,"column":2}},"41":{"start":{"line":121,"column":2},"end":{"line":131,"column":3}},"42":{"start":{"line":125,"column":3},"end":{"line":130,"column":7}},"43":{"start":{"line":133,"column":2},"end":{"line":144,"column":3}},"44":{"start":{"line":134,"column":24},"end":{"line":134,"column":38}},"45":{"start":{"line":135,"column":22},"end":{"line":135,"column":34}},"46":{"start":{"line":136,"column":18},"end":{"line":139,"column":null}},"47":{"start":{"line":141,"column":3},"end":{"line":141,"column":48}},"48":{"start":{"line":143,"column":3},"end":{"line":143,"column":70}},"49":{"start":{"line":7,"column":0},"end":{"line":7,"column":21}}},"fnMap":{"0":{"name":"(anonymous_1)","decl":{"start":{"line":10,"column":1},"end":{"line":10,"column":null}},"loc":{"start":{"line":10,"column":1},"end":{"line":12,"column":2}}},"1":{"name":"(anonymous_2)","decl":{"start":{"line":14,"column":16},"end":{"line":14,"column":21}},"loc":{"start":{"line":14,"column":63},"end":{"line":36,"column":2}}},"2":{"name":"(anonymous_3)","decl":{"start":{"line":38,"column":21},"end":{"line":38,"column":26}},"loc":{"start":{"line":38,"column":68},"end":{"line":56,"column":2}}},"3":{"name":"(anonymous_4)","decl":{"start":{"line":58,"column":19},"end":{"line":58,"column":24}},"loc":{"start":{"line":58,"column":66},"end":{"line":73,"column":2}}},"4":{"name":"(anonymous_5)","decl":{"start":{"line":75,"column":18},"end":{"line":75,"column":23}},"loc":{"start":{"line":75,"column":65},"end":{"line":91,"column":2}}},"5":{"name":"(anonymous_6)","decl":{"start":{"line":93,"column":24},"end":{"line":93,"column":29}},"loc":{"start":{"line":93,"column":71},"end":{"line":118,"column":2}}},"6":{"name":"(anonymous_7)","decl":{"start":{"line":120,"column":22},"end":{"line":120,"column":27}},"loc":{"start":{"line":120,"column":69},"end":{"line":145,"column":2}}}},"branchMap":{"0":{"loc":{"start":{"line":15,"column":2},"end":{"line":22,"column":3}},"type":"if","locations":[{"start":{"line":15,"column":2},"end":{"line":22,"column":3}},{"start":{},"end":{}}]},"1":{"loc":{"start":{"line":15,"column":6},"end":{"line":15,"column":59}},"type":"binary-expr","locations":[{"start":{"line":15,"column":6},"end":{"line":15,"column":25}},{"start":{"line":15,"column":29},"end":{"line":15,"column":59}}]},"2":{"loc":{"start":{"line":39,"column":2},"end":{"line":46,"column":3}},"type":"if","locations":[{"start":{"line":39,"column":2},"end":{"line":46,"column":3}},{"start":{},"end":{}}]},"3":{"loc":{"start":{"line":39,"column":6},"end":{"line":39,"column":59}},"type":"binary-expr","locations":[{"start":{"line":39,"column":6},"end":{"line":39,"column":25}},{"start":{"line":39,"column":29},"end":{"line":39,"column":59}}]},"4":{"loc":{"start":{"line":59,"column":2},"end":{"line":65,"column":3}},"type":"if","locations":[{"start":{"line":59,"column":2},"end":{"line":65,"column":3}},{"start":{},"end":{}}]},"5":{"loc":{"start":{"line":59,"column":6},"end":{"line":59,"column":57}},"type":"binary-expr","locations":[{"start":{"line":59,"column":6},"end":{"line":59,"column":25}},{"start":{"line":59,"column":29},"end":{"line":59,"column":57}}]},"6":{"loc":{"start":{"line":76,"column":2},"end":{"line":83,"column":3}},"type":"if","locations":[{"start":{"line":76,"column":2},"end":{"line":83,"column":3}},{"start":{},"end":{}}]},"7":{"loc":{"start":{"line":76,"column":6},"end":{"line":76,"column":58}},"type":"binary-expr","locations":[{"start":{"line":76,"column":6},"end":{"line":76,"column":25}},{"start":{"line":76,"column":29},"end":{"line":76,"column":58}}]},"8":{"loc":{"start":{"line":94,"column":2},"end":{"line":104,"column":3}},"type":"if","locations":[{"start":{"line":94,"column":2},"end":{"line":104,"column":3}},{"start":{},"end":{}}]},"9":{"loc":{"start":{"line":95,"column":3},"end":{"line":96,"column":66}},"type":"binary-expr","locations":[{"start":{"line":95,"column":3},"end":{"line":95,"column":22}},{"start":{"line":96,"column":4},"end":{"line":96,"column":32}},{"start":{"line":96,"column":36},"end":{"line":96,"column":65}}]},"10":{"loc":{"start":{"line":121,"column":2},"end":{"line":131,"column":3}},"type":"if","locations":[{"start":{"line":121,"column":2},"end":{"line":131,"column":3}},{"start":{},"end":{}}]},"11":{"loc":{"start":{"line":122,"column":3},"end":{"line":123,"column":66}},"type":"binary-expr","locations":[{"start":{"line":122,"column":3},"end":{"line":122,"column":22}},{"start":{"line":123,"column":4},"end":{"line":123,"column":32}},{"start":{"line":123,"column":36},"end":{"line":123,"column":65}}]}},"s":{"0":1,"1":1,"2":1,"3":15,"4":4,"5":11,"6":11,"7":11,"8":8,"9":3,"10":1,"11":4,"12":2,"13":2,"14":2,"15":2,"16":0,"17":1,"18":6,"19":2,"20":4,"21":4,"22":4,"23":0,"24":1,"25":5,"26":2,"27":3,"28":3,"29":3,"30":0,"31":1,"32":12,"33":2,"34":10,"35":10,"36":10,"37":10,"38":6,"39":4,"40":1,"41":19,"42":2,"43":17,"44":17,"45":17,"46":17,"47":15,"48":2,"49":1},"f":{"0":1,"1":15,"2":4,"3":6,"4":5,"5":12,"6":19},"b":{"0":[4,11],"1":[15,15],"2":[2,2],"3":[4,4],"4":[2,4],"5":[6,6],"6":[2,3],"7":[5,5],"8":[2,10],"9":[12,12,4],"10":[2,17],"11":[19,19,5]}}
,"C:\\Users\\Dhoug\\helpDesk-api\\src\\controllers\\userController.ts": {"path":"C:\\Users\\Dhoug\\helpDesk-api\\src\\controllers\\userController.ts","statementMap":{"0":{"start":{"line":4,"column":0},"end":{"line":4,"column":52}},"1":{"start":{"line":5,"column":0},"end":{"line":5,"column":52}},"2":{"start":{"line":12,"column":2},"end":{"line":12,"column":null}},"3":{"start":{"line":13,"column":2},"end":{"line":13,"column":null}},"4":{"start":{"line":16,"column":9},"end":{"line":25,"column":2}},"5":{"start":{"line":17,"column":30},"end":{"line":17,"column":42}},"6":{"start":{"line":19,"column":2},"end":{"line":24,"column":3}},"7":{"start":{"line":20,"column":17},"end":{"line":20,"column":69}},"8":{"start":{"line":21,"column":3},"end":{"line":21,"column":null}},"9":{"start":{"line":23,"column":3},"end":{"line":23,"column":null}},"10":{"start":{"line":27,"column":21},"end":{"line":48,"column":2}},"11":{"start":{"line":28,"column":2},"end":{"line":32,"column":3}},"12":{"start":{"line":29,"column":3},"end":{"line":31,"column":null}},"13":{"start":{"line":34,"column":52},"end":{"line":34,"column":64}},"14":{"start":{"line":36,"column":2},"end":{"line":47,"column":3}},"15":{"start":{"line":37,"column":19},"end":{"line":43,"column":5}},"16":{"start":{"line":44,"column":3},"end":{"line":44,"column":null}},"17":{"start":{"line":46,"column":3},"end":{"line":46,"column":null}},"18":{"start":{"line":50,"column":23},"end":{"line":64,"column":2}},"19":{"start":{"line":51,"column":52},"end":{"line":51,"column":64}},"20":{"start":{"line":52,"column":2},"end":{"line":63,"column":3}},"21":{"start":{"line":53,"column":21},"end":{"line":59,"column":5}},"22":{"start":{"line":60,"column":3},"end":{"line":60,"column":null}},"23":{"start":{"line":62,"column":3},"end":{"line":62,"column":null}},"24":{"start":{"line":66,"column":20},"end":{"line":79,"column":2}},"25":{"start":{"line":67,"column":2},"end":{"line":71,"column":3}},"26":{"start":{"line":68,"column":3},"end":{"line":70,"column":null}},"27":{"start":{"line":73,"column":2},"end":{"line":78,"column":3}},"28":{"start":{"line":74,"column":20},"end":{"line":74,"column":61}},"29":{"start":{"line":75,"column":3},"end":{"line":75,"column":null}},"30":{"start":{"line":77,"column":3},"end":{"line":77,"column":null}},"31":{"start":{"line":81,"column":22},"end":{"line":94,"column":2}},"32":{"start":{"line":82,"column":2},"end":{"line":86,"column":3}},"33":{"start":{"line":83,"column":3},"end":{"line":85,"column":null}},"34":{"start":{"line":88,"column":2},"end":{"line":93,"column":3}},"35":{"start":{"line":89,"column":22},"end":{"line":89,"column":65}},"36":{"start":{"line":90,"column":3},"end":{"line":90,"column":null}},"37":{"start":{"line":92,"column":3},"end":{"line":92,"column":null}},"38":{"start":{"line":96,"column":21},"end":{"line":112,"column":2}},"39":{"start":{"line":97,"column":2},"end":{"line":101,"column":3}},"40":{"start":{"line":98,"column":3},"end":{"line":100,"column":null}},"41":{"start":{"line":102,"column":2},"end":{"line":111,"column":3}},"42":{"start":{"line":103,"column":3},"end":{"line":107,"column":4}},"43":{"start":{"line":104,"column":29},"end":{"line":104,"column":67}},"44":{"start":{"line":105,"column":22},"end":{"line":105,"column":99}},"45":{"start":{"line":106,"column":4},"end":{"line":106,"column":null}},"46":{"start":{"line":108,"column":3},"end":{"line":108,"column":null}},"47":{"start":{"line":110,"column":3},"end":{"line":110,"column":null}},"48":{"start":{"line":114,"column":18},"end":{"line":121,"column":2}},"49":{"start":{"line":115,"column":2},"end":{"line":120,"column":3}},"50":{"start":{"line":116,"column":23},"end":{"line":116,"column":79}},"51":{"start":{"line":117,"column":3},"end":{"line":117,"column":null}},"52":{"start":{"line":119,"column":3},"end":{"line":119,"column":null}},"53":{"start":{"line":123,"column":21},"end":{"line":150,"column":2}},"54":{"start":{"line":124,"column":27},"end":{"line":124,"column":112}},"55":{"start":{"line":125,"column":2},"end":{"line":129,"column":3}},"56":{"start":{"line":126,"column":3},"end":{"line":128,"column":null}},"57":{"start":{"line":130,"column":2},"end":{"line":134,"column":3}},"58":{"start":{"line":131,"column":3},"end":{"line":133,"column":null}},"59":{"start":{"line":135,"column":2},"end":{"line":149,"column":3}},"60":{"start":{"line":136,"column":26},"end":{"line":136,"column":43}},"61":{"start":{"line":137,"column":68},"end":{"line":137,"column":80}},"62":{"start":{"line":138,"column":19},"end":{"line":145,"column":5}},"63":{"start":{"line":146,"column":3},"end":{"line":146,"column":null}},"64":{"start":{"line":148,"column":3},"end":{"line":148,"column":null}},"65":{"start":{"line":152,"column":22},"end":{"line":174,"column":2}},"66":{"start":{"line":153,"column":27},"end":{"line":153,"column":78}},"67":{"start":{"line":154,"column":2},"end":{"line":158,"column":3}},"68":{"start":{"line":155,"column":3},"end":{"line":157,"column":null}},"69":{"start":{"line":159,"column":2},"end":{"line":173,"column":3}},"70":{"start":{"line":160,"column":26},"end":{"line":160,"column":43}},"71":{"start":{"line":161,"column":68},"end":{"line":161,"column":80}},"72":{"start":{"line":162,"column":20},"end":{"line":169,"column":5}},"73":{"start":{"line":170,"column":3},"end":{"line":170,"column":null}},"74":{"start":{"line":172,"column":3},"end":{"line":172,"column":null}},"75":{"start":{"line":176,"column":23},"end":{"line":203,"column":2}},"76":{"start":{"line":177,"column":27},"end":{"line":177,"column":114}},"77":{"start":{"line":178,"column":2},"end":{"line":182,"column":3}},"78":{"start":{"line":179,"column":3},"end":{"line":181,"column":null}},"79":{"start":{"line":183,"column":2},"end":{"line":187,"column":3}},"80":{"start":{"line":184,"column":3},"end":{"line":186,"column":null}},"81":{"start":{"line":188,"column":2},"end":{"line":202,"column":3}},"82":{"start":{"line":189,"column":26},"end":{"line":189,"column":43}},"83":{"start":{"line":190,"column":68},"end":{"line":190,"column":80}},"84":{"start":{"line":191,"column":21},"end":{"line":198,"column":5}},"85":{"start":{"line":199,"column":3},"end":{"line":199,"column":null}},"86":{"start":{"line":201,"column":3},"end":{"line":201,"column":null}},"87":{"start":{"line":205,"column":28},"end":{"line":225,"column":2}},"88":{"start":{"line":206,"column":27},"end":{"line":206,"column":112}},"89":{"start":{"line":207,"column":2},"end":{"line":211,"column":3}},"90":{"start":{"line":208,"column":3},"end":{"line":210,"column":null}},"91":{"start":{"line":212,"column":2},"end":{"line":216,"column":3}},"92":{"start":{"line":213,"column":3},"end":{"line":215,"column":null}},"93":{"start":{"line":217,"column":2},"end":{"line":224,"column":3}},"94":{"start":{"line":218,"column":26},"end":{"line":218,"column":43}},"95":{"start":{"line":219,"column":33},"end":{"line":219,"column":45}},"96":{"start":{"line":220,"column":19},"end":{"line":220,"column":101}},"97":{"start":{"line":221,"column":3},"end":{"line":221,"column":null}},"98":{"start":{"line":223,"column":3},"end":{"line":223,"column":null}},"99":{"start":{"line":227,"column":23},"end":{"line":245,"column":2}},"100":{"start":{"line":228,"column":27},"end":{"line":228,"column":114}},"101":{"start":{"line":229,"column":2},"end":{"line":233,"column":3}},"102":{"start":{"line":230,"column":3},"end":{"line":232,"column":null}},"103":{"start":{"line":234,"column":2},"end":{"line":238,"column":3}},"104":{"start":{"line":235,"column":3},"end":{"line":237,"column":null}},"105":{"start":{"line":239,"column":2},"end":{"line":244,"column":3}},"106":{"start":{"line":240,"column":3},"end":{"line":240,"column":null}},"107":{"start":{"line":241,"column":3},"end":{"line":241,"column":null}},"108":{"start":{"line":243,"column":3},"end":{"line":243,"column":null}},"109":{"start":{"line":7,"column":0},"end":{"line":7,"column":21}}},"fnMap":{"0":{"name":"(anonymous_1)","decl":{"start":{"line":11,"column":1},"end":{"line":11,"column":null}},"loc":{"start":{"line":11,"column":1},"end":{"line":14,"column":2}}},"1":{"name":"(anonymous_2)","decl":{"start":{"line":16,"column":9},"end":{"line":16,"column":14}},"loc":{"start":{"line":16,"column":53},"end":{"line":25,"column":2}}},"2":{"name":"(anonymous_3)","decl":{"start":{"line":27,"column":21},"end":{"line":27,"column":26}},"loc":{"start":{"line":27,"column":68},"end":{"line":48,"column":2}}},"3":{"name":"(anonymous_4)","decl":{"start":{"line":50,"column":23},"end":{"line":50,"column":28}},"loc":{"start":{"line":50,"column":70},"end":{"line":64,"column":2}}},"4":{"name":"(anonymous_5)","decl":{"start":{"line":66,"column":20},"end":{"line":66,"column":25}},"loc":{"start":{"line":66,"column":67},"end":{"line":79,"column":2}}},"5":{"name":"(anonymous_6)","decl":{"start":{"line":81,"column":22},"end":{"line":81,"column":27}},"loc":{"start":{"line":81,"column":69},"end":{"line":94,"column":2}}},"6":{"name":"(anonymous_7)","decl":{"start":{"line":96,"column":21},"end":{"line":96,"column":26}},"loc":{"start":{"line":96,"column":68},"end":{"line":112,"column":2}}},"7":{"name":"(anonymous_8)","decl":{"start":{"line":114,"column":18},"end":{"line":114,"column":23}},"loc":{"start":{"line":114,"column":65},"end":{"line":121,"column":2}}},"8":{"name":"(anonymous_9)","decl":{"start":{"line":123,"column":21},"end":{"line":123,"column":26}},"loc":{"start":{"line":123,"column":68},"end":{"line":150,"column":2}}},"9":{"name":"(anonymous_10)","decl":{"start":{"line":152,"column":22},"end":{"line":152,"column":27}},"loc":{"start":{"line":152,"column":69},"end":{"line":174,"column":2}}},"10":{"name":"(anonymous_11)","decl":{"start":{"line":176,"column":23},"end":{"line":176,"column":28}},"loc":{"start":{"line":176,"column":70},"end":{"line":203,"column":2}}},"11":{"name":"(anonymous_12)","decl":{"start":{"line":205,"column":28},"end":{"line":205,"column":33}},"loc":{"start":{"line":205,"column":75},"end":{"line":225,"column":2}}},"12":{"name":"(anonymous_13)","decl":{"start":{"line":227,"column":23},"end":{"line":227,"column":28}},"loc":{"start":{"line":227,"column":70},"end":{"line":245,"column":2}}}},"branchMap":{"0":{"loc":{"start":{"line":28,"column":2},"end":{"line":32,"column":3}},"type":"if","locations":[{"start":{"line":28,"column":2},"end":{"line":32,"column":3}},{"start":{},"end":{}}]},"1":{"loc":{"start":{"line":28,"column":6},"end":{"line":28,"column":58}},"type":"binary-expr","locations":[{"start":{"line":28,"column":6},"end":{"line":28,"column":25}},{"start":{"line":28,"column":29},"end":{"line":28,"column":58}}]},"2":{"loc":{"start":{"line":67,"column":2},"end":{"line":71,"column":3}},"type":"if","locations":[{"start":{"line":67,"column":2},"end":{"line":71,"column":3}},{"start":{},"end":{}}]},"3":{"loc":{"start":{"line":67,"column":6},"end":{"line":67,"column":58}},"type":"binary-expr","locations":[{"start":{"line":67,"column":6},"end":{"line":67,"column":25}},{"start":{"line":67,"column":29},"end":{"line":67,"column":58}}]},"4":{"loc":{"start":{"line":82,"column":2},"end":{"line":86,"column":3}},"type":"if","locations":[{"start":{"line":82,"column":2},"end":{"line":86,"column":3}},{"start":{},"end":{}}]},"5":{"loc":{"start":{"line":82,"column":6},"end":{"line":82,"column":58}},"type":"binary-expr","locations":[{"start":{"line":82,"column":6},"end":{"line":82,"column":25}},{"start":{"line":82,"column":29},"end":{"line":82,"column":58}}]},"6":{"loc":{"start":{"line":97,"column":2},"end":{"line":101,"column":3}},"type":"if","locations":[{"start":{"line":97,"column":2},"end":{"line":101,"column":3}},{"start":{},"end":{}}]},"7":{"loc":{"start":{"line":97,"column":6},"end":{"line":97,"column":96}},"type":"binary-expr","locations":[{"start":{"line":97,"column":6},"end":{"line":97,"column":22}},{"start":{"line":97,"column":26},"end":{"line":97,"column":63}},{"start":{"line":97,"column":67},"end":{"line":97,"column":96}}]},"8":{"loc":{"start":{"line":103,"column":3},"end":{"line":107,"column":4}},"type":"if","locations":[{"start":{"line":103,"column":3},"end":{"line":107,"column":4}},{"start":{},"end":{}}]},"9":{"loc":{"start":{"line":124,"column":27},"end":{"line":124,"column":112}},"type":"binary-expr","locations":[{"start":{"line":124,"column":27},"end":{"line":124,"column":45}},{"start":{"line":124,"column":50},"end":{"line":124,"column":78}},{"start":{"line":124,"column":82},"end":{"line":124,"column":111}}]},"10":{"loc":{"start":{"line":125,"column":2},"end":{"line":129,"column":3}},"type":"if","locations":[{"start":{"line":125,"column":2},"end":{"line":129,"column":3}},{"start":{},"end":{}}]},"11":{"loc":{"start":{"line":130,"column":2},"end":{"line":134,"column":3}},"type":"if","locations":[{"start":{"line":130,"column":2},"end":{"line":134,"column":3}},{"start":{},"end":{}}]},"12":{"loc":{"start":{"line":130,"column":6},"end":{"line":130,"column":96}},"type":"binary-expr","locations":[{"start":{"line":130,"column":6},"end":{"line":130,"column":22}},{"start":{"line":130,"column":26},"end":{"line":130,"column":63}},{"start":{"line":130,"column":67},"end":{"line":130,"column":96}}]},"13":{"loc":{"start":{"line":153,"column":27},"end":{"line":153,"column":78}},"type":"binary-expr","locations":[{"start":{"line":153,"column":27},"end":{"line":153,"column":45}},{"start":{"line":153,"column":49},"end":{"line":153,"column":78}}]},"14":{"loc":{"start":{"line":154,"column":2},"end":{"line":158,"column":3}},"type":"if","locations":[{"start":{"line":154,"column":2},"end":{"line":158,"column":3}},{"start":{},"end":{}}]},"15":{"loc":{"start":{"line":177,"column":27},"end":{"line":177,"column":114}},"type":"binary-expr","locations":[{"start":{"line":177,"column":27},"end":{"line":177,"column":45}},{"start":{"line":177,"column":50},"end":{"line":177,"column":80}},{"start":{"line":177,"column":84},"end":{"line":177,"column":113}}]},"16":{"loc":{"start":{"line":178,"column":2},"end":{"line":182,"column":3}},"type":"if","locations":[{"start":{"line":178,"column":2},"end":{"line":182,"column":3}},{"start":{},"end":{}}]},"17":{"loc":{"start":{"line":183,"column":2},"end":{"line":187,"column":3}},"type":"if","locations":[{"start":{"line":183,"column":2},"end":{"line":187,"column":3}},{"start":{},"end":{}}]},"18":{"loc":{"start":{"line":183,"column":6},"end":{"line":183,"column":96}},"type":"binary-expr","locations":[{"start":{"line":183,"column":6},"end":{"line":183,"column":22}},{"start":{"line":183,"column":26},"end":{"line":183,"column":63}},{"start":{"line":183,"column":67},"end":{"line":183,"column":96}}]},"19":{"loc":{"start":{"line":206,"column":27},"end":{"line":206,"column":112}},"type":"binary-expr","locations":[{"start":{"line":206,"column":27},"end":{"line":206,"column":45}},{"start":{"line":206,"column":50},"end":{"line":206,"column":78}},{"start":{"line":206,"column":82},"end":{"line":206,"column":111}}]},"20":{"loc":{"start":{"line":207,"column":2},"end":{"line":211,"column":3}},"type":"if","locations":[{"start":{"line":207,"column":2},"end":{"line":211,"column":3}},{"start":{},"end":{}}]},"21":{"loc":{"start":{"line":212,"column":2},"end":{"line":216,"column":3}},"type":"if","locations":[{"start":{"line":212,"column":2},"end":{"line":216,"column":3}},{"start":{},"end":{}}]},"22":{"loc":{"start":{"line":212,"column":6},"end":{"line":212,"column":96}},"type":"binary-expr","locations":[{"start":{"line":212,"column":6},"end":{"line":212,"column":22}},{"start":{"line":212,"column":26},"end":{"line":212,"column":63}},{"start":{"line":212,"column":67},"end":{"line":212,"column":96}}]},"23":{"loc":{"start":{"line":228,"column":27},"end":{"line":228,"column":114}},"type":"binary-expr","locations":[{"start":{"line":228,"column":27},"end":{"line":228,"column":45}},{"start":{"line":228,"column":50},"end":{"line":228,"column":79}},{"start":{"line":228,"column":83},"end":{"line":228,"column":113}}]},"24":{"loc":{"start":{"line":229,"column":2},"end":{"line":233,"column":3}},"type":"if","locations":[{"start":{"line":229,"column":2},"end":{"line":233,"column":3}},{"start":{},"end":{}}]},"25":{"loc":{"start":{"line":234,"column":2},"end":{"line":238,"column":3}},"type":"if","locations":[{"start":{"line":234,"column":2},"end":{"line":238,"column":3}},{"start":{},"end":{}}]},"26":{"loc":{"start":{"line":234,"column":6},"end":{"line":234,"column":96}},"type":"binary-expr","locations":[{"start":{"line":234,"column":6},"end":{"line":234,"column":22}},{"start":{"line":234,"column":26},"end":{"line":234,"column":63}},{"start":{"line":234,"column":67},"end":{"line":234,"column":96}}]}},"s":{"0":1,"1":1,"2":1,"3":1,"4":1,"5":4,"6":4,"7":4,"8":1,"9":3,"10":1,"11":5,"12":3,"13":2,"14":2,"15":2,"16":1,"17":1,"18":1,"19":3,"20":3,"21":3,"22":2,"23":1,"24":1,"25":2,"26":1,"27":1,"28":1,"29":1,"30":0,"31":1,"32":2,"33":1,"34":1,"35":1,"36":1,"37":0,"38":1,"39":5,"40":1,"41":4,"42":4,"43":3,"44":3,"45":2,"46":1,"47":1,"48":1,"49":2,"50":2,"51":1,"52":1,"53":1,"54":6,"55":6,"56":1,"57":5,"58":0,"59":5,"60":5,"61":5,"62":5,"63":2,"64":3,"65":1,"66":5,"67":5,"68":1,"69":4,"70":4,"71":4,"72":4,"73":1,"74":3,"75":1,"76":5,"77":5,"78":0,"79":5,"80":0,"81":5,"82":5,"83":5,"84":5,"85":2,"86":3,"87":1,"88":5,"89":5,"90":1,"91":4,"92":0,"93":4,"94":4,"95":4,"96":4,"97":2,"98":2,"99":1,"100":5,"101":5,"102":1,"103":4,"104":1,"105":3,"106":3,"107":2,"108":1,"109":1},"f":{"0":1,"1":4,"2":5,"3":3,"4":2,"5":2,"6":5,"7":2,"8":6,"9":5,"10":5,"11":5,"12":5},"b":{"0":[3,2],"1":[5,5],"2":[1,1],"3":[2,2],"4":[1,1],"5":[2,2],"6":[1,4],"7":[5,5,3],"8":[3,1],"9":[6,6,5],"10":[1,5],"11":[0,5],"12":[5,5,4],"13":[5,5],"14":[1,4],"15":[5,5,3],"16":[0,5],"17":[0,5],"18":[5,5,2],"19":[5,5,4],"20":[1,4],"21":[0,4],"22":[4,4,3],"23":[5,5,3],"24":[1,4],"25":[1,3],"26":[4,4,2]}}
,"C:\\Users\\Dhoug\\helpDesk-api\\src\\db\\connection.ts": {"path":"C:\\Users\\Dhoug\\helpDesk-api\\src\\db\\connection.ts","statementMap":{"0":{"start":{"line":1,"column":0},"end":{"line":1,"column":49}},"1":{"start":{"line":2,"column":0},"end":{"line":2,"column":31}},"2":{"start":{"line":3,"column":0},"end":{"line":3,"column":31}},"3":{"start":{"line":4,"column":0},"end":{"line":4,"column":42}},"4":{"start":{"line":6,"column":13},"end":{"line":6,"column":null}},"5":{"start":{"line":7,"column":13},"end":{"line":10,"column":null}}},"fnMap":{},"branchMap":{},"s":{"0":3,"1":3,"2":3,"3":3,"4":3,"5":3},"f":{},"b":{}}
,"C:\\Users\\Dhoug\\helpDesk-api\\src\\db\\schema\\index.ts": {"path":"C:\\Users\\Dhoug\\helpDesk-api\\src\\db\\schema\\index.ts","statementMap":{"0":{"start":{"line":1,"column":0},"end":{"line":1,"column":40}},"1":{"start":{"line":2,"column":0},"end":{"line":2,"column":67}},"2":{"start":{"line":3,"column":0},"end":{"line":3,"column":38}},"3":{"start":{"line":4,"column":0},"end":{"line":4,"column":53}},"4":{"start":{"line":5,"column":0},"end":{"line":5,"column":34}},"5":{"start":{"line":7,"column":13},"end":{"line":13,"column":null}}},"fnMap":{},"branchMap":{},"s":{"0":3,"1":3,"2":3,"3":3,"4":3,"5":3},"f":{},"b":{}}
,"C:\\Users\\Dhoug\\helpDesk-api\\src\\db\\schema\\services.ts": {"path":"C:\\Users\\Dhoug\\helpDesk-api\\src\\db\\schema\\services.ts","statementMap":{"0":{"start":{"line":1,"column":0},"end":{"line":1,"column":78}},"1":{"start":{"line":3,"column":13},"end":{"line":8,"column":null}}},"fnMap":{},"branchMap":{},"s":{"0":3,"1":3},"f":{},"b":{}}
,"C:\\Users\\Dhoug\\helpDesk-api\\src\\db\\schema\\techAvailabilities.ts": {"path":"C:\\Users\\Dhoug\\helpDesk-api\\src\\db\\schema\\techAvailabilities.ts","statementMap":{"0":{"start":{"line":1,"column":0},"end":{"line":1,"column":60}},"1":{"start":{"line":2,"column":0},"end":{"line":2,"column":34}},"2":{"start":{"line":3,"column":0},"end":{"line":3,"column":39}},"3":{"start":{"line":5,"column":13},"end":{"line":11,"column":null}},"4":{"start":{"line":8,"column":20},"end":{"line":8,"column":28}},"5":{"start":{"line":13,"column":13},"end":{"line":21,"column":null}},"6":{"start":{"line":15,"column":15},"end":{"line":20,"column":3}}},"fnMap":{"0":{"name":"(anonymous_0)","decl":{"start":{"line":8,"column":14},"end":{"line":8,"column":17}},"loc":{"start":{"line":8,"column":20},"end":{"line":8,"column":28}}},"1":{"name":"(anonymous_1)","decl":{"start":{"line":15,"column":1},"end":{"line":15,"column":2}},"loc":{"start":{"line":15,"column":15},"end":{"line":20,"column":3}}}},"branchMap":{},"s":{"0":3,"1":3,"2":3,"3":3,"4":0,"5":3,"6":0},"f":{"0":0,"1":0},"b":{}}
,"C:\\Users\\Dhoug\\helpDesk-api\\src\\db\\schema\\tickets.ts": {"path":"C:\\Users\\Dhoug\\helpDesk-api\\src\\db\\schema\\tickets.ts","statementMap":{"0":{"start":{"line":1,"column":0},"end":{"line":1,"column":70}},"1":{"start":{"line":2,"column":0},"end":{"line":2,"column":34}},"2":{"start":{"line":4,"column":13},"end":{"line":4,"column":null}},"3":{"start":{"line":6,"column":13},"end":{"line":17,"column":null}},"4":{"start":{"line":9,"column":20},"end":{"line":9,"column":28}},"5":{"start":{"line":12,"column":20},"end":{"line":12,"column":28}}},"fnMap":{"0":{"name":"(anonymous_0)","decl":{"start":{"line":9,"column":14},"end":{"line":9,"column":17}},"loc":{"start":{"line":9,"column":20},"end":{"line":9,"column":28}}},"1":{"name":"(anonymous_1)","decl":{"start":{"line":12,"column":14},"end":{"line":12,"column":17}},"loc":{"start":{"line":12,"column":20},"end":{"line":12,"column":28}}}},"branchMap":{},"s":{"0":3,"1":3,"2":3,"3":3,"4":0,"5":0},"f":{"0":0,"1":0},"b":{}}
,"C:\\Users\\Dhoug\\helpDesk-api\\src\\db\\schema\\ticketsServices.ts": {"path":"C:\\Users\\Dhoug\\helpDesk-api\\src\\db\\schema\\ticketsServices.ts","statementMap":{"0":{"start":{"line":1,"column":0},"end":{"line":1,"column":63}},"1":{"start":{"line":2,"column":0},"end":{"line":2,"column":38}},"2":{"start":{"line":3,"column":0},"end":{"line":3,"column":40}},"3":{"start":{"line":5,"column":13},"end":{"line":16,"column":null}},"4":{"start":{"line":9,"column":21},"end":{"line":9,"column":31}},"5":{"start":{"line":12,"column":21},"end":{"line":12,"column":32}},"6":{"start":{"line":15,"column":8},"end":{"line":15,"column":60}}},"fnMap":{"0":{"name":"(anonymous_0)","decl":{"start":{"line":9,"column":15},"end":{"line":9,"column":18}},"loc":{"start":{"line":9,"column":21},"end":{"line":9,"column":31}}},"1":{"name":"(anonymous_1)","decl":{"start":{"line":12,"column":15},"end":{"line":12,"column":18}},"loc":{"start":{"line":12,"column":21},"end":{"line":12,"column":32}}},"2":{"name":"(anonymous_2)","decl":{"start":{"line":15,"column":1},"end":{"line":15,"column":2}},"loc":{"start":{"line":15,"column":8},"end":{"line":15,"column":60}}}},"branchMap":{},"s":{"0":3,"1":3,"2":3,"3":3,"4":0,"5":0,"6":3},"f":{"0":0,"1":0,"2":3},"b":{}}
,"C:\\Users\\Dhoug\\helpDesk-api\\src\\db\\schema\\users.ts": {"path":"C:\\Users\\Dhoug\\helpDesk-api\\src\\db\\schema\\users.ts","statementMap":{"0":{"start":{"line":1,"column":0},"end":{"line":1,"column":68}},"1":{"start":{"line":2,"column":0},"end":{"line":2,"column":67}},"2":{"start":{"line":3,"column":0},"end":{"line":3,"column":39}},"3":{"start":{"line":5,"column":13},"end":{"line":5,"column":null}},"4":{"start":{"line":7,"column":13},"end":{"line":16,"column":null}},"5":{"start":{"line":18,"column":13},"end":{"line":20,"column":null}},"6":{"start":{"line":18,"column":61},"end":{"line":20,"column":2}}},"fnMap":{"0":{"name":"(anonymous_0)","decl":{"start":{"line":18,"column":46},"end":{"line":18,"column":47}},"loc":{"start":{"line":18,"column":61},"end":{"line":20,"column":2}}}},"branchMap":{},"s":{"0":3,"1":3,"2":3,"3":3,"4":3,"5":3,"6":0},"f":{"0":0},"b":{}}
,"C:\\Users\\Dhoug\\helpDesk-api\\src\\middlewares\\authMiddleware.ts": {"path":"C:\\Users\\Dhoug\\helpDesk-api\\src\\middlewares\\authMiddleware.ts","statementMap":{"0":{"start":{"line":6,"column":0},"end":{"line":6,"column":16}},"1":{"start":{"line":1,"column":0},"end":{"line":1,"column":32}},"2":{"start":{"line":3,"column":0},"end":{"line":3,"column":31}},"3":{"start":{"line":11,"column":20},"end":{"line":11,"column":34}},"4":{"start":{"line":12,"column":20},"end":{"line":12,"column":49}},"5":{"start":{"line":14,"column":1},"end":{"line":16,"column":2}},"6":{"start":{"line":15,"column":2},"end":{"line":15,"column":66}},"7":{"start":{"line":18,"column":19},"end":{"line":18,"column":40}},"8":{"start":{"line":20,"column":1},"end":{"line":22,"column":2}},"9":{"start":{"line":21,"column":2},"end":{"line":21,"column":63}},"10":{"start":{"line":23,"column":1},"end":{"line":29,"column":2}},"11":{"start":{"line":24,"column":18},"end":{"line":24,"column":62}},"12":{"start":{"line":25,"column":2},"end":{"line":25,"column":25}},"13":{"start":{"line":26,"column":2},"end":{"line":26,"column":16}},"14":{"start":{"line":28,"column":2},"end":{"line":28,"column":73}}},"fnMap":{"0":{"name":"authMiddleware","decl":{"start":{"line":6,"column":16},"end":{"line":6,"column":30}},"loc":{"start":{"line":9,"column":19},"end":{"line":30,"column":1}}}},"branchMap":{"0":{"loc":{"start":{"line":14,"column":1},"end":{"line":16,"column":2}},"type":"if","locations":[{"start":{"line":14,"column":1},"end":{"line":16,"column":2}},{"start":{},"end":{}}]},"1":{"loc":{"start":{"line":20,"column":1},"end":{"line":22,"column":2}},"type":"if","locations":[{"start":{"line":20,"column":1},"end":{"line":22,"column":2}},{"start":{},"end":{}}]}},"s":{"0":4,"1":4,"2":4,"3":228,"4":228,"5":228,"6":33,"7":195,"8":195,"9":3,"10":192,"11":192,"12":184,"13":184,"14":8},"f":{"0":228},"b":{"0":[33,195],"1":[3,192]}}
,"C:\\Users\\Dhoug\\helpDesk-api\\src\\middlewares\\validateDataMiddleware.ts": {"path":"C:\\Users\\Dhoug\\helpDesk-api\\src\\middlewares\\validateDataMiddleware.ts","statementMap":{"0":{"start":{"line":5,"column":0},"end":{"line":5,"column":16}},"1":{"start":{"line":14,"column":1},"end":{"line":50,"column":3}},"2":{"start":{"line":15,"column":2},"end":{"line":26,"column":3}},"3":{"start":{"line":16,"column":22},"end":{"line":16,"column":52}},"4":{"start":{"line":18,"column":3},"end":{"line":23,"column":4}},"5":{"start":{"line":19,"column":4},"end":{"line":22,"column":7}},"6":{"start":{"line":21,"column":52},"end":{"line":21,"column":65}},"7":{"start":{"line":25,"column":3},"end":{"line":25,"column":30}},"8":{"start":{"line":28,"column":2},"end":{"line":37,"column":3}},"9":{"start":{"line":29,"column":24},"end":{"line":29,"column":58}},"10":{"start":{"line":30,"column":3},"end":{"line":35,"column":4}},"11":{"start":{"line":31,"column":4},"end":{"line":34,"column":7}},"12":{"start":{"line":33,"column":54},"end":{"line":33,"column":67}},"13":{"start":{"line":36,"column":3},"end":{"line":36,"column":34}},"14":{"start":{"line":39,"column":2},"end":{"line":48,"column":3}},"15":{"start":{"line":40,"column":23},"end":{"line":40,"column":55}},"16":{"start":{"line":41,"column":3},"end":{"line":46,"column":4}},"17":{"start":{"line":42,"column":4},"end":{"line":45,"column":7}},"18":{"start":{"line":44,"column":53},"end":{"line":44,"column":66}},"19":{"start":{"line":47,"column":3},"end":{"line":47,"column":32}},"20":{"start":{"line":49,"column":2},"end":{"line":49,"column":9}}},"fnMap":{"0":{"name":"validateZodSchema","decl":{"start":{"line":5,"column":16},"end":{"line":5,"column":33}},"loc":{"start":{"line":12,"column":26},"end":{"line":51,"column":1}}},"1":{"name":"(anonymous_1)","decl":{"start":{"line":14,"column":8},"end":{"line":14,"column":9}},"loc":{"start":{"line":14,"column":63},"end":{"line":50,"column":2}}},"2":{"name":"(anonymous_2)","decl":{"start":{"line":21,"column":41},"end":{"line":21,"column":42}},"loc":{"start":{"line":21,"column":52},"end":{"line":21,"column":65}}},"3":{"name":"(anonymous_3)","decl":{"start":{"line":33,"column":43},"end":{"line":33,"column":44}},"loc":{"start":{"line":33,"column":54},"end":{"line":33,"column":67}}},"4":{"name":"(anonymous_4)","decl":{"start":{"line":44,"column":42},"end":{"line":44,"column":43}},"loc":{"start":{"line":44,"column":53},"end":{"line":44,"column":66}}}},"branchMap":{"0":{"loc":{"start":{"line":15,"column":2},"end":{"line":26,"column":3}},"type":"if","locations":[{"start":{"line":15,"column":2},"end":{"line":26,"column":3}},{"start":{},"end":{}}]},"1":{"loc":{"start":{"line":18,"column":3},"end":{"line":23,"column":4}},"type":"if","locations":[{"start":{"line":18,"column":3},"end":{"line":23,"column":4}},{"start":{},"end":{}}]},"2":{"loc":{"start":{"line":28,"column":2},"end":{"line":37,"column":3}},"type":"if","locations":[{"start":{"line":28,"column":2},"end":{"line":37,"column":3}},{"start":{},"end":{}}]},"3":{"loc":{"start":{"line":30,"column":3},"end":{"line":35,"column":4}},"type":"if","locations":[{"start":{"line":30,"column":3},"end":{"line":35,"column":4}},{"start":{},"end":{}}]},"4":{"loc":{"start":{"line":39,"column":2},"end":{"line":48,"column":3}},"type":"if","locations":[{"start":{"line":39,"column":2},"end":{"line":48,"column":3}},{"start":{},"end":{}}]},"5":{"loc":{"start":{"line":41,"column":3},"end":{"line":46,"column":4}},"type":"if","locations":[{"start":{"line":41,"column":3},"end":{"line":46,"column":4}},{"start":{},"end":{}}]}},"s":{"0":4,"1":52,"2":197,"3":172,"4":172,"5":45,"6":60,"7":127,"8":152,"9":101,"10":101,"11":12,"12":12,"13":89,"14":140,"15":6,"16":6,"17":2,"18":2,"19":4,"20":138},"f":{"0":52,"1":197,"2":60,"3":12,"4":2},"b":{"0":[172,25],"1":[45,127],"2":[101,51],"3":[12,89],"4":[6,134],"5":[2,4]}}
,"C:\\Users\\Dhoug\\helpDesk-api\\src\\routes\\serviceRoutes.ts": {"path":"C:\\Users\\Dhoug\\helpDesk-api\\src\\routes\\serviceRoutes.ts","statementMap":{"0":{"start":{"line":1,"column":0},"end":{"line":1,"column":33}},"1":{"start":{"line":2,"column":0},"end":{"line":2,"column":66}},"2":{"start":{"line":3,"column":0},"end":{"line":3,"column":77}},"3":{"start":{"line":4,"column":0},"end":{"line":4,"column":24}},"4":{"start":{"line":5,"column":0},"end":{"line":5,"column":68}},"5":{"start":{"line":7,"column":15},"end":{"line":7,"column":23}},"6":{"start":{"line":48,"column":19},"end":{"line":48,"column":32}},"7":{"start":{"line":8,"column":26},"end":{"line":8,"column":49}},"8":{"start":{"line":10,"column":0},"end":{"line":20,"column":2}},"9":{"start":{"line":21,"column":0},"end":{"line":21,"column":68}},"10":{"start":{"line":22,"column":0},"end":{"line":35,"column":2}},"11":{"start":{"line":36,"column":0},"end":{"line":46,"column":2}}},"fnMap":{},"branchMap":{},"s":{"0":1,"1":1,"2":1,"3":1,"4":1,"5":1,"6":1,"7":1,"8":1,"9":1,"10":1,"11":1},"f":{},"b":{}}
,"C:\\Users\\Dhoug\\helpDesk-api\\src\\routes\\ticketRoutes.ts": {"path":"C:\\Users\\Dhoug\\helpDesk-api\\src\\routes\\ticketRoutes.ts","statementMap":{"0":{"start":{"line":1,"column":0},"end":{"line":1,"column":33}},"1":{"start":{"line":2,"column":0},"end":{"line":2,"column":66}},"2":{"start":{"line":3,"column":0},"end":{"line":3,"column":77}},"3":{"start":{"line":4,"column":0},"end":{"line":4,"column":24}},"4":{"start":{"line":5,"column":0},"end":{"line":5,"column":66}},"5":{"start":{"line":7,"column":15},"end":{"line":7,"column":23}},"6":{"start":{"line":55,"column":19},"end":{"line":55,"column":31}},"7":{"start":{"line":8,"column":25},"end":{"line":8,"column":47}},"8":{"start":{"line":10,"column":0},"end":{"line":20,"column":2}},"9":{"start":{"line":21,"column":0},"end":{"line":25,"column":2}},"10":{"start":{"line":26,"column":0},"end":{"line":26,"column":70}},"11":{"start":{"line":27,"column":0},"end":{"line":27,"column":69}},"12":{"start":{"line":28,"column":0},"end":{"line":40,"column":2}},"13":{"start":{"line":41,"column":0},"end":{"line":53,"column":2}}},"fnMap":{},"branchMap":{},"s":{"0":1,"1":1,"2":1,"3":1,"4":1,"5":1,"6":1,"7":1,"8":1,"9":1,"10":1,"11":1,"12":1,"13":1},"f":{},"b":{}}
,"C:\\Users\\Dhoug\\helpDesk-api\\src\\routes\\userRoutes.ts": {"path":"C:\\Users\\Dhoug\\helpDesk-api\\src\\routes\\userRoutes.ts","statementMap":{"0":{"start":{"line":1,"column":0},"end":{"line":1,"column":32}},"1":{"start":{"line":2,"column":0},"end":{"line":2,"column":61}},"2":{"start":{"line":3,"column":0},"end":{"line":3,"column":65}},"3":{"start":{"line":4,"column":0},"end":{"line":4,"column":76}},"4":{"start":{"line":5,"column":0},"end":{"line":5,"column":23}},"5":{"start":{"line":6,"column":0},"end":{"line":6,"column":27}},"6":{"start":{"line":8,"column":15},"end":{"line":8,"column":23}},"7":{"start":{"line":154,"column":19},"end":{"line":154,"column":29}},"8":{"start":{"line":9,"column":23},"end":{"line":9,"column":43}},"9":{"start":{"line":10,"column":15},"end":{"line":10,"column":58}},"10":{"start":{"line":13,"column":0},"end":{"line":13,"column":null}},"11":{"start":{"line":16,"column":0},"end":{"line":29,"column":null}},"12":{"start":{"line":30,"column":0},"end":{"line":30,"column":null}},"13":{"start":{"line":31,"column":0},"end":{"line":47,"column":null}},"14":{"start":{"line":48,"column":0},"end":{"line":66,"column":null}},"15":{"start":{"line":68,"column":0},"end":{"line":84,"column":null}},"16":{"start":{"line":87,"column":0},"end":{"line":99,"column":null}},"17":{"start":{"line":100,"column":0},"end":{"line":116,"column":null}},"18":{"start":{"line":117,"column":0},"end":{"line":117,"column":null}},"19":{"start":{"line":118,"column":0},"end":{"line":128,"column":null}},"20":{"start":{"line":131,"column":0},"end":{"line":142,"column":null}},"21":{"start":{"line":143,"column":0},"end":{"line":152,"column":null}}},"fnMap":{},"branchMap":{},"s":{"0":1,"1":1,"2":1,"3":1,"4":1,"5":1,"6":1,"7":1,"8":1,"9":1,"10":1,"11":1,"12":1,"13":1,"14":1,"15":1,"16":1,"17":1,"18":1,"19":1,"20":1,"21":1},"f":{},"b":{}}
,"C:\\Users\\Dhoug\\helpDesk-api\\src\\services\\authService.ts": {"path":"C:\\Users\\Dhoug\\helpDesk-api\\src\\services\\authService.ts","statementMap":{"0":{"start":{"line":1,"column":0},"end":{"line":1,"column":28}},"1":{"start":{"line":2,"column":0},"end":{"line":2,"column":31}},"2":{"start":{"line":3,"column":0},"end":{"line":3,"column":32}},"3":{"start":{"line":4,"column":0},"end":{"line":4,"column":41}},"4":{"start":{"line":5,"column":0},"end":{"line":5,"column":47}},"5":{"start":{"line":6,"column":0},"end":{"line":6,"column":33}},"6":{"start":{"line":10,"column":16},"end":{"line":31,"column":2}},"7":{"start":{"line":11,"column":15},"end":{"line":13,"column":4}},"8":{"start":{"line":14,"column":2},"end":{"line":16,"column":3}},"9":{"start":{"line":15,"column":3},"end":{"line":15,"column":44}},"10":{"start":{"line":18,"column":13},"end":{"line":18,"column":62}},"11":{"start":{"line":19,"column":2},"end":{"line":21,"column":3}},"12":{"start":{"line":20,"column":3},"end":{"line":20,"column":44}},"13":{"start":{"line":24,"column":2},"end":{"line":30,"column":4}},"14":{"start":{"line":8,"column":0},"end":{"line":8,"column":21}}},"fnMap":{"0":{"name":"(anonymous_1)","decl":{"start":{"line":10,"column":16},"end":{"line":10,"column":21}},"loc":{"start":{"line":10,"column":58},"end":{"line":31,"column":2}}}},"branchMap":{"0":{"loc":{"start":{"line":14,"column":2},"end":{"line":16,"column":3}},"type":"if","locations":[{"start":{"line":14,"column":2},"end":{"line":16,"column":3}},{"start":{},"end":{}}]},"1":{"loc":{"start":{"line":19,"column":2},"end":{"line":21,"column":3}},"type":"if","locations":[{"start":{"line":19,"column":2},"end":{"line":21,"column":3}},{"start":{},"end":{}}]}},"s":{"0":1,"1":1,"2":1,"3":1,"4":1,"5":1,"6":1,"7":4,"8":3,"9":1,"10":2,"11":2,"12":1,"13":1,"14":1},"f":{"0":4},"b":{"0":[1,2],"1":[1,1]}}
,"C:\\Users\\Dhoug\\helpDesk-api\\src\\services\\serviceService.ts": {"path":"C:\\Users\\Dhoug\\helpDesk-api\\src\\services\\serviceService.ts","statementMap":{"0":{"start":{"line":2,"column":0},"end":{"line":2,"column":41}},"1":{"start":{"line":3,"column":0},"end":{"line":3,"column":47}},"2":{"start":{"line":4,"column":0},"end":{"line":4,"column":33}},"3":{"start":{"line":8,"column":17},"end":{"line":15,"column":15}},"4":{"start":{"line":9,"column":2},"end":{"line":15,"column":15}},"5":{"start":{"line":17,"column":17},"end":{"line":33,"column":2}},"6":{"start":{"line":18,"column":24},"end":{"line":20,"column":4}},"7":{"start":{"line":21,"column":2},"end":{"line":23,"column":3}},"8":{"start":{"line":22,"column":3},"end":{"line":22,"column":47}},"9":{"start":{"line":25,"column":2},"end":{"line":32,"column":16}},"10":{"start":{"line":35,"column":21},"end":{"line":50,"column":2}},"11":{"start":{"line":36,"column":24},"end":{"line":38,"column":4}},"12":{"start":{"line":39,"column":2},"end":{"line":41,"column":3}},"13":{"start":{"line":40,"column":3},"end":{"line":40,"column":47}},"14":{"start":{"line":43,"column":2},"end":{"line":49,"column":16}},"15":{"start":{"line":52,"column":16},"end":{"line":55,"column":4}},"16":{"start":{"line":53,"column":2},"end":{"line":55,"column":4}},"17":{"start":{"line":6,"column":0},"end":{"line":6,"column":21}}},"fnMap":{"0":{"name":"(anonymous_0)","decl":{"start":{"line":8,"column":17},"end":{"line":8,"column":22}},"loc":{"start":{"line":9,"column":2},"end":{"line":15,"column":15}}},"1":{"name":"(anonymous_1)","decl":{"start":{"line":17,"column":17},"end":{"line":17,"column":22}},"loc":{"start":{"line":17,"column":75},"end":{"line":33,"column":2}}},"2":{"name":"(anonymous_2)","decl":{"start":{"line":35,"column":21},"end":{"line":35,"column":26}},"loc":{"start":{"line":35,"column":49},"end":{"line":50,"column":2}}},"3":{"name":"(anonymous_3)","decl":{"start":{"line":52,"column":16},"end":{"line":52,"column":21}},"loc":{"start":{"line":53,"column":2},"end":{"line":55,"column":4}}}},"branchMap":{"0":{"loc":{"start":{"line":21,"column":2},"end":{"line":23,"column":3}},"type":"if","locations":[{"start":{"line":21,"column":2},"end":{"line":23,"column":3}},{"start":{},"end":{}}]},"1":{"loc":{"start":{"line":39,"column":2},"end":{"line":41,"column":3}},"type":"if","locations":[{"start":{"line":39,"column":2},"end":{"line":41,"column":3}},{"start":{},"end":{}}]}},"s":{"0":1,"1":1,"2":1,"3":1,"4":9,"5":1,"6":5,"7":5,"8":1,"9":4,"10":1,"11":5,"12":5,"13":1,"14":4,"15":1,"16":7,"17":1},"f":{"0":9,"1":5,"2":5,"3":7},"b":{"0":[1,4],"1":[1,4]}}
,"C:\\Users\\Dhoug\\helpDesk-api\\src\\services\\ticketService.ts": {"path":"C:\\Users\\Dhoug\\helpDesk-api\\src\\services\\ticketService.ts","statementMap":{"0":{"start":{"line":2,"column":0},"end":{"line":2,"column":40}},"1":{"start":{"line":3,"column":0},"end":{"line":3,"column":46}},"2":{"start":{"line":4,"column":0},"end":{"line":4,"column":57}},"3":{"start":{"line":9,"column":16},"end":{"line":63,"column":2}},"4":{"start":{"line":10,"column":24},"end":{"line":17,"column":74}},"5":{"start":{"line":20,"column":2},"end":{"line":20,"column":null}},"6":{"start":{"line":20,"column":25},"end":{"line":20,"column":null}},"7":{"start":{"line":22,"column":27},"end":{"line":29,"column":90}},"8":{"start":{"line":31,"column":2},"end":{"line":33,"column":3}},"9":{"start":{"line":32,"column":3},"end":{"line":32,"column":null}},"10":{"start":{"line":35,"column":17},"end":{"line":52,"column":4}},"11":{"start":{"line":36,"column":23},"end":{"line":42,"column":16}},"12":{"start":{"line":44,"column":3},"end":{"line":49,"column":null}},"13":{"start":{"line":45,"column":36},"end":{"line":48,"column":6}},"14":{"start":{"line":51,"column":3},"end":{"line":51,"column":null}},"15":{"start":{"line":54,"column":2},"end":{"line":62,"column":null}},"16":{"start":{"line":61,"column":60},"end":{"line":61,"column":87}},"17":{"start":{"line":65,"column":21},"end":{"line":86,"column":43}},"18":{"start":{"line":66,"column":2},"end":{"line":86,"column":43}},"19":{"start":{"line":88,"column":19},"end":{"line":109,"column":37}},"20":{"start":{"line":89,"column":2},"end":{"line":109,"column":37}},"21":{"start":{"line":111,"column":18},"end":{"line":131,"column":37}},"22":{"start":{"line":112,"column":2},"end":{"line":131,"column":37}},"23":{"start":{"line":133,"column":23},"end":{"line":170,"column":2}},"24":{"start":{"line":134,"column":17},"end":{"line":136,"column":4}},"25":{"start":{"line":137,"column":2},"end":{"line":139,"column":3}},"26":{"start":{"line":138,"column":3},"end":{"line":138,"column":null}},"27":{"start":{"line":140,"column":2},"end":{"line":142,"column":3}},"28":{"start":{"line":141,"column":3},"end":{"line":141,"column":null}},"29":{"start":{"line":144,"column":27},"end":{"line":151,"column":90}},"30":{"start":{"line":153,"column":2},"end":{"line":155,"column":3}},"31":{"start":{"line":154,"column":3},"end":{"line":154,"column":null}},"32":{"start":{"line":157,"column":2},"end":{"line":169,"column":null}},"33":{"start":{"line":158,"column":3},"end":{"line":161,"column":null}},"34":{"start":{"line":160,"column":44},"end":{"line":160,"column":67}},"35":{"start":{"line":163,"column":3},"end":{"line":168,"column":null}},"36":{"start":{"line":172,"column":16},"end":{"line":189,"column":2}},"37":{"start":{"line":173,"column":17},"end":{"line":175,"column":4}},"38":{"start":{"line":177,"column":2},"end":{"line":177,"column":null}},"39":{"start":{"line":177,"column":15},"end":{"line":177,"column":null}},"40":{"start":{"line":178,"column":2},"end":{"line":180,"column":3}},"41":{"start":{"line":179,"column":3},"end":{"line":179,"column":null}},"42":{"start":{"line":182,"column":2},"end":{"line":188,"column":null}},"43":{"start":{"line":8,"column":0},"end":{"line":8,"column":21}}},"fnMap":{"0":{"name":"(anonymous_0)","decl":{"start":{"line":9,"column":16},"end":{"line":9,"column":21}},"loc":{"start":{"line":9,"column":82},"end":{"line":63,"column":2}}},"1":{"name":"(anonymous_1)","decl":{"start":{"line":35,"column":38},"end":{"line":35,"column":43}},"loc":{"start":{"line":35,"column":51},"end":{"line":52,"column":3}}},"2":{"name":"(anonymous_2)","decl":{"start":{"line":45,"column":20},"end":{"line":45,"column":21}},"loc":{"start":{"line":45,"column":36},"end":{"line":48,"column":6}}},"3":{"name":"(anonymous_3)","decl":{"start":{"line":61,"column":42},"end":{"line":61,"column":43}},"loc":{"start":{"line":61,"column":60},"end":{"line":61,"column":87}}},"4":{"name":"(anonymous_4)","decl":{"start":{"line":65,"column":21},"end":{"line":65,"column":26}},"loc":{"start":{"line":66,"column":2},"end":{"line":86,"column":43}}},"5":{"name":"(anonymous_5)","decl":{"start":{"line":88,"column":19},"end":{"line":88,"column":24}},"loc":{"start":{"line":89,"column":2},"end":{"line":109,"column":37}}},"6":{"name":"(anonymous_6)","decl":{"start":{"line":111,"column":18},"end":{"line":111,"column":23}},"loc":{"start":{"line":112,"column":2},"end":{"line":131,"column":37}}},"7":{"name":"(anonymous_7)","decl":{"start":{"line":133,"column":23},"end":{"line":133,"column":28}},"loc":{"start":{"line":133,"column":92},"end":{"line":170,"column":2}}},"8":{"name":"(anonymous_8)","decl":{"start":{"line":157,"column":30},"end":{"line":157,"column":35}},"loc":{"start":{"line":157,"column":43},"end":{"line":169,"column":3}}},"9":{"name":"(anonymous_9)","decl":{"start":{"line":160,"column":28},"end":{"line":160,"column":29}},"loc":{"start":{"line":160,"column":44},"end":{"line":160,"column":67}}},"10":{"name":"(anonymous_10)","decl":{"start":{"line":172,"column":16},"end":{"line":172,"column":21}},"loc":{"start":{"line":172,"column":84},"end":{"line":189,"column":2}}}},"branchMap":{"0":{"loc":{"start":{"line":20,"column":2},"end":{"line":20,"column":null}},"type":"if","locations":[{"start":{"line":20,"column":2},"end":{"line":20,"column":null}},{"start":{},"end":{}}]},"1":{"loc":{"start":{"line":31,"column":2},"end":{"line":33,"column":3}},"type":"if","locations":[{"start":{"line":31,"column":2},"end":{"line":33,"column":3}},{"start":{},"end":{}}]},"2":{"loc":{"start":{"line":137,"column":2},"end":{"line":139,"column":3}},"type":"if","locations":[{"start":{"line":137,"column":2},"end":{"line":139,"column":3}},{"start":{},"end":{}}]},"3":{"loc":{"start":{"line":140,"column":2},"end":{"line":142,"column":3}},"type":"if","locations":[{"start":{"line":140,"column":2},"end":{"line":142,"column":3}},{"start":{},"end":{}}]},"4":{"loc":{"start":{"line":140,"column":6},"end":{"line":140,"column":56}},"type":"binary-expr","locations":[{"start":{"line":140,"column":6},"end":{"line":140,"column":31}},{"start":{"line":140,"column":35},"end":{"line":140,"column":56}}]},"5":{"loc":{"start":{"line":153,"column":2},"end":{"line":155,"column":3}},"type":"if","locations":[{"start":{"line":153,"column":2},"end":{"line":155,"column":3}},{"start":{},"end":{}}]},"6":{"loc":{"start":{"line":177,"column":2},"end":{"line":177,"column":null}},"type":"if","locations":[{"start":{"line":177,"column":2},"end":{"line":177,"column":null}},{"start":{},"end":{}}]},"7":{"loc":{"start":{"line":178,"column":2},"end":{"line":180,"column":3}},"type":"if","locations":[{"start":{"line":178,"column":2},"end":{"line":180,"column":3}},{"start":{},"end":{}}]},"8":{"loc":{"start":{"line":178,"column":6},"end":{"line":178,"column":56}},"type":"binary-expr","locations":[{"start":{"line":178,"column":6},"end":{"line":178,"column":31}},{"start":{"line":178,"column":35},"end":{"line":178,"column":56}}]}},"s":{"0":1,"1":1,"2":1,"3":1,"4":11,"5":11,"6":1,"7":10,"8":10,"9":2,"10":8,"11":8,"12":8,"13":9,"14":8,"15":8,"16":9,"17":1,"18":2,"19":1,"20":4,"21":1,"22":3,"23":1,"24":10,"25":10,"26":1,"27":9,"28":1,"29":8,"30":8,"31":2,"32":6,"33":6,"34":7,"35":6,"36":1,"37":17,"38":17,"39":1,"40":16,"41":1,"42":15,"43":1},"f":{"0":11,"1":8,"2":9,"3":9,"4":2,"5":4,"6":3,"7":10,"8":6,"9":7,"10":17},"b":{"0":[1,10],"1":[2,8],"2":[1,9],"3":[1,8],"4":[9,3],"5":[2,6],"6":[1,16],"7":[1,15],"8":[16,4]}}
,"C:\\Users\\Dhoug\\helpDesk-api\\src\\services\\userService.ts": {"path":"C:\\Users\\Dhoug\\helpDesk-api\\src\\services\\userService.ts","statementMap":{"0":{"start":{"line":2,"column":0},"end":{"line":2,"column":40}},"1":{"start":{"line":3,"column":0},"end":{"line":3,"column":46}},"2":{"start":{"line":4,"column":0},"end":{"line":4,"column":27}},"3":{"start":{"line":5,"column":0},"end":{"line":5,"column":32}},"4":{"start":{"line":6,"column":0},"end":{"line":6,"column":33}},"5":{"start":{"line":12,"column":21},"end":{"line":43,"column":2}},"6":{"start":{"line":13,"column":28},"end":{"line":15,"column":4}},"7":{"start":{"line":16,"column":2},"end":{"line":18,"column":3}},"8":{"start":{"line":17,"column":3},"end":{"line":17,"column":null}},"9":{"start":{"line":20,"column":23},"end":{"line":20,"column":54}},"10":{"start":{"line":22,"column":32},"end":{"line":22,"column":104}},"11":{"start":{"line":24,"column":20},"end":{"line":34,"column":15}},"12":{"start":{"line":36,"column":27},"end":{"line":39,"column":5}},"13":{"start":{"line":36,"column":64},"end":{"line":39,"column":4}},"14":{"start":{"line":41,"column":2},"end":{"line":41,"column":null}},"15":{"start":{"line":42,"column":2},"end":{"line":42,"column":null}},"16":{"start":{"line":45,"column":23},"end":{"line":66,"column":2}},"17":{"start":{"line":46,"column":28},"end":{"line":48,"column":4}},"18":{"start":{"line":49,"column":2},"end":{"line":51,"column":3}},"19":{"start":{"line":50,"column":3},"end":{"line":50,"column":null}},"20":{"start":{"line":53,"column":23},"end":{"line":53,"column":54}},"21":{"start":{"line":55,"column":2},"end":{"line":65,"column":null}},"22":{"start":{"line":68,"column":20},"end":{"line":83,"column":28}},"23":{"start":{"line":69,"column":2},"end":{"line":83,"column":28}},"24":{"start":{"line":85,"column":22},"end":{"line":88,"column":4}},"25":{"start":{"line":86,"column":2},"end":{"line":88,"column":4}},"26":{"start":{"line":90,"column":22},"end":{"line":126,"column":2}},"27":{"start":{"line":98,"column":27},"end":{"line":100,"column":4}},"28":{"start":{"line":102,"column":21},"end":{"line":104,"column":4}},"29":{"start":{"line":105,"column":2},"end":{"line":107,"column":3}},"30":{"start":{"line":106,"column":3},"end":{"line":106,"column":null}},"31":{"start":{"line":109,"column":2},"end":{"line":111,"column":3}},"32":{"start":{"line":110,"column":3},"end":{"line":110,"column":null}},"33":{"start":{"line":113,"column":23},"end":{"line":113,"column":57}},"34":{"start":{"line":115,"column":2},"end":{"line":125,"column":null}},"35":{"start":{"line":128,"column":21},"end":{"line":164,"column":2}},"36":{"start":{"line":136,"column":27},"end":{"line":138,"column":4}},"37":{"start":{"line":140,"column":21},"end":{"line":142,"column":4}},"38":{"start":{"line":143,"column":2},"end":{"line":145,"column":3}},"39":{"start":{"line":144,"column":3},"end":{"line":144,"column":null}},"40":{"start":{"line":147,"column":2},"end":{"line":149,"column":3}},"41":{"start":{"line":148,"column":3},"end":{"line":148,"column":null}},"42":{"start":{"line":151,"column":23},"end":{"line":151,"column":57}},"43":{"start":{"line":153,"column":2},"end":{"line":163,"column":null}},"44":{"start":{"line":166,"column":23},"end":{"line":202,"column":2}},"45":{"start":{"line":174,"column":27},"end":{"line":176,"column":4}},"46":{"start":{"line":178,"column":21},"end":{"line":180,"column":4}},"47":{"start":{"line":181,"column":2},"end":{"line":183,"column":3}},"48":{"start":{"line":182,"column":3},"end":{"line":182,"column":null}},"49":{"start":{"line":185,"column":2},"end":{"line":187,"column":3}},"50":{"start":{"line":186,"column":3},"end":{"line":186,"column":null}},"51":{"start":{"line":189,"column":23},"end":{"line":189,"column":57}},"52":{"start":{"line":191,"column":2},"end":{"line":201,"column":null}},"53":{"start":{"line":204,"column":28},"end":{"line":220,"column":2}},"54":{"start":{"line":205,"column":21},"end":{"line":207,"column":4}},"55":{"start":{"line":208,"column":2},"end":{"line":210,"column":3}},"56":{"start":{"line":209,"column":3},"end":{"line":209,"column":null}},"57":{"start":{"line":212,"column":2},"end":{"line":212,"column":null}},"58":{"start":{"line":214,"column":27},"end":{"line":217,"column":5}},"59":{"start":{"line":214,"column":60},"end":{"line":217,"column":4}},"60":{"start":{"line":219,"column":2},"end":{"line":219,"column":null}},"61":{"start":{"line":222,"column":21},"end":{"line":238,"column":2}},"62":{"start":{"line":223,"column":21},"end":{"line":225,"column":4}},"63":{"start":{"line":226,"column":2},"end":{"line":228,"column":3}},"64":{"start":{"line":227,"column":3},"end":{"line":227,"column":null}},"65":{"start":{"line":230,"column":2},"end":{"line":235,"column":null}},"66":{"start":{"line":237,"column":2},"end":{"line":237,"column":null}},"67":{"start":{"line":240,"column":18},"end":{"line":250,"column":2}},"68":{"start":{"line":241,"column":15},"end":{"line":243,"column":4}},"69":{"start":{"line":245,"column":2},"end":{"line":247,"column":3}},"70":{"start":{"line":246,"column":3},"end":{"line":246,"column":null}},"71":{"start":{"line":249,"column":2},"end":{"line":249,"column":null}},"72":{"start":{"line":252,"column":24},"end":{"line":261,"column":2}},"73":{"start":{"line":253,"column":23},"end":{"line":255,"column":4}},"74":{"start":{"line":256,"column":2},"end":{"line":258,"column":3}},"75":{"start":{"line":257,"column":3},"end":{"line":257,"column":null}},"76":{"start":{"line":260,"column":2},"end":{"line":260,"column":null}},"77":{"start":{"line":10,"column":0},"end":{"line":10,"column":21}}},"fnMap":{"0":{"name":"(anonymous_1)","decl":{"start":{"line":12,"column":21},"end":{"line":12,"column":26}},"loc":{"start":{"line":12,"column":83},"end":{"line":43,"column":2}}},"1":{"name":"(anonymous_2)","decl":{"start":{"line":36,"column":53},"end":{"line":36,"column":54}},"loc":{"start":{"line":36,"column":64},"end":{"line":39,"column":4}}},"2":{"name":"(anonymous_3)","decl":{"start":{"line":45,"column":23},"end":{"line":45,"column":28}},"loc":{"start":{"line":45,"column":85},"end":{"line":66,"column":2}}},"3":{"name":"(anonymous_4)","decl":{"start":{"line":68,"column":20},"end":{"line":68,"column":25}},"loc":{"start":{"line":69,"column":2},"end":{"line":83,"column":28}}},"4":{"name":"(anonymous_5)","decl":{"start":{"line":85,"column":22},"end":{"line":85,"column":27}},"loc":{"start":{"line":86,"column":2},"end":{"line":88,"column":4}}},"5":{"name":"(anonymous_6)","decl":{"start":{"line":90,"column":22},"end":{"line":90,"column":27}},"loc":{"start":{"line":97,"column":24},"end":{"line":126,"column":2}}},"6":{"name":"(anonymous_7)","decl":{"start":{"line":128,"column":21},"end":{"line":128,"column":26}},"loc":{"start":{"line":135,"column":24},"end":{"line":164,"column":2}}},"7":{"name":"(anonymous_8)","decl":{"start":{"line":166,"column":23},"end":{"line":166,"column":28}},"loc":{"start":{"line":173,"column":24},"end":{"line":202,"column":2}}},"8":{"name":"(anonymous_9)","decl":{"start":{"line":204,"column":28},"end":{"line":204,"column":33}},"loc":{"start":{"line":204,"column":82},"end":{"line":220,"column":2}}},"9":{"name":"(anonymous_10)","decl":{"start":{"line":214,"column":49},"end":{"line":214,"column":50}},"loc":{"start":{"line":214,"column":60},"end":{"line":217,"column":4}}},"10":{"name":"(anonymous_11)","decl":{"start":{"line":222,"column":21},"end":{"line":222,"column":26}},"loc":{"start":{"line":222,"column":66},"end":{"line":238,"column":2}}},"11":{"name":"(anonymous_12)","decl":{"start":{"line":240,"column":18},"end":{"line":240,"column":23}},"loc":{"start":{"line":240,"column":43},"end":{"line":250,"column":2}}},"12":{"name":"(anonymous_13)","decl":{"start":{"line":252,"column":24},"end":{"line":252,"column":29}},"loc":{"start":{"line":252,"column":51},"end":{"line":261,"column":2}}}},"branchMap":{"0":{"loc":{"start":{"line":16,"column":2},"end":{"line":18,"column":3}},"type":"if","locations":[{"start":{"line":16,"column":2},"end":{"line":18,"column":3}},{"start":{},"end":{}}]},"1":{"loc":{"start":{"line":49,"column":2},"end":{"line":51,"column":3}},"type":"if","locations":[{"start":{"line":49,"column":2},"end":{"line":51,"column":3}},{"start":{},"end":{}}]},"2":{"loc":{"start":{"line":105,"column":2},"end":{"line":107,"column":3}},"type":"if","locations":[{"start":{"line":105,"column":2},"end":{"line":107,"column":3}},{"start":{},"end":{}}]},"3":{"loc":{"start":{"line":105,"column":6},"end":{"line":105,"column":48}},"type":"binary-expr","locations":[{"start":{"line":105,"column":6},"end":{"line":105,"column":17}},{"start":{"line":105,"column":21},"end":{"line":105,"column":48}}]},"4":{"loc":{"start":{"line":109,"column":2},"end":{"line":111,"column":3}},"type":"if","locations":[{"start":{"line":109,"column":2},"end":{"line":111,"column":3}},{"start":{},"end":{}}]},"5":{"loc":{"start":{"line":109,"column":6},"end":{"line":109,"column":64}},"type":"binary-expr","locations":[{"start":{"line":109,"column":6},"end":{"line":109,"column":22}},{"start":{"line":109,"column":26},"end":{"line":109,"column":64}}]},"6":{"loc":{"start":{"line":143,"column":2},"end":{"line":145,"column":3}},"type":"if","locations":[{"start":{"line":143,"column":2},"end":{"line":145,"column":3}},{"start":{},"end":{}}]},"7":{"loc":{"start":{"line":143,"column":6},"end":{"line":143,"column":47}},"type":"binary-expr","locations":[{"start":{"line":143,"column":6},"end":{"line":143,"column":17}},{"start":{"line":143,"column":21},"end":{"line":143,"column":47}}]},"8":{"loc":{"start":{"line":147,"column":2},"end":{"line":149,"column":3}},"type":"if","locations":[{"start":{"line":147,"column":2},"end":{"line":149,"column":3}},{"start":{},"end":{}}]},"9":{"loc":{"start":{"line":147,"column":6},"end":{"line":147,"column":64}},"type":"binary-expr","locations":[{"start":{"line":147,"column":6},"end":{"line":147,"column":22}},{"start":{"line":147,"column":26},"end":{"line":147,"column":64}}]},"10":{"loc":{"start":{"line":181,"column":2},"end":{"line":183,"column":3}},"type":"if","locations":[{"start":{"line":181,"column":2},"end":{"line":183,"column":3}},{"start":{},"end":{}}]},"11":{"loc":{"start":{"line":181,"column":6},"end":{"line":181,"column":49}},"type":"binary-expr","locations":[{"start":{"line":181,"column":6},"end":{"line":181,"column":17}},{"start":{"line":181,"column":21},"end":{"line":181,"column":49}}]},"12":{"loc":{"start":{"line":185,"column":2},"end":{"line":187,"column":3}},"type":"if","locations":[{"start":{"line":185,"column":2},"end":{"line":187,"column":3}},{"start":{},"end":{}}]},"13":{"loc":{"start":{"line":185,"column":6},"end":{"line":185,"column":64}},"type":"binary-expr","locations":[{"start":{"line":185,"column":6},"end":{"line":185,"column":22}},{"start":{"line":185,"column":26},"end":{"line":185,"column":64}}]},"14":{"loc":{"start":{"line":208,"column":2},"end":{"line":210,"column":3}},"type":"if","locations":[{"start":{"line":208,"column":2},"end":{"line":210,"column":3}},{"start":{},"end":{}}]},"15":{"loc":{"start":{"line":208,"column":6},"end":{"line":208,"column":47}},"type":"binary-expr","locations":[{"start":{"line":208,"column":6},"end":{"line":208,"column":17}},{"start":{"line":208,"column":21},"end":{"line":208,"column":47}}]},"16":{"loc":{"start":{"line":226,"column":2},"end":{"line":228,"column":3}},"type":"if","locations":[{"start":{"line":226,"column":2},"end":{"line":228,"column":3}},{"start":{},"end":{}}]},"17":{"loc":{"start":{"line":245,"column":2},"end":{"line":247,"column":3}},"type":"if","locations":[{"start":{"line":245,"column":2},"end":{"line":247,"column":3}},{"start":{},"end":{}}]},"18":{"loc":{"start":{"line":256,"column":2},"end":{"line":258,"column":3}},"type":"if","locations":[{"start":{"line":256,"column":2},"end":{"line":258,"column":3}},{"start":{},"end":{}}]},"19":{"loc":{"start":{"line":256,"column":6},"end":{"line":256,"column":53}},"type":"binary-expr","locations":[{"start":{"line":256,"column":6},"end":{"line":256,"column":19}},{"start":{"line":256,"column":23},"end":{"line":256,"column":53}}]}},"s":{"0":1,"1":1,"2":1,"3":1,"4":1,"5":1,"6":2,"7":2,"8":1,"9":1,"10":1,"11":1,"12":1,"13":8,"14":1,"15":1,"16":1,"17":3,"18":3,"19":1,"20":2,"21":2,"22":1,"23":1,"24":1,"25":1,"26":1,"27":4,"28":4,"29":4,"30":2,"31":2,"32":1,"33":1,"34":1,"35":1,"36":5,"37":5,"38":5,"39":2,"40":3,"41":1,"42":2,"43":2,"44":1,"45":5,"46":5,"47":5,"48":2,"49":3,"50":1,"51":2,"52":2,"53":1,"54":4,"55":4,"56":2,"57":2,"58":2,"59":10,"60":2,"61":1,"62":3,"63":3,"64":1,"65":2,"66":2,"67":1,"68":2,"69":2,"70":1,"71":1,"72":1,"73":3,"74":3,"75":1,"76":2,"77":1},"f":{"0":2,"1":8,"2":3,"3":1,"4":1,"5":4,"6":5,"7":5,"8":4,"9":10,"10":3,"11":2,"12":3},"b":{"0":[1,1],"1":[1,2],"2":[2,2],"3":[4,3],"4":[1,1],"5":[2,1],"6":[2,3],"7":[5,4],"8":[1,2],"9":[3,1],"10":[2,3],"11":[5,4],"12":[1,2],"13":[3,1],"14":[2,2],"15":[4,3],"16":[1,2],"17":[1,1],"18":[1,2],"19":[3,3]}}
}
