{"C:\\Users\\Dhoug\\helpDesk-api\\src\\env.ts": {"path":"C:\\Users\\Dhoug\\helpDesk-api\\src\\env.ts","statementMap":{"0":{"start":{"line":1,"column":0},"end":{"line":1,"column":23}},"1":{"start":{"line":3,"column":15},"end":{"line":3,"column":46}},"2":{"start":{"line":5,"column":18},"end":{"line":14,"column":2}},"3":{"start":{"line":16,"column":13},"end":{"line":16,"column":null}}},"fnMap":{},"branchMap":{"0":{"loc":{"start":{"line":7,"column":15},"end":{"line":9,"column":37}},"type":"cond-expr","locations":[{"start":{"line":8,"column":4},"end":{"line":8,"column":79}},{"start":{"line":9,"column":4},"end":{"line":9,"column":37}}]},"1":{"loc":{"start":{"line":13,"column":11},"end":{"line":13,"column":54}},"type":"cond-expr","locations":[{"start":{"line":13,"column":20},"end":{"line":13,"column":49}},{"start":{"line":13,"column":52},"end":{"line":13,"column":54}}]}},"s":{"0":3,"1":3,"2":3,"3":3},"f":{},"b":{"0":[3,0],"1":[3,0]}}
,"C:\\Users\\Dhoug\\helpDesk-api\\src\\server.ts": {"path":"C:\\Users\\Dhoug\\helpDesk-api\\src\\server.ts","statementMap":{"0":{"start":{"line":2,"column":0},"end":{"line":2,"column":30}},"1":{"start":{"line":3,"column":0},"end":{"line":3,"column":24}},"2":{"start":{"line":4,"column":0},"end":{"line":4,"column":31}},"3":{"start":{"line":5,"column":0},"end":{"line":5,"column":52}},"4":{"start":{"line":6,"column":0},"end":{"line":6,"column":58}},"5":{"start":{"line":7,"column":0},"end":{"line":7,"column":56}},"6":{"start":{"line":8,"column":0},"end":{"line":8,"column":64}},"7":{"start":{"line":10,"column":12},"end":{"line":10,"column":21}},"8":{"start":{"line":11,"column":13},"end":{"line":11,"column":29}},"9":{"start":{"line":13,"column":0},"end":{"line":13,"column":16}},"10":{"start":{"line":14,"column":0},"end":{"line":14,"column":24}},"11":{"start":{"line":15,"column":0},"end":{"line":19,"column":2}},"12":{"start":{"line":21,"column":0},"end":{"line":21,"column":30}},"13":{"start":{"line":22,"column":0},"end":{"line":22,"column":36}},"14":{"start":{"line":23,"column":0},"end":{"line":23,"column":34}},"15":{"start":{"line":24,"column":0},"end":{"line":24,"column":50}},"16":{"start":{"line":24,"column":34},"end":{"line":24,"column":48}},"17":{"start":{"line":26,"column":0},"end":{"line":34,"column":2}},"18":{"start":{"line":32,"column":2},"end":{"line":32,"column":63}}},"fnMap":{"0":{"name":"(anonymous_1)","decl":{"start":{"line":24,"column":19},"end":{"line":24,"column":20}},"loc":{"start":{"line":24,"column":34},"end":{"line":24,"column":48}}},"1":{"name":"(anonymous_2)","decl":{"start":{"line":31,"column":1},"end":{"line":31,"column":4}},"loc":{"start":{"line":31,"column":6},"end":{"line":33,"column":2}}}},"branchMap":{"0":{"loc":{"start":{"line":11,"column":13},"end":{"line":11,"column":29}},"type":"binary-expr","locations":[{"start":{"line":11,"column":13},"end":{"line":11,"column":21}},{"start":{"line":11,"column":25},"end":{"line":11,"column":29}}]}},"s":{"0":0,"1":0,"2":0,"3":0,"4":0,"5":0,"6":0,"7":0,"8":0,"9":0,"10":0,"11":0,"12":0,"13":0,"14":0,"15":0,"16":0,"17":0,"18":0},"f":{"0":0,"1":0},"b":{"0":[0,0]}}
,"C:\\Users\\Dhoug\\helpDesk-api\\src\\swagger.ts": {"path":"C:\\Users\\Dhoug\\helpDesk-api\\src\\swagger.ts","statementMap":{"0":{"start":{"line":1,"column":0},"end":{"line":1,"column":41}},"1":{"start":{"line":2,"column":0},"end":{"line":2,"column":43}},"2":{"start":{"line":4,"column":16},"end":{"line":25,"column":2}},"3":{"start":{"line":27,"column":13},"end":{"line":27,"column":49}},"4":{"start":{"line":28,"column":13},"end":{"line":28,"column":45}}},"fnMap":{},"branchMap":{},"s":{"0":0,"1":0,"2":0,"3":0,"4":0},"f":{},"b":{}}
,"C:\\Users\\Dhoug\\helpDesk-api\\src\\controllers\\serviceController.ts": {"path":"C:\\Users\\Dhoug\\helpDesk-api\\src\\controllers\\serviceController.ts","statementMap":{"0":{"start":{"line":2,"column":0},"end":{"line":2,"column":58}},"1":{"start":{"line":10,"column":2},"end":{"line":10,"column":null}},"2":{"start":{"line":13,"column":17},"end":{"line":28,"column":2}},"3":{"start":{"line":14,"column":2},"end":{"line":18,"column":3}},"4":{"start":{"line":15,"column":3},"end":{"line":17,"column":null}},"5":{"start":{"line":20,"column":27},"end":{"line":20,"column":39}},"6":{"start":{"line":22,"column":2},"end":{"line":27,"column":3}},"7":{"start":{"line":23,"column":24},"end":{"line":23,"column":77}},"8":{"start":{"line":24,"column":3},"end":{"line":24,"column":null}},"9":{"start":{"line":26,"column":3},"end":{"line":26,"column":null}},"10":{"start":{"line":30,"column":17},"end":{"line":46,"column":2}},"11":{"start":{"line":31,"column":2},"end":{"line":35,"column":3}},"12":{"start":{"line":32,"column":3},"end":{"line":34,"column":null}},"13":{"start":{"line":37,"column":27},"end":{"line":37,"column":39}},"14":{"start":{"line":39,"column":2},"end":{"line":45,"column":3}},"15":{"start":{"line":40,"column":21},"end":{"line":40,"column":38}},"16":{"start":{"line":41,"column":24},"end":{"line":41,"column":88}},"17":{"start":{"line":42,"column":3},"end":{"line":42,"column":null}},"18":{"start":{"line":44,"column":3},"end":{"line":44,"column":null}},"19":{"start":{"line":48,"column":21},"end":{"line":62,"column":2}},"20":{"start":{"line":49,"column":2},"end":{"line":53,"column":3}},"21":{"start":{"line":50,"column":3},"end":{"line":52,"column":null}},"22":{"start":{"line":55,"column":2},"end":{"line":61,"column":3}},"23":{"start":{"line":56,"column":21},"end":{"line":56,"column":38}},"24":{"start":{"line":57,"column":3},"end":{"line":57,"column":null}},"25":{"start":{"line":58,"column":3},"end":{"line":58,"column":null}},"26":{"start":{"line":60,"column":3},"end":{"line":60,"column":null}},"27":{"start":{"line":64,"column":16},"end":{"line":71,"column":2}},"28":{"start":{"line":65,"column":2},"end":{"line":70,"column":3}},"29":{"start":{"line":66,"column":16},"end":{"line":66,"column":56}},"30":{"start":{"line":67,"column":3},"end":{"line":67,"column":null}},"31":{"start":{"line":69,"column":3},"end":{"line":69,"column":null}},"32":{"start":{"line":6,"column":0},"end":{"line":6,"column":21}}},"fnMap":{"0":{"name":"(anonymous_1)","decl":{"start":{"line":9,"column":1},"end":{"line":9,"column":null}},"loc":{"start":{"line":9,"column":1},"end":{"line":11,"column":2}}},"1":{"name":"(anonymous_2)","decl":{"start":{"line":13,"column":17},"end":{"line":13,"column":22}},"loc":{"start":{"line":13,"column":64},"end":{"line":28,"column":2}}},"2":{"name":"(anonymous_3)","decl":{"start":{"line":30,"column":17},"end":{"line":30,"column":22}},"loc":{"start":{"line":30,"column":64},"end":{"line":46,"column":2}}},"3":{"name":"(anonymous_4)","decl":{"start":{"line":48,"column":21},"end":{"line":48,"column":26}},"loc":{"start":{"line":48,"column":68},"end":{"line":62,"column":2}}},"4":{"name":"(anonymous_5)","decl":{"start":{"line":64,"column":16},"end":{"line":64,"column":21}},"loc":{"start":{"line":64,"column":64},"end":{"line":71,"column":2}}}},"branchMap":{"0":{"loc":{"start":{"line":14,"column":2},"end":{"line":18,"column":3}},"type":"if","locations":[{"start":{"line":14,"column":2},"end":{"line":18,"column":3}},{"start":{},"end":{}}]},"1":{"loc":{"start":{"line":14,"column":6},"end":{"line":14,"column":58}},"type":"binary-expr","locations":[{"start":{"line":14,"column":6},"end":{"line":14,"column":25}},{"start":{"line":14,"column":29},"end":{"line":14,"column":58}}]},"2":{"loc":{"start":{"line":31,"column":2},"end":{"line":35,"column":3}},"type":"if","locations":[{"start":{"line":31,"column":2},"end":{"line":35,"column":3}},{"start":{},"end":{}}]},"3":{"loc":{"start":{"line":31,"column":6},"end":{"line":31,"column":58}},"type":"binary-expr","locations":[{"start":{"line":31,"column":6},"end":{"line":31,"column":25}},{"start":{"line":31,"column":29},"end":{"line":31,"column":58}}]},"4":{"loc":{"start":{"line":49,"column":2},"end":{"line":53,"column":3}},"type":"if","locations":[{"start":{"line":49,"column":2},"end":{"line":53,"column":3}},{"start":{},"end":{}}]},"5":{"loc":{"start":{"line":49,"column":6},"end":{"line":49,"column":58}},"type":"binary-expr","locations":[{"start":{"line":49,"column":6},"end":{"line":49,"column":25}},{"start":{"line":49,"column":29},"end":{"line":49,"column":58}}]}},"s":{"0":1,"1":1,"2":1,"3":6,"4":2,"5":4,"6":4,"7":4,"8":4,"9":0,"10":1,"11":5,"12":2,"13":3,"14":3,"15":3,"16":3,"17":2,"18":1,"19":1,"20":4,"21":2,"22":2,"23":2,"24":2,"25":1,"26":2,"27":1,"28":4,"29":4,"30":4,"31":0,"32":1},"f":{"0":1,"1":6,"2":5,"3":4,"4":4},"b":{"0":[2,4],"1":[6,6],"2":[2,3],"3":[5,5],"4":[2,2],"5":[4,4]}}
,"C:\\Users\\Dhoug\\helpDesk-api\\src\\controllers\\ticketController.ts": {"path":"C:\\Users\\Dhoug\\helpDesk-api\\src\\controllers\\ticketController.ts","statementMap":{"0":{"start":{"line":3,"column":0},"end":{"line":3,"column":57}},"1":{"start":{"line":11,"column":2},"end":{"line":11,"column":43}},"2":{"start":{"line":14,"column":16},"end":{"line":36,"column":2}},"3":{"start":{"line":15,"column":2},"end":{"line":22,"column":3}},"4":{"start":{"line":16,"column":3},"end":{"line":21,"column":7}},"5":{"start":{"line":24,"column":34},"end":{"line":24,"column":46}},"6":{"start":{"line":26,"column":2},"end":{"line":35,"column":3}},"7":{"start":{"line":27,"column":21},"end":{"line":30,"column":null}},"8":{"start":{"line":32,"column":3},"end":{"line":32,"column":51}},"9":{"start":{"line":34,"column":3},"end":{"line":34,"column":70}},"10":{"start":{"line":38,"column":21},"end":{"line":56,"column":2}},"11":{"start":{"line":39,"column":2},"end":{"line":46,"column":3}},"12":{"start":{"line":40,"column":3},"end":{"line":45,"column":7}},"13":{"start":{"line":48,"column":2},"end":{"line":55,"column":3}},"14":{"start":{"line":49,"column":19},"end":{"line":50,"column":null}},"15":{"start":{"line":52,"column":3},"end":{"line":52,"column":49}},"16":{"start":{"line":54,"column":3},"end":{"line":54,"column":70}},"17":{"start":{"line":58,"column":19},"end":{"line":73,"column":2}},"18":{"start":{"line":59,"column":2},"end":{"line":65,"column":3}},"19":{"start":{"line":60,"column":3},"end":{"line":64,"column":7}},"20":{"start":{"line":67,"column":2},"end":{"line":72,"column":3}},"21":{"start":{"line":68,"column":19},"end":{"line":68,"column":76}},"22":{"start":{"line":69,"column":3},"end":{"line":69,"column":49}},"23":{"start":{"line":71,"column":3},"end":{"line":71,"column":70}},"24":{"start":{"line":75,"column":18},"end":{"line":91,"column":2}},"25":{"start":{"line":76,"column":2},"end":{"line":83,"column":3}},"26":{"start":{"line":77,"column":3},"end":{"line":82,"column":7}},"27":{"start":{"line":85,"column":2},"end":{"line":90,"column":3}},"28":{"start":{"line":86,"column":19},"end":{"line":86,"column":60}},"29":{"start":{"line":87,"column":3},"end":{"line":87,"column":49}},"30":{"start":{"line":89,"column":3},"end":{"line":89,"column":70}},"31":{"start":{"line":93,"column":24},"end":{"line":118,"column":2}},"32":{"start":{"line":94,"column":2},"end":{"line":104,"column":3}},"33":{"start":{"line":98,"column":3},"end":{"line":103,"column":7}},"34":{"start":{"line":106,"column":2},"end":{"line":117,"column":3}},"35":{"start":{"line":107,"column":24},"end":{"line":107,"column":38}},"36":{"start":{"line":108,"column":27},"end":{"line":108,"column":39}},"37":{"start":{"line":109,"column":20},"end":{"line":112,"column":null}},"38":{"start":{"line":114,"column":3},"end":{"line":114,"column":50}},"39":{"start":{"line":116,"column":3},"end":{"line":116,"column":70}},"40":{"start":{"line":120,"column":22},"end":{"line":145,"column":2}},"41":{"start":{"line":121,"column":2},"end":{"line":131,"column":3}},"42":{"start":{"line":125,"column":3},"end":{"line":130,"column":7}},"43":{"start":{"line":133,"column":2},"end":{"line":144,"column":3}},"44":{"start":{"line":134,"column":24},"end":{"line":134,"column":38}},"45":{"start":{"line":135,"column":22},"end":{"line":135,"column":34}},"46":{"start":{"line":136,"column":18},"end":{"line":139,"column":null}},"47":{"start":{"line":141,"column":3},"end":{"line":141,"column":48}},"48":{"start":{"line":143,"column":3},"end":{"line":143,"column":70}},"49":{"start":{"line":7,"column":0},"end":{"line":7,"column":21}}},"fnMap":{"0":{"name":"(anonymous_1)","decl":{"start":{"line":10,"column":1},"end":{"line":10,"column":null}},"loc":{"start":{"line":10,"column":1},"end":{"line":12,"column":2}}},"1":{"name":"(anonymous_2)","decl":{"start":{"line":14,"column":16},"end":{"line":14,"column":21}},"loc":{"start":{"line":14,"column":63},"end":{"line":36,"column":2}}},"2":{"name":"(anonymous_3)","decl":{"start":{"line":38,"column":21},"end":{"line":38,"column":26}},"loc":{"start":{"line":38,"column":68},"end":{"line":56,"column":2}}},"3":{"name":"(anonymous_4)","decl":{"start":{"line":58,"column":19},"end":{"line":58,"column":24}},"loc":{"start":{"line":58,"column":66},"end":{"line":73,"column":2}}},"4":{"name":"(anonymous_5)","decl":{"start":{"line":75,"column":18},"end":{"line":75,"column":23}},"loc":{"start":{"line":75,"column":65},"end":{"line":91,"column":2}}},"5":{"name":"(anonymous_6)","decl":{"start":{"line":93,"column":24},"end":{"line":93,"column":29}},"loc":{"start":{"line":93,"column":71},"end":{"line":118,"column":2}}},"6":{"name":"(anonymous_7)","decl":{"start":{"line":120,"column":22},"end":{"line":120,"column":27}},"loc":{"start":{"line":120,"column":69},"end":{"line":145,"column":2}}}},"branchMap":{"0":{"loc":{"start":{"line":15,"column":2},"end":{"line":22,"column":3}},"type":"if","locations":[{"start":{"line":15,"column":2},"end":{"line":22,"column":3}},{"start":{},"end":{}}]},"1":{"loc":{"start":{"line":15,"column":6},"end":{"line":15,"column":59}},"type":"binary-expr","locations":[{"start":{"line":15,"column":6},"end":{"line":15,"column":25}},{"start":{"line":15,"column":29},"end":{"line":15,"column":59}}]},"2":{"loc":{"start":{"line":39,"column":2},"end":{"line":46,"column":3}},"type":"if","locations":[{"start":{"line":39,"column":2},"end":{"line":46,"column":3}},{"start":{},"end":{}}]},"3":{"loc":{"start":{"line":39,"column":6},"end":{"line":39,"column":59}},"type":"binary-expr","locations":[{"start":{"line":39,"column":6},"end":{"line":39,"column":25}},{"start":{"line":39,"column":29},"end":{"line":39,"column":59}}]},"4":{"loc":{"start":{"line":59,"column":2},"end":{"line":65,"column":3}},"type":"if","locations":[{"start":{"line":59,"column":2},"end":{"line":65,"column":3}},{"start":{},"end":{}}]},"5":{"loc":{"start":{"line":59,"column":6},"end":{"line":59,"column":57}},"type":"binary-expr","locations":[{"start":{"line":59,"column":6},"end":{"line":59,"column":25}},{"start":{"line":59,"column":29},"end":{"line":59,"column":57}}]},"6":{"loc":{"start":{"line":76,"column":2},"end":{"line":83,"column":3}},"type":"if","locations":[{"start":{"line":76,"column":2},"end":{"line":83,"column":3}},{"start":{},"end":{}}]},"7":{"loc":{"start":{"line":76,"column":6},"end":{"line":76,"column":58}},"type":"binary-expr","locations":[{"start":{"line":76,"column":6},"end":{"line":76,"column":25}},{"start":{"line":76,"column":29},"end":{"line":76,"column":58}}]},"8":{"loc":{"start":{"line":94,"column":2},"end":{"line":104,"column":3}},"type":"if","locations":[{"start":{"line":94,"column":2},"end":{"line":104,"column":3}},{"start":{},"end":{}}]},"9":{"loc":{"start":{"line":95,"column":3},"end":{"line":96,"column":66}},"type":"binary-expr","locations":[{"start":{"line":95,"column":3},"end":{"line":95,"column":22}},{"start":{"line":96,"column":4},"end":{"line":96,"column":32}},{"start":{"line":96,"column":36},"end":{"line":96,"column":65}}]},"10":{"loc":{"start":{"line":121,"column":2},"end":{"line":131,"column":3}},"type":"if","locations":[{"start":{"line":121,"column":2},"end":{"line":131,"column":3}},{"start":{},"end":{}}]},"11":{"loc":{"start":{"line":122,"column":3},"end":{"line":123,"column":66}},"type":"binary-expr","locations":[{"start":{"line":122,"column":3},"end":{"line":122,"column":22}},{"start":{"line":123,"column":4},"end":{"line":123,"column":32}},{"start":{"line":123,"column":36},"end":{"line":123,"column":65}}]}},"s":{"0":1,"1":1,"2":1,"3":5,"4":2,"5":3,"6":3,"7":3,"8":1,"9":2,"10":1,"11":3,"12":2,"13":1,"14":1,"15":1,"16":0,"17":1,"18":3,"19":2,"20":1,"21":1,"22":1,"23":0,"24":1,"25":3,"26":2,"27":1,"28":1,"29":1,"30":0,"31":1,"32":8,"33":1,"34":7,"35":7,"36":7,"37":7,"38":3,"39":4,"40":1,"41":8,"42":1,"43":7,"44":7,"45":7,"46":7,"47":5,"48":2,"49":1},"f":{"0":1,"1":5,"2":3,"3":3,"4":3,"5":8,"6":8},"b":{"0":[2,3],"1":[5,5],"2":[2,1],"3":[3,3],"4":[2,1],"5":[3,3],"6":[2,1],"7":[3,3],"8":[1,7],"9":[8,8,2],"10":[1,7],"11":[8,8,2]}}
,"C:\\Users\\Dhoug\\helpDesk-api\\src\\controllers\\userController.ts": {"path":"C:\\Users\\Dhoug\\helpDesk-api\\src\\controllers\\userController.ts","statementMap":{"0":{"start":{"line":4,"column":0},"end":{"line":4,"column":52}},"1":{"start":{"line":5,"column":0},"end":{"line":5,"column":52}},"2":{"start":{"line":12,"column":2},"end":{"line":12,"column":null}},"3":{"start":{"line":13,"column":2},"end":{"line":13,"column":null}},"4":{"start":{"line":16,"column":9},"end":{"line":25,"column":2}},"5":{"start":{"line":17,"column":30},"end":{"line":17,"column":42}},"6":{"start":{"line":19,"column":2},"end":{"line":24,"column":3}},"7":{"start":{"line":20,"column":17},"end":{"line":20,"column":69}},"8":{"start":{"line":21,"column":3},"end":{"line":21,"column":null}},"9":{"start":{"line":23,"column":3},"end":{"line":23,"column":null}},"10":{"start":{"line":27,"column":21},"end":{"line":48,"column":2}},"11":{"start":{"line":28,"column":2},"end":{"line":32,"column":3}},"12":{"start":{"line":29,"column":3},"end":{"line":31,"column":null}},"13":{"start":{"line":34,"column":52},"end":{"line":34,"column":64}},"14":{"start":{"line":36,"column":2},"end":{"line":47,"column":3}},"15":{"start":{"line":37,"column":19},"end":{"line":43,"column":5}},"16":{"start":{"line":44,"column":3},"end":{"line":44,"column":null}},"17":{"start":{"line":46,"column":3},"end":{"line":46,"column":null}},"18":{"start":{"line":50,"column":23},"end":{"line":65,"column":2}},"19":{"start":{"line":51,"column":52},"end":{"line":51,"column":64}},"20":{"start":{"line":52,"column":2},"end":{"line":64,"column":3}},"21":{"start":{"line":53,"column":18},"end":{"line":59,"column":5}},"22":{"start":{"line":60,"column":21},"end":{"line":60,"column":30}},"23":{"start":{"line":61,"column":3},"end":{"line":61,"column":null}},"24":{"start":{"line":63,"column":3},"end":{"line":63,"column":null}},"25":{"start":{"line":67,"column":20},"end":{"line":80,"column":2}},"26":{"start":{"line":68,"column":2},"end":{"line":72,"column":3}},"27":{"start":{"line":69,"column":3},"end":{"line":71,"column":null}},"28":{"start":{"line":74,"column":2},"end":{"line":79,"column":3}},"29":{"start":{"line":75,"column":20},"end":{"line":75,"column":61}},"30":{"start":{"line":76,"column":3},"end":{"line":76,"column":null}},"31":{"start":{"line":78,"column":3},"end":{"line":78,"column":null}},"32":{"start":{"line":82,"column":22},"end":{"line":95,"column":2}},"33":{"start":{"line":83,"column":2},"end":{"line":87,"column":3}},"34":{"start":{"line":84,"column":3},"end":{"line":86,"column":null}},"35":{"start":{"line":89,"column":2},"end":{"line":94,"column":3}},"36":{"start":{"line":90,"column":22},"end":{"line":90,"column":65}},"37":{"start":{"line":91,"column":3},"end":{"line":91,"column":null}},"38":{"start":{"line":93,"column":3},"end":{"line":93,"column":null}},"39":{"start":{"line":97,"column":21},"end":{"line":113,"column":2}},"40":{"start":{"line":98,"column":2},"end":{"line":102,"column":3}},"41":{"start":{"line":99,"column":3},"end":{"line":101,"column":null}},"42":{"start":{"line":103,"column":2},"end":{"line":112,"column":3}},"43":{"start":{"line":104,"column":3},"end":{"line":108,"column":4}},"44":{"start":{"line":105,"column":29},"end":{"line":105,"column":67}},"45":{"start":{"line":106,"column":22},"end":{"line":106,"column":99}},"46":{"start":{"line":107,"column":4},"end":{"line":107,"column":null}},"47":{"start":{"line":109,"column":3},"end":{"line":109,"column":null}},"48":{"start":{"line":111,"column":3},"end":{"line":111,"column":null}},"49":{"start":{"line":115,"column":18},"end":{"line":122,"column":2}},"50":{"start":{"line":116,"column":2},"end":{"line":121,"column":3}},"51":{"start":{"line":117,"column":23},"end":{"line":117,"column":79}},"52":{"start":{"line":118,"column":3},"end":{"line":118,"column":null}},"53":{"start":{"line":120,"column":3},"end":{"line":120,"column":null}},"54":{"start":{"line":124,"column":21},"end":{"line":152,"column":2}},"55":{"start":{"line":125,"column":27},"end":{"line":125,"column":112}},"56":{"start":{"line":126,"column":2},"end":{"line":130,"column":3}},"57":{"start":{"line":127,"column":3},"end":{"line":129,"column":null}},"58":{"start":{"line":131,"column":2},"end":{"line":135,"column":3}},"59":{"start":{"line":132,"column":3},"end":{"line":134,"column":null}},"60":{"start":{"line":136,"column":2},"end":{"line":151,"column":3}},"61":{"start":{"line":137,"column":26},"end":{"line":137,"column":43}},"62":{"start":{"line":138,"column":68},"end":{"line":138,"column":80}},"63":{"start":{"line":139,"column":18},"end":{"line":146,"column":5}},"64":{"start":{"line":147,"column":19},"end":{"line":147,"column":28}},"65":{"start":{"line":148,"column":3},"end":{"line":148,"column":null}},"66":{"start":{"line":150,"column":3},"end":{"line":150,"column":null}},"67":{"start":{"line":154,"column":22},"end":{"line":176,"column":2}},"68":{"start":{"line":155,"column":27},"end":{"line":155,"column":78}},"69":{"start":{"line":156,"column":2},"end":{"line":160,"column":3}},"70":{"start":{"line":157,"column":3},"end":{"line":159,"column":null}},"71":{"start":{"line":161,"column":2},"end":{"line":175,"column":3}},"72":{"start":{"line":162,"column":26},"end":{"line":162,"column":43}},"73":{"start":{"line":163,"column":68},"end":{"line":163,"column":80}},"74":{"start":{"line":164,"column":20},"end":{"line":171,"column":5}},"75":{"start":{"line":172,"column":3},"end":{"line":172,"column":null}},"76":{"start":{"line":174,"column":3},"end":{"line":174,"column":null}},"77":{"start":{"line":178,"column":23},"end":{"line":205,"column":2}},"78":{"start":{"line":179,"column":27},"end":{"line":179,"column":114}},"79":{"start":{"line":180,"column":2},"end":{"line":184,"column":3}},"80":{"start":{"line":181,"column":3},"end":{"line":183,"column":null}},"81":{"start":{"line":185,"column":2},"end":{"line":189,"column":3}},"82":{"start":{"line":186,"column":3},"end":{"line":188,"column":null}},"83":{"start":{"line":190,"column":2},"end":{"line":204,"column":3}},"84":{"start":{"line":191,"column":26},"end":{"line":191,"column":43}},"85":{"start":{"line":192,"column":68},"end":{"line":192,"column":80}},"86":{"start":{"line":193,"column":21},"end":{"line":200,"column":5}},"87":{"start":{"line":201,"column":3},"end":{"line":201,"column":null}},"88":{"start":{"line":203,"column":3},"end":{"line":203,"column":null}},"89":{"start":{"line":207,"column":28},"end":{"line":227,"column":2}},"90":{"start":{"line":208,"column":27},"end":{"line":208,"column":112}},"91":{"start":{"line":209,"column":2},"end":{"line":213,"column":3}},"92":{"start":{"line":210,"column":3},"end":{"line":212,"column":null}},"93":{"start":{"line":214,"column":2},"end":{"line":218,"column":3}},"94":{"start":{"line":215,"column":3},"end":{"line":217,"column":null}},"95":{"start":{"line":219,"column":2},"end":{"line":226,"column":3}},"96":{"start":{"line":220,"column":26},"end":{"line":220,"column":43}},"97":{"start":{"line":221,"column":33},"end":{"line":221,"column":45}},"98":{"start":{"line":222,"column":19},"end":{"line":222,"column":101}},"99":{"start":{"line":223,"column":3},"end":{"line":223,"column":null}},"100":{"start":{"line":225,"column":3},"end":{"line":225,"column":null}},"101":{"start":{"line":229,"column":23},"end":{"line":247,"column":2}},"102":{"start":{"line":230,"column":27},"end":{"line":230,"column":114}},"103":{"start":{"line":231,"column":2},"end":{"line":235,"column":3}},"104":{"start":{"line":232,"column":3},"end":{"line":234,"column":null}},"105":{"start":{"line":236,"column":2},"end":{"line":240,"column":3}},"106":{"start":{"line":237,"column":3},"end":{"line":239,"column":null}},"107":{"start":{"line":241,"column":2},"end":{"line":246,"column":3}},"108":{"start":{"line":242,"column":3},"end":{"line":242,"column":null}},"109":{"start":{"line":243,"column":3},"end":{"line":243,"column":null}},"110":{"start":{"line":245,"column":3},"end":{"line":245,"column":null}},"111":{"start":{"line":7,"column":0},"end":{"line":7,"column":21}}},"fnMap":{"0":{"name":"(anonymous_1)","decl":{"start":{"line":11,"column":1},"end":{"line":11,"column":null}},"loc":{"start":{"line":11,"column":1},"end":{"line":14,"column":2}}},"1":{"name":"(anonymous_2)","decl":{"start":{"line":16,"column":9},"end":{"line":16,"column":14}},"loc":{"start":{"line":16,"column":53},"end":{"line":25,"column":2}}},"2":{"name":"(anonymous_3)","decl":{"start":{"line":27,"column":21},"end":{"line":27,"column":26}},"loc":{"start":{"line":27,"column":68},"end":{"line":48,"column":2}}},"3":{"name":"(anonymous_4)","decl":{"start":{"line":50,"column":23},"end":{"line":50,"column":28}},"loc":{"start":{"line":50,"column":70},"end":{"line":65,"column":2}}},"4":{"name":"(anonymous_5)","decl":{"start":{"line":67,"column":20},"end":{"line":67,"column":25}},"loc":{"start":{"line":67,"column":67},"end":{"line":80,"column":2}}},"5":{"name":"(anonymous_6)","decl":{"start":{"line":82,"column":22},"end":{"line":82,"column":27}},"loc":{"start":{"line":82,"column":69},"end":{"line":95,"column":2}}},"6":{"name":"(anonymous_7)","decl":{"start":{"line":97,"column":21},"end":{"line":97,"column":26}},"loc":{"start":{"line":97,"column":68},"end":{"line":113,"column":2}}},"7":{"name":"(anonymous_8)","decl":{"start":{"line":115,"column":18},"end":{"line":115,"column":23}},"loc":{"start":{"line":115,"column":65},"end":{"line":122,"column":2}}},"8":{"name":"(anonymous_9)","decl":{"start":{"line":124,"column":21},"end":{"line":124,"column":26}},"loc":{"start":{"line":124,"column":68},"end":{"line":152,"column":2}}},"9":{"name":"(anonymous_10)","decl":{"start":{"line":154,"column":22},"end":{"line":154,"column":27}},"loc":{"start":{"line":154,"column":69},"end":{"line":176,"column":2}}},"10":{"name":"(anonymous_11)","decl":{"start":{"line":178,"column":23},"end":{"line":178,"column":28}},"loc":{"start":{"line":178,"column":70},"end":{"line":205,"column":2}}},"11":{"name":"(anonymous_12)","decl":{"start":{"line":207,"column":28},"end":{"line":207,"column":33}},"loc":{"start":{"line":207,"column":75},"end":{"line":227,"column":2}}},"12":{"name":"(anonymous_13)","decl":{"start":{"line":229,"column":23},"end":{"line":229,"column":28}},"loc":{"start":{"line":229,"column":70},"end":{"line":247,"column":2}}}},"branchMap":{"0":{"loc":{"start":{"line":28,"column":2},"end":{"line":32,"column":3}},"type":"if","locations":[{"start":{"line":28,"column":2},"end":{"line":32,"column":3}},{"start":{},"end":{}}]},"1":{"loc":{"start":{"line":28,"column":6},"end":{"line":28,"column":58}},"type":"binary-expr","locations":[{"start":{"line":28,"column":6},"end":{"line":28,"column":25}},{"start":{"line":28,"column":29},"end":{"line":28,"column":58}}]},"2":{"loc":{"start":{"line":68,"column":2},"end":{"line":72,"column":3}},"type":"if","locations":[{"start":{"line":68,"column":2},"end":{"line":72,"column":3}},{"start":{},"end":{}}]},"3":{"loc":{"start":{"line":68,"column":6},"end":{"line":68,"column":58}},"type":"binary-expr","locations":[{"start":{"line":68,"column":6},"end":{"line":68,"column":25}},{"start":{"line":68,"column":29},"end":{"line":68,"column":58}}]},"4":{"loc":{"start":{"line":83,"column":2},"end":{"line":87,"column":3}},"type":"if","locations":[{"start":{"line":83,"column":2},"end":{"line":87,"column":3}},{"start":{},"end":{}}]},"5":{"loc":{"start":{"line":83,"column":6},"end":{"line":83,"column":58}},"type":"binary-expr","locations":[{"start":{"line":83,"column":6},"end":{"line":83,"column":25}},{"start":{"line":83,"column":29},"end":{"line":83,"column":58}}]},"6":{"loc":{"start":{"line":98,"column":2},"end":{"line":102,"column":3}},"type":"if","locations":[{"start":{"line":98,"column":2},"end":{"line":102,"column":3}},{"start":{},"end":{}}]},"7":{"loc":{"start":{"line":98,"column":6},"end":{"line":98,"column":96}},"type":"binary-expr","locations":[{"start":{"line":98,"column":6},"end":{"line":98,"column":22}},{"start":{"line":98,"column":26},"end":{"line":98,"column":63}},{"start":{"line":98,"column":67},"end":{"line":98,"column":96}}]},"8":{"loc":{"start":{"line":104,"column":3},"end":{"line":108,"column":4}},"type":"if","locations":[{"start":{"line":104,"column":3},"end":{"line":108,"column":4}},{"start":{},"end":{}}]},"9":{"loc":{"start":{"line":125,"column":27},"end":{"line":125,"column":112}},"type":"binary-expr","locations":[{"start":{"line":125,"column":27},"end":{"line":125,"column":45}},{"start":{"line":125,"column":50},"end":{"line":125,"column":78}},{"start":{"line":125,"column":82},"end":{"line":125,"column":111}}]},"10":{"loc":{"start":{"line":126,"column":2},"end":{"line":130,"column":3}},"type":"if","locations":[{"start":{"line":126,"column":2},"end":{"line":130,"column":3}},{"start":{},"end":{}}]},"11":{"loc":{"start":{"line":131,"column":2},"end":{"line":135,"column":3}},"type":"if","locations":[{"start":{"line":131,"column":2},"end":{"line":135,"column":3}},{"start":{},"end":{}}]},"12":{"loc":{"start":{"line":131,"column":6},"end":{"line":131,"column":96}},"type":"binary-expr","locations":[{"start":{"line":131,"column":6},"end":{"line":131,"column":22}},{"start":{"line":131,"column":26},"end":{"line":131,"column":63}},{"start":{"line":131,"column":67},"end":{"line":131,"column":96}}]},"13":{"loc":{"start":{"line":155,"column":27},"end":{"line":155,"column":78}},"type":"binary-expr","locations":[{"start":{"line":155,"column":27},"end":{"line":155,"column":45}},{"start":{"line":155,"column":49},"end":{"line":155,"column":78}}]},"14":{"loc":{"start":{"line":156,"column":2},"end":{"line":160,"column":3}},"type":"if","locations":[{"start":{"line":156,"column":2},"end":{"line":160,"column":3}},{"start":{},"end":{}}]},"15":{"loc":{"start":{"line":179,"column":27},"end":{"line":179,"column":114}},"type":"binary-expr","locations":[{"start":{"line":179,"column":27},"end":{"line":179,"column":45}},{"start":{"line":179,"column":50},"end":{"line":179,"column":80}},{"start":{"line":179,"column":84},"end":{"line":179,"column":113}}]},"16":{"loc":{"start":{"line":180,"column":2},"end":{"line":184,"column":3}},"type":"if","locations":[{"start":{"line":180,"column":2},"end":{"line":184,"column":3}},{"start":{},"end":{}}]},"17":{"loc":{"start":{"line":185,"column":2},"end":{"line":189,"column":3}},"type":"if","locations":[{"start":{"line":185,"column":2},"end":{"line":189,"column":3}},{"start":{},"end":{}}]},"18":{"loc":{"start":{"line":185,"column":6},"end":{"line":185,"column":96}},"type":"binary-expr","locations":[{"start":{"line":185,"column":6},"end":{"line":185,"column":22}},{"start":{"line":185,"column":26},"end":{"line":185,"column":63}},{"start":{"line":185,"column":67},"end":{"line":185,"column":96}}]},"19":{"loc":{"start":{"line":208,"column":27},"end":{"line":208,"column":112}},"type":"binary-expr","locations":[{"start":{"line":208,"column":27},"end":{"line":208,"column":45}},{"start":{"line":208,"column":50},"end":{"line":208,"column":78}},{"start":{"line":208,"column":82},"end":{"line":208,"column":111}}]},"20":{"loc":{"start":{"line":209,"column":2},"end":{"line":213,"column":3}},"type":"if","locations":[{"start":{"line":209,"column":2},"end":{"line":213,"column":3}},{"start":{},"end":{}}]},"21":{"loc":{"start":{"line":214,"column":2},"end":{"line":218,"column":3}},"type":"if","locations":[{"start":{"line":214,"column":2},"end":{"line":218,"column":3}},{"start":{},"end":{}}]},"22":{"loc":{"start":{"line":214,"column":6},"end":{"line":214,"column":96}},"type":"binary-expr","locations":[{"start":{"line":214,"column":6},"end":{"line":214,"column":22}},{"start":{"line":214,"column":26},"end":{"line":214,"column":63}},{"start":{"line":214,"column":67},"end":{"line":214,"column":96}}]},"23":{"loc":{"start":{"line":230,"column":27},"end":{"line":230,"column":114}},"type":"binary-expr","locations":[{"start":{"line":230,"column":27},"end":{"line":230,"column":45}},{"start":{"line":230,"column":50},"end":{"line":230,"column":79}},{"start":{"line":230,"column":83},"end":{"line":230,"column":113}}]},"24":{"loc":{"start":{"line":231,"column":2},"end":{"line":235,"column":3}},"type":"if","locations":[{"start":{"line":231,"column":2},"end":{"line":235,"column":3}},{"start":{},"end":{}}]},"25":{"loc":{"start":{"line":236,"column":2},"end":{"line":240,"column":3}},"type":"if","locations":[{"start":{"line":236,"column":2},"end":{"line":240,"column":3}},{"start":{},"end":{}}]},"26":{"loc":{"start":{"line":236,"column":6},"end":{"line":236,"column":96}},"type":"binary-expr","locations":[{"start":{"line":236,"column":6},"end":{"line":236,"column":22}},{"start":{"line":236,"column":26},"end":{"line":236,"column":63}},{"start":{"line":236,"column":67},"end":{"line":236,"column":96}}]}},"s":{"0":1,"1":1,"2":1,"3":1,"4":1,"5":4,"6":4,"7":4,"8":1,"9":3,"10":1,"11":4,"12":2,"13":2,"14":2,"15":2,"16":1,"17":1,"18":1,"19":2,"20":2,"21":2,"22":1,"23":1,"24":1,"25":1,"26":2,"27":1,"28":1,"29":1,"30":1,"31":0,"32":1,"33":2,"34":1,"35":1,"36":1,"37":1,"38":0,"39":1,"40":5,"41":1,"42":4,"43":4,"44":3,"45":3,"46":2,"47":1,"48":1,"49":1,"50":2,"51":2,"52":1,"53":1,"54":1,"55":6,"56":6,"57":1,"58":5,"59":0,"60":5,"61":5,"62":5,"63":5,"64":2,"65":2,"66":3,"67":1,"68":5,"69":5,"70":1,"71":4,"72":4,"73":4,"74":4,"75":1,"76":3,"77":1,"78":5,"79":5,"80":0,"81":5,"82":0,"83":5,"84":5,"85":5,"86":5,"87":2,"88":3,"89":1,"90":5,"91":5,"92":1,"93":4,"94":0,"95":4,"96":4,"97":4,"98":4,"99":2,"100":2,"101":1,"102":5,"103":5,"104":1,"105":4,"106":1,"107":3,"108":3,"109":2,"110":1,"111":1},"f":{"0":1,"1":4,"2":4,"3":2,"4":2,"5":2,"6":5,"7":2,"8":6,"9":5,"10":5,"11":5,"12":5},"b":{"0":[2,2],"1":[4,4],"2":[1,1],"3":[2,2],"4":[1,1],"5":[2,2],"6":[1,4],"7":[5,5,3],"8":[3,1],"9":[6,6,5],"10":[1,5],"11":[0,5],"12":[5,5,4],"13":[5,5],"14":[1,4],"15":[5,5,3],"16":[0,5],"17":[0,5],"18":[5,5,2],"19":[5,5,4],"20":[1,4],"21":[0,4],"22":[4,4,3],"23":[5,5,3],"24":[1,4],"25":[1,3],"26":[4,4,2]}}
,"C:\\Users\\Dhoug\\helpDesk-api\\src\\db\\connection.ts": {"path":"C:\\Users\\Dhoug\\helpDesk-api\\src\\db\\connection.ts","statementMap":{"0":{"start":{"line":1,"column":0},"end":{"line":1,"column":49}},"1":{"start":{"line":2,"column":0},"end":{"line":2,"column":31}},"2":{"start":{"line":3,"column":0},"end":{"line":3,"column":31}},"3":{"start":{"line":4,"column":0},"end":{"line":4,"column":42}},"4":{"start":{"line":6,"column":13},"end":{"line":6,"column":null}},"5":{"start":{"line":7,"column":13},"end":{"line":10,"column":null}}},"fnMap":{},"branchMap":{},"s":{"0":3,"1":3,"2":3,"3":3,"4":3,"5":3},"f":{},"b":{}}
,"C:\\Users\\Dhoug\\helpDesk-api\\src\\db\\schema\\index.ts": {"path":"C:\\Users\\Dhoug\\helpDesk-api\\src\\db\\schema\\index.ts","statementMap":{"0":{"start":{"line":1,"column":0},"end":{"line":1,"column":40}},"1":{"start":{"line":2,"column":0},"end":{"line":2,"column":67}},"2":{"start":{"line":3,"column":0},"end":{"line":3,"column":38}},"3":{"start":{"line":4,"column":0},"end":{"line":4,"column":53}},"4":{"start":{"line":5,"column":0},"end":{"line":5,"column":34}},"5":{"start":{"line":7,"column":13},"end":{"line":13,"column":null}}},"fnMap":{},"branchMap":{},"s":{"0":3,"1":3,"2":3,"3":3,"4":3,"5":3},"f":{},"b":{}}
,"C:\\Users\\Dhoug\\helpDesk-api\\src\\db\\schema\\services.ts": {"path":"C:\\Users\\Dhoug\\helpDesk-api\\src\\db\\schema\\services.ts","statementMap":{"0":{"start":{"line":1,"column":0},"end":{"line":1,"column":78}},"1":{"start":{"line":3,"column":13},"end":{"line":8,"column":null}}},"fnMap":{},"branchMap":{},"s":{"0":3,"1":3},"f":{},"b":{}}
,"C:\\Users\\Dhoug\\helpDesk-api\\src\\db\\schema\\techAvailabilities.ts": {"path":"C:\\Users\\Dhoug\\helpDesk-api\\src\\db\\schema\\techAvailabilities.ts","statementMap":{"0":{"start":{"line":1,"column":0},"end":{"line":1,"column":60}},"1":{"start":{"line":2,"column":0},"end":{"line":2,"column":34}},"2":{"start":{"line":3,"column":0},"end":{"line":3,"column":39}},"3":{"start":{"line":5,"column":13},"end":{"line":11,"column":null}},"4":{"start":{"line":8,"column":20},"end":{"line":8,"column":28}},"5":{"start":{"line":13,"column":13},"end":{"line":21,"column":null}},"6":{"start":{"line":15,"column":15},"end":{"line":20,"column":3}}},"fnMap":{"0":{"name":"(anonymous_0)","decl":{"start":{"line":8,"column":14},"end":{"line":8,"column":17}},"loc":{"start":{"line":8,"column":20},"end":{"line":8,"column":28}}},"1":{"name":"(anonymous_1)","decl":{"start":{"line":15,"column":1},"end":{"line":15,"column":2}},"loc":{"start":{"line":15,"column":15},"end":{"line":20,"column":3}}}},"branchMap":{},"s":{"0":3,"1":3,"2":3,"3":3,"4":0,"5":3,"6":0},"f":{"0":0,"1":0},"b":{}}
,"C:\\Users\\Dhoug\\helpDesk-api\\src\\db\\schema\\tickets.ts": {"path":"C:\\Users\\Dhoug\\helpDesk-api\\src\\db\\schema\\tickets.ts","statementMap":{"0":{"start":{"line":1,"column":0},"end":{"line":1,"column":70}},"1":{"start":{"line":2,"column":0},"end":{"line":2,"column":34}},"2":{"start":{"line":4,"column":13},"end":{"line":4,"column":null}},"3":{"start":{"line":6,"column":13},"end":{"line":17,"column":null}},"4":{"start":{"line":9,"column":20},"end":{"line":9,"column":28}},"5":{"start":{"line":12,"column":20},"end":{"line":12,"column":28}}},"fnMap":{"0":{"name":"(anonymous_0)","decl":{"start":{"line":9,"column":14},"end":{"line":9,"column":17}},"loc":{"start":{"line":9,"column":20},"end":{"line":9,"column":28}}},"1":{"name":"(anonymous_1)","decl":{"start":{"line":12,"column":14},"end":{"line":12,"column":17}},"loc":{"start":{"line":12,"column":20},"end":{"line":12,"column":28}}}},"branchMap":{},"s":{"0":3,"1":3,"2":3,"3":3,"4":0,"5":0},"f":{"0":0,"1":0},"b":{}}
,"C:\\Users\\Dhoug\\helpDesk-api\\src\\db\\schema\\ticketsServices.ts": {"path":"C:\\Users\\Dhoug\\helpDesk-api\\src\\db\\schema\\ticketsServices.ts","statementMap":{"0":{"start":{"line":1,"column":0},"end":{"line":1,"column":63}},"1":{"start":{"line":2,"column":0},"end":{"line":2,"column":38}},"2":{"start":{"line":3,"column":0},"end":{"line":3,"column":40}},"3":{"start":{"line":5,"column":13},"end":{"line":16,"column":null}},"4":{"start":{"line":9,"column":21},"end":{"line":9,"column":31}},"5":{"start":{"line":12,"column":21},"end":{"line":12,"column":32}},"6":{"start":{"line":15,"column":8},"end":{"line":15,"column":60}}},"fnMap":{"0":{"name":"(anonymous_0)","decl":{"start":{"line":9,"column":15},"end":{"line":9,"column":18}},"loc":{"start":{"line":9,"column":21},"end":{"line":9,"column":31}}},"1":{"name":"(anonymous_1)","decl":{"start":{"line":12,"column":15},"end":{"line":12,"column":18}},"loc":{"start":{"line":12,"column":21},"end":{"line":12,"column":32}}},"2":{"name":"(anonymous_2)","decl":{"start":{"line":15,"column":1},"end":{"line":15,"column":2}},"loc":{"start":{"line":15,"column":8},"end":{"line":15,"column":60}}}},"branchMap":{},"s":{"0":3,"1":3,"2":3,"3":3,"4":0,"5":0,"6":3},"f":{"0":0,"1":0,"2":3},"b":{}}
,"C:\\Users\\Dhoug\\helpDesk-api\\src\\db\\schema\\users.ts": {"path":"C:\\Users\\Dhoug\\helpDesk-api\\src\\db\\schema\\users.ts","statementMap":{"0":{"start":{"line":1,"column":0},"end":{"line":1,"column":68}},"1":{"start":{"line":2,"column":0},"end":{"line":2,"column":67}},"2":{"start":{"line":3,"column":0},"end":{"line":3,"column":39}},"3":{"start":{"line":5,"column":13},"end":{"line":5,"column":null}},"4":{"start":{"line":7,"column":13},"end":{"line":16,"column":null}},"5":{"start":{"line":18,"column":13},"end":{"line":20,"column":null}},"6":{"start":{"line":18,"column":61},"end":{"line":20,"column":2}}},"fnMap":{"0":{"name":"(anonymous_0)","decl":{"start":{"line":18,"column":46},"end":{"line":18,"column":47}},"loc":{"start":{"line":18,"column":61},"end":{"line":20,"column":2}}}},"branchMap":{},"s":{"0":3,"1":3,"2":3,"3":3,"4":3,"5":3,"6":0},"f":{"0":0},"b":{}}
,"C:\\Users\\Dhoug\\helpDesk-api\\src\\middlewares\\authMiddleware.ts": {"path":"C:\\Users\\Dhoug\\helpDesk-api\\src\\middlewares\\authMiddleware.ts","statementMap":{"0":{"start":{"line":6,"column":0},"end":{"line":6,"column":16}},"1":{"start":{"line":1,"column":0},"end":{"line":1,"column":32}},"2":{"start":{"line":3,"column":0},"end":{"line":3,"column":31}},"3":{"start":{"line":11,"column":20},"end":{"line":11,"column":34}},"4":{"start":{"line":12,"column":20},"end":{"line":12,"column":49}},"5":{"start":{"line":14,"column":1},"end":{"line":16,"column":2}},"6":{"start":{"line":15,"column":2},"end":{"line":15,"column":66}},"7":{"start":{"line":18,"column":19},"end":{"line":18,"column":40}},"8":{"start":{"line":20,"column":1},"end":{"line":22,"column":2}},"9":{"start":{"line":21,"column":2},"end":{"line":21,"column":63}},"10":{"start":{"line":23,"column":1},"end":{"line":29,"column":2}},"11":{"start":{"line":24,"column":18},"end":{"line":24,"column":62}},"12":{"start":{"line":25,"column":2},"end":{"line":25,"column":25}},"13":{"start":{"line":26,"column":2},"end":{"line":26,"column":16}},"14":{"start":{"line":28,"column":2},"end":{"line":28,"column":73}}},"fnMap":{"0":{"name":"authMiddleware","decl":{"start":{"line":6,"column":16},"end":{"line":6,"column":30}},"loc":{"start":{"line":9,"column":19},"end":{"line":30,"column":1}}}},"branchMap":{"0":{"loc":{"start":{"line":14,"column":1},"end":{"line":16,"column":2}},"type":"if","locations":[{"start":{"line":14,"column":1},"end":{"line":16,"column":2}},{"start":{},"end":{}}]},"1":{"loc":{"start":{"line":20,"column":1},"end":{"line":22,"column":2}},"type":"if","locations":[{"start":{"line":20,"column":1},"end":{"line":22,"column":2}},{"start":{},"end":{}}]}},"s":{"0":4,"1":4,"2":4,"3":135,"4":135,"5":135,"6":22,"7":113,"8":113,"9":3,"10":110,"11":110,"12":102,"13":102,"14":8},"f":{"0":135},"b":{"0":[22,113],"1":[3,110]}}
,"C:\\Users\\Dhoug\\helpDesk-api\\src\\middlewares\\validateDataMiddleware.ts": {"path":"C:\\Users\\Dhoug\\helpDesk-api\\src\\middlewares\\validateDataMiddleware.ts","statementMap":{"0":{"start":{"line":5,"column":0},"end":{"line":5,"column":16}},"1":{"start":{"line":14,"column":1},"end":{"line":50,"column":3}},"2":{"start":{"line":15,"column":2},"end":{"line":26,"column":3}},"3":{"start":{"line":16,"column":22},"end":{"line":16,"column":52}},"4":{"start":{"line":18,"column":3},"end":{"line":23,"column":4}},"5":{"start":{"line":19,"column":4},"end":{"line":22,"column":7}},"6":{"start":{"line":21,"column":52},"end":{"line":21,"column":65}},"7":{"start":{"line":25,"column":3},"end":{"line":25,"column":30}},"8":{"start":{"line":28,"column":2},"end":{"line":37,"column":3}},"9":{"start":{"line":29,"column":24},"end":{"line":29,"column":58}},"10":{"start":{"line":30,"column":3},"end":{"line":35,"column":4}},"11":{"start":{"line":31,"column":4},"end":{"line":34,"column":7}},"12":{"start":{"line":33,"column":54},"end":{"line":33,"column":67}},"13":{"start":{"line":36,"column":3},"end":{"line":36,"column":34}},"14":{"start":{"line":39,"column":2},"end":{"line":48,"column":3}},"15":{"start":{"line":40,"column":23},"end":{"line":40,"column":55}},"16":{"start":{"line":41,"column":3},"end":{"line":46,"column":4}},"17":{"start":{"line":42,"column":4},"end":{"line":45,"column":7}},"18":{"start":{"line":44,"column":53},"end":{"line":44,"column":66}},"19":{"start":{"line":47,"column":3},"end":{"line":47,"column":32}},"20":{"start":{"line":49,"column":2},"end":{"line":49,"column":9}}},"fnMap":{"0":{"name":"validateZodSchema","decl":{"start":{"line":5,"column":16},"end":{"line":5,"column":33}},"loc":{"start":{"line":12,"column":26},"end":{"line":51,"column":1}}},"1":{"name":"(anonymous_1)","decl":{"start":{"line":14,"column":8},"end":{"line":14,"column":9}},"loc":{"start":{"line":14,"column":63},"end":{"line":50,"column":2}}},"2":{"name":"(anonymous_2)","decl":{"start":{"line":21,"column":41},"end":{"line":21,"column":42}},"loc":{"start":{"line":21,"column":52},"end":{"line":21,"column":65}}},"3":{"name":"(anonymous_3)","decl":{"start":{"line":33,"column":43},"end":{"line":33,"column":44}},"loc":{"start":{"line":33,"column":54},"end":{"line":33,"column":67}}},"4":{"name":"(anonymous_4)","decl":{"start":{"line":44,"column":42},"end":{"line":44,"column":43}},"loc":{"start":{"line":44,"column":53},"end":{"line":44,"column":66}}}},"branchMap":{"0":{"loc":{"start":{"line":15,"column":2},"end":{"line":26,"column":3}},"type":"if","locations":[{"start":{"line":15,"column":2},"end":{"line":26,"column":3}},{"start":{},"end":{}}]},"1":{"loc":{"start":{"line":18,"column":3},"end":{"line":23,"column":4}},"type":"if","locations":[{"start":{"line":18,"column":3},"end":{"line":23,"column":4}},{"start":{},"end":{}}]},"2":{"loc":{"start":{"line":28,"column":2},"end":{"line":37,"column":3}},"type":"if","locations":[{"start":{"line":28,"column":2},"end":{"line":37,"column":3}},{"start":{},"end":{}}]},"3":{"loc":{"start":{"line":30,"column":3},"end":{"line":35,"column":4}},"type":"if","locations":[{"start":{"line":30,"column":3},"end":{"line":35,"column":4}},{"start":{},"end":{}}]},"4":{"loc":{"start":{"line":39,"column":2},"end":{"line":48,"column":3}},"type":"if","locations":[{"start":{"line":39,"column":2},"end":{"line":48,"column":3}},{"start":{},"end":{}}]},"5":{"loc":{"start":{"line":41,"column":3},"end":{"line":46,"column":4}},"type":"if","locations":[{"start":{"line":41,"column":3},"end":{"line":46,"column":4}},{"start":{},"end":{}}]}},"s":{"0":4,"1":52,"2":148,"3":121,"4":121,"5":31,"6":46,"7":90,"8":117,"9":83,"10":83,"11":10,"12":10,"13":73,"14":107,"15":6,"16":6,"17":2,"18":2,"19":4,"20":105},"f":{"0":52,"1":148,"2":46,"3":10,"4":2},"b":{"0":[121,27],"1":[31,90],"2":[83,34],"3":[10,73],"4":[6,101],"5":[2,4]}}
,"C:\\Users\\Dhoug\\helpDesk-api\\src\\routes\\serviceRoutes.ts": {"path":"C:\\Users\\Dhoug\\helpDesk-api\\src\\routes\\serviceRoutes.ts","statementMap":{"0":{"start":{"line":1,"column":0},"end":{"line":1,"column":33}},"1":{"start":{"line":2,"column":0},"end":{"line":2,"column":66}},"2":{"start":{"line":3,"column":0},"end":{"line":3,"column":77}},"3":{"start":{"line":4,"column":0},"end":{"line":4,"column":24}},"4":{"start":{"line":5,"column":0},"end":{"line":5,"column":68}},"5":{"start":{"line":7,"column":15},"end":{"line":7,"column":23}},"6":{"start":{"line":48,"column":19},"end":{"line":48,"column":32}},"7":{"start":{"line":8,"column":26},"end":{"line":8,"column":49}},"8":{"start":{"line":10,"column":0},"end":{"line":20,"column":2}},"9":{"start":{"line":21,"column":0},"end":{"line":21,"column":68}},"10":{"start":{"line":22,"column":0},"end":{"line":35,"column":2}},"11":{"start":{"line":36,"column":0},"end":{"line":46,"column":2}}},"fnMap":{},"branchMap":{},"s":{"0":1,"1":1,"2":1,"3":1,"4":1,"5":1,"6":1,"7":1,"8":1,"9":1,"10":1,"11":1},"f":{},"b":{}}
,"C:\\Users\\Dhoug\\helpDesk-api\\src\\routes\\ticketRoutes.ts": {"path":"C:\\Users\\Dhoug\\helpDesk-api\\src\\routes\\ticketRoutes.ts","statementMap":{"0":{"start":{"line":1,"column":0},"end":{"line":1,"column":33}},"1":{"start":{"line":2,"column":0},"end":{"line":2,"column":66}},"2":{"start":{"line":3,"column":0},"end":{"line":3,"column":77}},"3":{"start":{"line":4,"column":0},"end":{"line":4,"column":24}},"4":{"start":{"line":5,"column":0},"end":{"line":5,"column":66}},"5":{"start":{"line":7,"column":15},"end":{"line":7,"column":23}},"6":{"start":{"line":55,"column":19},"end":{"line":55,"column":31}},"7":{"start":{"line":8,"column":25},"end":{"line":8,"column":47}},"8":{"start":{"line":10,"column":0},"end":{"line":20,"column":2}},"9":{"start":{"line":21,"column":0},"end":{"line":25,"column":2}},"10":{"start":{"line":26,"column":0},"end":{"line":26,"column":70}},"11":{"start":{"line":27,"column":0},"end":{"line":27,"column":69}},"12":{"start":{"line":28,"column":0},"end":{"line":40,"column":2}},"13":{"start":{"line":41,"column":0},"end":{"line":53,"column":2}}},"fnMap":{},"branchMap":{},"s":{"0":1,"1":1,"2":1,"3":1,"4":1,"5":1,"6":1,"7":1,"8":1,"9":1,"10":1,"11":1,"12":1,"13":1},"f":{},"b":{}}
,"C:\\Users\\Dhoug\\helpDesk-api\\src\\routes\\userRoutes.ts": {"path":"C:\\Users\\Dhoug\\helpDesk-api\\src\\routes\\userRoutes.ts","statementMap":{"0":{"start":{"line":1,"column":0},"end":{"line":1,"column":32}},"1":{"start":{"line":2,"column":0},"end":{"line":2,"column":61}},"2":{"start":{"line":3,"column":0},"end":{"line":3,"column":65}},"3":{"start":{"line":4,"column":0},"end":{"line":4,"column":76}},"4":{"start":{"line":5,"column":0},"end":{"line":5,"column":23}},"5":{"start":{"line":6,"column":0},"end":{"line":6,"column":27}},"6":{"start":{"line":8,"column":15},"end":{"line":8,"column":23}},"7":{"start":{"line":154,"column":19},"end":{"line":154,"column":29}},"8":{"start":{"line":9,"column":23},"end":{"line":9,"column":43}},"9":{"start":{"line":10,"column":15},"end":{"line":10,"column":58}},"10":{"start":{"line":13,"column":0},"end":{"line":13,"column":null}},"11":{"start":{"line":16,"column":0},"end":{"line":29,"column":null}},"12":{"start":{"line":30,"column":0},"end":{"line":30,"column":null}},"13":{"start":{"line":31,"column":0},"end":{"line":47,"column":null}},"14":{"start":{"line":48,"column":0},"end":{"line":66,"column":null}},"15":{"start":{"line":68,"column":0},"end":{"line":84,"column":null}},"16":{"start":{"line":87,"column":0},"end":{"line":99,"column":null}},"17":{"start":{"line":100,"column":0},"end":{"line":116,"column":null}},"18":{"start":{"line":117,"column":0},"end":{"line":117,"column":null}},"19":{"start":{"line":118,"column":0},"end":{"line":128,"column":null}},"20":{"start":{"line":131,"column":0},"end":{"line":142,"column":null}},"21":{"start":{"line":143,"column":0},"end":{"line":152,"column":null}}},"fnMap":{},"branchMap":{},"s":{"0":1,"1":1,"2":1,"3":1,"4":1,"5":1,"6":1,"7":1,"8":1,"9":1,"10":1,"11":1,"12":1,"13":1,"14":1,"15":1,"16":1,"17":1,"18":1,"19":1,"20":1,"21":1},"f":{},"b":{}}
,"C:\\Users\\Dhoug\\helpDesk-api\\src\\services\\authService.ts": {"path":"C:\\Users\\Dhoug\\helpDesk-api\\src\\services\\authService.ts","statementMap":{"0":{"start":{"line":1,"column":0},"end":{"line":1,"column":28}},"1":{"start":{"line":2,"column":0},"end":{"line":2,"column":31}},"2":{"start":{"line":3,"column":0},"end":{"line":3,"column":32}},"3":{"start":{"line":4,"column":0},"end":{"line":4,"column":41}},"4":{"start":{"line":5,"column":0},"end":{"line":5,"column":47}},"5":{"start":{"line":6,"column":0},"end":{"line":6,"column":33}},"6":{"start":{"line":10,"column":16},"end":{"line":31,"column":2}},"7":{"start":{"line":11,"column":15},"end":{"line":13,"column":4}},"8":{"start":{"line":14,"column":2},"end":{"line":16,"column":3}},"9":{"start":{"line":15,"column":3},"end":{"line":15,"column":44}},"10":{"start":{"line":18,"column":13},"end":{"line":18,"column":62}},"11":{"start":{"line":19,"column":2},"end":{"line":21,"column":3}},"12":{"start":{"line":20,"column":3},"end":{"line":20,"column":44}},"13":{"start":{"line":24,"column":2},"end":{"line":30,"column":4}},"14":{"start":{"line":8,"column":0},"end":{"line":8,"column":21}}},"fnMap":{"0":{"name":"(anonymous_1)","decl":{"start":{"line":10,"column":16},"end":{"line":10,"column":21}},"loc":{"start":{"line":10,"column":58},"end":{"line":31,"column":2}}}},"branchMap":{"0":{"loc":{"start":{"line":14,"column":2},"end":{"line":16,"column":3}},"type":"if","locations":[{"start":{"line":14,"column":2},"end":{"line":16,"column":3}},{"start":{},"end":{}}]},"1":{"loc":{"start":{"line":19,"column":2},"end":{"line":21,"column":3}},"type":"if","locations":[{"start":{"line":19,"column":2},"end":{"line":21,"column":3}},{"start":{},"end":{}}]}},"s":{"0":1,"1":1,"2":1,"3":1,"4":1,"5":1,"6":1,"7":4,"8":3,"9":1,"10":2,"11":2,"12":1,"13":1,"14":1},"f":{"0":4},"b":{"0":[1,2],"1":[1,1]}}
,"C:\\Users\\Dhoug\\helpDesk-api\\src\\services\\serviceService.ts": {"path":"C:\\Users\\Dhoug\\helpDesk-api\\src\\services\\serviceService.ts","statementMap":{"0":{"start":{"line":2,"column":0},"end":{"line":2,"column":41}},"1":{"start":{"line":3,"column":0},"end":{"line":3,"column":47}},"2":{"start":{"line":4,"column":0},"end":{"line":4,"column":33}},"3":{"start":{"line":8,"column":17},"end":{"line":15,"column":15}},"4":{"start":{"line":9,"column":2},"end":{"line":15,"column":15}},"5":{"start":{"line":17,"column":17},"end":{"line":33,"column":2}},"6":{"start":{"line":18,"column":24},"end":{"line":20,"column":4}},"7":{"start":{"line":21,"column":2},"end":{"line":23,"column":3}},"8":{"start":{"line":22,"column":3},"end":{"line":22,"column":47}},"9":{"start":{"line":25,"column":2},"end":{"line":32,"column":16}},"10":{"start":{"line":35,"column":21},"end":{"line":50,"column":2}},"11":{"start":{"line":36,"column":24},"end":{"line":38,"column":4}},"12":{"start":{"line":39,"column":2},"end":{"line":41,"column":3}},"13":{"start":{"line":40,"column":3},"end":{"line":40,"column":47}},"14":{"start":{"line":43,"column":2},"end":{"line":49,"column":16}},"15":{"start":{"line":52,"column":16},"end":{"line":55,"column":4}},"16":{"start":{"line":53,"column":2},"end":{"line":55,"column":4}},"17":{"start":{"line":6,"column":0},"end":{"line":6,"column":21}}},"fnMap":{"0":{"name":"(anonymous_0)","decl":{"start":{"line":8,"column":17},"end":{"line":8,"column":22}},"loc":{"start":{"line":9,"column":2},"end":{"line":15,"column":15}}},"1":{"name":"(anonymous_1)","decl":{"start":{"line":17,"column":17},"end":{"line":17,"column":22}},"loc":{"start":{"line":17,"column":75},"end":{"line":33,"column":2}}},"2":{"name":"(anonymous_2)","decl":{"start":{"line":35,"column":21},"end":{"line":35,"column":26}},"loc":{"start":{"line":35,"column":49},"end":{"line":50,"column":2}}},"3":{"name":"(anonymous_3)","decl":{"start":{"line":52,"column":16},"end":{"line":52,"column":21}},"loc":{"start":{"line":53,"column":2},"end":{"line":55,"column":4}}}},"branchMap":{"0":{"loc":{"start":{"line":21,"column":2},"end":{"line":23,"column":3}},"type":"if","locations":[{"start":{"line":21,"column":2},"end":{"line":23,"column":3}},{"start":{},"end":{}}]},"1":{"loc":{"start":{"line":39,"column":2},"end":{"line":41,"column":3}},"type":"if","locations":[{"start":{"line":39,"column":2},"end":{"line":41,"column":3}},{"start":{},"end":{}}]}},"s":{"0":1,"1":1,"2":1,"3":1,"4":4,"5":1,"6":3,"7":3,"8":1,"9":2,"10":1,"11":2,"12":2,"13":1,"14":1,"15":1,"16":4,"17":1},"f":{"0":4,"1":3,"2":2,"3":4},"b":{"0":[1,2],"1":[1,1]}}
,"C:\\Users\\Dhoug\\helpDesk-api\\src\\services\\ticketService.ts": {"path":"C:\\Users\\Dhoug\\helpDesk-api\\src\\services\\ticketService.ts","statementMap":{"0":{"start":{"line":2,"column":0},"end":{"line":2,"column":40}},"1":{"start":{"line":3,"column":0},"end":{"line":3,"column":46}},"2":{"start":{"line":4,"column":0},"end":{"line":4,"column":57}},"3":{"start":{"line":9,"column":16},"end":{"line":63,"column":2}},"4":{"start":{"line":10,"column":24},"end":{"line":17,"column":74}},"5":{"start":{"line":20,"column":2},"end":{"line":20,"column":null}},"6":{"start":{"line":20,"column":25},"end":{"line":20,"column":null}},"7":{"start":{"line":22,"column":27},"end":{"line":29,"column":90}},"8":{"start":{"line":31,"column":2},"end":{"line":33,"column":3}},"9":{"start":{"line":32,"column":3},"end":{"line":32,"column":null}},"10":{"start":{"line":35,"column":17},"end":{"line":52,"column":4}},"11":{"start":{"line":36,"column":23},"end":{"line":42,"column":16}},"12":{"start":{"line":44,"column":3},"end":{"line":49,"column":null}},"13":{"start":{"line":45,"column":36},"end":{"line":48,"column":6}},"14":{"start":{"line":51,"column":3},"end":{"line":51,"column":null}},"15":{"start":{"line":54,"column":2},"end":{"line":62,"column":null}},"16":{"start":{"line":61,"column":60},"end":{"line":61,"column":87}},"17":{"start":{"line":65,"column":21},"end":{"line":86,"column":43}},"18":{"start":{"line":66,"column":2},"end":{"line":86,"column":43}},"19":{"start":{"line":88,"column":19},"end":{"line":109,"column":37}},"20":{"start":{"line":89,"column":2},"end":{"line":109,"column":37}},"21":{"start":{"line":111,"column":18},"end":{"line":131,"column":37}},"22":{"start":{"line":112,"column":2},"end":{"line":131,"column":37}},"23":{"start":{"line":133,"column":23},"end":{"line":170,"column":2}},"24":{"start":{"line":134,"column":17},"end":{"line":136,"column":4}},"25":{"start":{"line":137,"column":2},"end":{"line":139,"column":3}},"26":{"start":{"line":138,"column":3},"end":{"line":138,"column":null}},"27":{"start":{"line":140,"column":2},"end":{"line":142,"column":3}},"28":{"start":{"line":141,"column":3},"end":{"line":141,"column":null}},"29":{"start":{"line":144,"column":27},"end":{"line":151,"column":90}},"30":{"start":{"line":153,"column":2},"end":{"line":155,"column":3}},"31":{"start":{"line":154,"column":3},"end":{"line":154,"column":null}},"32":{"start":{"line":157,"column":2},"end":{"line":169,"column":null}},"33":{"start":{"line":158,"column":3},"end":{"line":161,"column":null}},"34":{"start":{"line":160,"column":44},"end":{"line":160,"column":67}},"35":{"start":{"line":163,"column":3},"end":{"line":168,"column":null}},"36":{"start":{"line":172,"column":16},"end":{"line":189,"column":2}},"37":{"start":{"line":173,"column":17},"end":{"line":175,"column":4}},"38":{"start":{"line":177,"column":2},"end":{"line":177,"column":null}},"39":{"start":{"line":177,"column":15},"end":{"line":177,"column":null}},"40":{"start":{"line":178,"column":2},"end":{"line":180,"column":3}},"41":{"start":{"line":179,"column":3},"end":{"line":179,"column":null}},"42":{"start":{"line":182,"column":2},"end":{"line":188,"column":null}},"43":{"start":{"line":8,"column":0},"end":{"line":8,"column":21}}},"fnMap":{"0":{"name":"(anonymous_0)","decl":{"start":{"line":9,"column":16},"end":{"line":9,"column":21}},"loc":{"start":{"line":9,"column":82},"end":{"line":63,"column":2}}},"1":{"name":"(anonymous_1)","decl":{"start":{"line":35,"column":38},"end":{"line":35,"column":43}},"loc":{"start":{"line":35,"column":51},"end":{"line":52,"column":3}}},"2":{"name":"(anonymous_2)","decl":{"start":{"line":45,"column":20},"end":{"line":45,"column":21}},"loc":{"start":{"line":45,"column":36},"end":{"line":48,"column":6}}},"3":{"name":"(anonymous_3)","decl":{"start":{"line":61,"column":42},"end":{"line":61,"column":43}},"loc":{"start":{"line":61,"column":60},"end":{"line":61,"column":87}}},"4":{"name":"(anonymous_4)","decl":{"start":{"line":65,"column":21},"end":{"line":65,"column":26}},"loc":{"start":{"line":66,"column":2},"end":{"line":86,"column":43}}},"5":{"name":"(anonymous_5)","decl":{"start":{"line":88,"column":19},"end":{"line":88,"column":24}},"loc":{"start":{"line":89,"column":2},"end":{"line":109,"column":37}}},"6":{"name":"(anonymous_6)","decl":{"start":{"line":111,"column":18},"end":{"line":111,"column":23}},"loc":{"start":{"line":112,"column":2},"end":{"line":131,"column":37}}},"7":{"name":"(anonymous_7)","decl":{"start":{"line":133,"column":23},"end":{"line":133,"column":28}},"loc":{"start":{"line":133,"column":92},"end":{"line":170,"column":2}}},"8":{"name":"(anonymous_8)","decl":{"start":{"line":157,"column":30},"end":{"line":157,"column":35}},"loc":{"start":{"line":157,"column":43},"end":{"line":169,"column":3}}},"9":{"name":"(anonymous_9)","decl":{"start":{"line":160,"column":28},"end":{"line":160,"column":29}},"loc":{"start":{"line":160,"column":44},"end":{"line":160,"column":67}}},"10":{"name":"(anonymous_10)","decl":{"start":{"line":172,"column":16},"end":{"line":172,"column":21}},"loc":{"start":{"line":172,"column":84},"end":{"line":189,"column":2}}}},"branchMap":{"0":{"loc":{"start":{"line":20,"column":2},"end":{"line":20,"column":null}},"type":"if","locations":[{"start":{"line":20,"column":2},"end":{"line":20,"column":null}},{"start":{},"end":{}}]},"1":{"loc":{"start":{"line":31,"column":2},"end":{"line":33,"column":3}},"type":"if","locations":[{"start":{"line":31,"column":2},"end":{"line":33,"column":3}},{"start":{},"end":{}}]},"2":{"loc":{"start":{"line":137,"column":2},"end":{"line":139,"column":3}},"type":"if","locations":[{"start":{"line":137,"column":2},"end":{"line":139,"column":3}},{"start":{},"end":{}}]},"3":{"loc":{"start":{"line":140,"column":2},"end":{"line":142,"column":3}},"type":"if","locations":[{"start":{"line":140,"column":2},"end":{"line":142,"column":3}},{"start":{},"end":{}}]},"4":{"loc":{"start":{"line":140,"column":6},"end":{"line":140,"column":56}},"type":"binary-expr","locations":[{"start":{"line":140,"column":6},"end":{"line":140,"column":31}},{"start":{"line":140,"column":35},"end":{"line":140,"column":56}}]},"5":{"loc":{"start":{"line":153,"column":2},"end":{"line":155,"column":3}},"type":"if","locations":[{"start":{"line":153,"column":2},"end":{"line":155,"column":3}},{"start":{},"end":{}}]},"6":{"loc":{"start":{"line":177,"column":2},"end":{"line":177,"column":null}},"type":"if","locations":[{"start":{"line":177,"column":2},"end":{"line":177,"column":null}},{"start":{},"end":{}}]},"7":{"loc":{"start":{"line":178,"column":2},"end":{"line":180,"column":3}},"type":"if","locations":[{"start":{"line":178,"column":2},"end":{"line":180,"column":3}},{"start":{},"end":{}}]},"8":{"loc":{"start":{"line":178,"column":6},"end":{"line":178,"column":56}},"type":"binary-expr","locations":[{"start":{"line":178,"column":6},"end":{"line":178,"column":31}},{"start":{"line":178,"column":35},"end":{"line":178,"column":56}}]}},"s":{"0":1,"1":1,"2":1,"3":1,"4":3,"5":3,"6":1,"7":2,"8":2,"9":1,"10":1,"11":1,"12":1,"13":1,"14":1,"15":1,"16":1,"17":1,"18":1,"19":1,"20":1,"21":1,"22":1,"23":1,"24":7,"25":7,"26":1,"27":6,"28":1,"29":5,"30":5,"31":2,"32":3,"33":3,"34":4,"35":3,"36":1,"37":7,"38":7,"39":1,"40":6,"41":1,"42":5,"43":1},"f":{"0":3,"1":1,"2":1,"3":1,"4":1,"5":1,"6":1,"7":7,"8":3,"9":4,"10":7},"b":{"0":[1,2],"1":[1,1],"2":[1,6],"3":[1,5],"4":[6,2],"5":[2,3],"6":[1,6],"7":[1,5],"8":[6,2]}}
,"C:\\Users\\Dhoug\\helpDesk-api\\src\\services\\userService.ts": {"path":"C:\\Users\\Dhoug\\helpDesk-api\\src\\services\\userService.ts","statementMap":{"0":{"start":{"line":2,"column":0},"end":{"line":2,"column":40}},"1":{"start":{"line":3,"column":0},"end":{"line":3,"column":46}},"2":{"start":{"line":4,"column":0},"end":{"line":4,"column":27}},"3":{"start":{"line":5,"column":0},"end":{"line":5,"column":32}},"4":{"start":{"line":6,"column":0},"end":{"line":6,"column":33}},"5":{"start":{"line":12,"column":21},"end":{"line":43,"column":2}},"6":{"start":{"line":13,"column":28},"end":{"line":15,"column":4}},"7":{"start":{"line":16,"column":2},"end":{"line":18,"column":3}},"8":{"start":{"line":17,"column":3},"end":{"line":17,"column":null}},"9":{"start":{"line":20,"column":23},"end":{"line":20,"column":54}},"10":{"start":{"line":22,"column":32},"end":{"line":22,"column":104}},"11":{"start":{"line":24,"column":20},"end":{"line":34,"column":15}},"12":{"start":{"line":36,"column":27},"end":{"line":39,"column":5}},"13":{"start":{"line":36,"column":64},"end":{"line":39,"column":4}},"14":{"start":{"line":41,"column":2},"end":{"line":41,"column":null}},"15":{"start":{"line":42,"column":2},"end":{"line":42,"column":null}},"16":{"start":{"line":45,"column":23},"end":{"line":66,"column":2}},"17":{"start":{"line":46,"column":28},"end":{"line":48,"column":4}},"18":{"start":{"line":49,"column":2},"end":{"line":51,"column":3}},"19":{"start":{"line":50,"column":3},"end":{"line":50,"column":null}},"20":{"start":{"line":53,"column":23},"end":{"line":53,"column":54}},"21":{"start":{"line":55,"column":2},"end":{"line":65,"column":null}},"22":{"start":{"line":68,"column":20},"end":{"line":83,"column":28}},"23":{"start":{"line":69,"column":2},"end":{"line":83,"column":28}},"24":{"start":{"line":85,"column":22},"end":{"line":88,"column":4}},"25":{"start":{"line":86,"column":2},"end":{"line":88,"column":4}},"26":{"start":{"line":90,"column":22},"end":{"line":126,"column":2}},"27":{"start":{"line":98,"column":27},"end":{"line":100,"column":4}},"28":{"start":{"line":102,"column":21},"end":{"line":104,"column":4}},"29":{"start":{"line":105,"column":2},"end":{"line":107,"column":3}},"30":{"start":{"line":106,"column":3},"end":{"line":106,"column":null}},"31":{"start":{"line":109,"column":2},"end":{"line":111,"column":3}},"32":{"start":{"line":110,"column":3},"end":{"line":110,"column":null}},"33":{"start":{"line":113,"column":23},"end":{"line":113,"column":57}},"34":{"start":{"line":115,"column":2},"end":{"line":125,"column":null}},"35":{"start":{"line":128,"column":21},"end":{"line":164,"column":2}},"36":{"start":{"line":136,"column":27},"end":{"line":138,"column":4}},"37":{"start":{"line":140,"column":21},"end":{"line":142,"column":4}},"38":{"start":{"line":143,"column":2},"end":{"line":145,"column":3}},"39":{"start":{"line":144,"column":3},"end":{"line":144,"column":null}},"40":{"start":{"line":147,"column":2},"end":{"line":149,"column":3}},"41":{"start":{"line":148,"column":3},"end":{"line":148,"column":null}},"42":{"start":{"line":151,"column":23},"end":{"line":151,"column":57}},"43":{"start":{"line":153,"column":2},"end":{"line":163,"column":null}},"44":{"start":{"line":166,"column":23},"end":{"line":202,"column":2}},"45":{"start":{"line":174,"column":27},"end":{"line":176,"column":4}},"46":{"start":{"line":178,"column":21},"end":{"line":180,"column":4}},"47":{"start":{"line":181,"column":2},"end":{"line":183,"column":3}},"48":{"start":{"line":182,"column":3},"end":{"line":182,"column":null}},"49":{"start":{"line":185,"column":2},"end":{"line":187,"column":3}},"50":{"start":{"line":186,"column":3},"end":{"line":186,"column":null}},"51":{"start":{"line":189,"column":23},"end":{"line":189,"column":57}},"52":{"start":{"line":191,"column":2},"end":{"line":201,"column":null}},"53":{"start":{"line":204,"column":28},"end":{"line":220,"column":2}},"54":{"start":{"line":205,"column":21},"end":{"line":207,"column":4}},"55":{"start":{"line":208,"column":2},"end":{"line":210,"column":3}},"56":{"start":{"line":209,"column":3},"end":{"line":209,"column":null}},"57":{"start":{"line":212,"column":2},"end":{"line":212,"column":null}},"58":{"start":{"line":214,"column":27},"end":{"line":217,"column":5}},"59":{"start":{"line":214,"column":60},"end":{"line":217,"column":4}},"60":{"start":{"line":219,"column":2},"end":{"line":219,"column":null}},"61":{"start":{"line":222,"column":21},"end":{"line":238,"column":2}},"62":{"start":{"line":223,"column":21},"end":{"line":225,"column":4}},"63":{"start":{"line":226,"column":2},"end":{"line":228,"column":3}},"64":{"start":{"line":227,"column":3},"end":{"line":227,"column":null}},"65":{"start":{"line":230,"column":2},"end":{"line":235,"column":null}},"66":{"start":{"line":237,"column":2},"end":{"line":237,"column":null}},"67":{"start":{"line":240,"column":18},"end":{"line":250,"column":2}},"68":{"start":{"line":241,"column":15},"end":{"line":243,"column":4}},"69":{"start":{"line":245,"column":2},"end":{"line":247,"column":3}},"70":{"start":{"line":246,"column":3},"end":{"line":246,"column":null}},"71":{"start":{"line":249,"column":2},"end":{"line":249,"column":null}},"72":{"start":{"line":252,"column":24},"end":{"line":261,"column":2}},"73":{"start":{"line":253,"column":23},"end":{"line":255,"column":4}},"74":{"start":{"line":256,"column":2},"end":{"line":258,"column":3}},"75":{"start":{"line":257,"column":3},"end":{"line":257,"column":null}},"76":{"start":{"line":260,"column":2},"end":{"line":260,"column":null}},"77":{"start":{"line":10,"column":0},"end":{"line":10,"column":21}}},"fnMap":{"0":{"name":"(anonymous_1)","decl":{"start":{"line":12,"column":21},"end":{"line":12,"column":26}},"loc":{"start":{"line":12,"column":83},"end":{"line":43,"column":2}}},"1":{"name":"(anonymous_2)","decl":{"start":{"line":36,"column":53},"end":{"line":36,"column":54}},"loc":{"start":{"line":36,"column":64},"end":{"line":39,"column":4}}},"2":{"name":"(anonymous_3)","decl":{"start":{"line":45,"column":23},"end":{"line":45,"column":28}},"loc":{"start":{"line":45,"column":85},"end":{"line":66,"column":2}}},"3":{"name":"(anonymous_4)","decl":{"start":{"line":68,"column":20},"end":{"line":68,"column":25}},"loc":{"start":{"line":69,"column":2},"end":{"line":83,"column":28}}},"4":{"name":"(anonymous_5)","decl":{"start":{"line":85,"column":22},"end":{"line":85,"column":27}},"loc":{"start":{"line":86,"column":2},"end":{"line":88,"column":4}}},"5":{"name":"(anonymous_6)","decl":{"start":{"line":90,"column":22},"end":{"line":90,"column":27}},"loc":{"start":{"line":97,"column":24},"end":{"line":126,"column":2}}},"6":{"name":"(anonymous_7)","decl":{"start":{"line":128,"column":21},"end":{"line":128,"column":26}},"loc":{"start":{"line":135,"column":24},"end":{"line":164,"column":2}}},"7":{"name":"(anonymous_8)","decl":{"start":{"line":166,"column":23},"end":{"line":166,"column":28}},"loc":{"start":{"line":173,"column":24},"end":{"line":202,"column":2}}},"8":{"name":"(anonymous_9)","decl":{"start":{"line":204,"column":28},"end":{"line":204,"column":33}},"loc":{"start":{"line":204,"column":82},"end":{"line":220,"column":2}}},"9":{"name":"(anonymous_10)","decl":{"start":{"line":214,"column":49},"end":{"line":214,"column":50}},"loc":{"start":{"line":214,"column":60},"end":{"line":217,"column":4}}},"10":{"name":"(anonymous_11)","decl":{"start":{"line":222,"column":21},"end":{"line":222,"column":26}},"loc":{"start":{"line":222,"column":66},"end":{"line":238,"column":2}}},"11":{"name":"(anonymous_12)","decl":{"start":{"line":240,"column":18},"end":{"line":240,"column":23}},"loc":{"start":{"line":240,"column":43},"end":{"line":250,"column":2}}},"12":{"name":"(anonymous_13)","decl":{"start":{"line":252,"column":24},"end":{"line":252,"column":29}},"loc":{"start":{"line":252,"column":51},"end":{"line":261,"column":2}}}},"branchMap":{"0":{"loc":{"start":{"line":16,"column":2},"end":{"line":18,"column":3}},"type":"if","locations":[{"start":{"line":16,"column":2},"end":{"line":18,"column":3}},{"start":{},"end":{}}]},"1":{"loc":{"start":{"line":49,"column":2},"end":{"line":51,"column":3}},"type":"if","locations":[{"start":{"line":49,"column":2},"end":{"line":51,"column":3}},{"start":{},"end":{}}]},"2":{"loc":{"start":{"line":105,"column":2},"end":{"line":107,"column":3}},"type":"if","locations":[{"start":{"line":105,"column":2},"end":{"line":107,"column":3}},{"start":{},"end":{}}]},"3":{"loc":{"start":{"line":105,"column":6},"end":{"line":105,"column":48}},"type":"binary-expr","locations":[{"start":{"line":105,"column":6},"end":{"line":105,"column":17}},{"start":{"line":105,"column":21},"end":{"line":105,"column":48}}]},"4":{"loc":{"start":{"line":109,"column":2},"end":{"line":111,"column":3}},"type":"if","locations":[{"start":{"line":109,"column":2},"end":{"line":111,"column":3}},{"start":{},"end":{}}]},"5":{"loc":{"start":{"line":109,"column":6},"end":{"line":109,"column":64}},"type":"binary-expr","locations":[{"start":{"line":109,"column":6},"end":{"line":109,"column":22}},{"start":{"line":109,"column":26},"end":{"line":109,"column":64}}]},"6":{"loc":{"start":{"line":143,"column":2},"end":{"line":145,"column":3}},"type":"if","locations":[{"start":{"line":143,"column":2},"end":{"line":145,"column":3}},{"start":{},"end":{}}]},"7":{"loc":{"start":{"line":143,"column":6},"end":{"line":143,"column":47}},"type":"binary-expr","locations":[{"start":{"line":143,"column":6},"end":{"line":143,"column":17}},{"start":{"line":143,"column":21},"end":{"line":143,"column":47}}]},"8":{"loc":{"start":{"line":147,"column":2},"end":{"line":149,"column":3}},"type":"if","locations":[{"start":{"line":147,"column":2},"end":{"line":149,"column":3}},{"start":{},"end":{}}]},"9":{"loc":{"start":{"line":147,"column":6},"end":{"line":147,"column":64}},"type":"binary-expr","locations":[{"start":{"line":147,"column":6},"end":{"line":147,"column":22}},{"start":{"line":147,"column":26},"end":{"line":147,"column":64}}]},"10":{"loc":{"start":{"line":181,"column":2},"end":{"line":183,"column":3}},"type":"if","locations":[{"start":{"line":181,"column":2},"end":{"line":183,"column":3}},{"start":{},"end":{}}]},"11":{"loc":{"start":{"line":181,"column":6},"end":{"line":181,"column":49}},"type":"binary-expr","locations":[{"start":{"line":181,"column":6},"end":{"line":181,"column":17}},{"start":{"line":181,"column":21},"end":{"line":181,"column":49}}]},"12":{"loc":{"start":{"line":185,"column":2},"end":{"line":187,"column":3}},"type":"if","locations":[{"start":{"line":185,"column":2},"end":{"line":187,"column":3}},{"start":{},"end":{}}]},"13":{"loc":{"start":{"line":185,"column":6},"end":{"line":185,"column":64}},"type":"binary-expr","locations":[{"start":{"line":185,"column":6},"end":{"line":185,"column":22}},{"start":{"line":185,"column":26},"end":{"line":185,"column":64}}]},"14":{"loc":{"start":{"line":208,"column":2},"end":{"line":210,"column":3}},"type":"if","locations":[{"start":{"line":208,"column":2},"end":{"line":210,"column":3}},{"start":{},"end":{}}]},"15":{"loc":{"start":{"line":208,"column":6},"end":{"line":208,"column":47}},"type":"binary-expr","locations":[{"start":{"line":208,"column":6},"end":{"line":208,"column":17}},{"start":{"line":208,"column":21},"end":{"line":208,"column":47}}]},"16":{"loc":{"start":{"line":226,"column":2},"end":{"line":228,"column":3}},"type":"if","locations":[{"start":{"line":226,"column":2},"end":{"line":228,"column":3}},{"start":{},"end":{}}]},"17":{"loc":{"start":{"line":245,"column":2},"end":{"line":247,"column":3}},"type":"if","locations":[{"start":{"line":245,"column":2},"end":{"line":247,"column":3}},{"start":{},"end":{}}]},"18":{"loc":{"start":{"line":256,"column":2},"end":{"line":258,"column":3}},"type":"if","locations":[{"start":{"line":256,"column":2},"end":{"line":258,"column":3}},{"start":{},"end":{}}]},"19":{"loc":{"start":{"line":256,"column":6},"end":{"line":256,"column":53}},"type":"binary-expr","locations":[{"start":{"line":256,"column":6},"end":{"line":256,"column":19}},{"start":{"line":256,"column":23},"end":{"line":256,"column":53}}]}},"s":{"0":1,"1":1,"2":1,"3":1,"4":1,"5":1,"6":2,"7":2,"8":1,"9":1,"10":1,"11":1,"12":1,"13":8,"14":1,"15":1,"16":1,"17":2,"18":2,"19":1,"20":1,"21":1,"22":1,"23":1,"24":1,"25":1,"26":1,"27":4,"28":4,"29":4,"30":2,"31":2,"32":1,"33":1,"34":1,"35":1,"36":5,"37":5,"38":5,"39":2,"40":3,"41":1,"42":2,"43":2,"44":1,"45":5,"46":5,"47":5,"48":2,"49":3,"50":1,"51":2,"52":2,"53":1,"54":4,"55":4,"56":2,"57":2,"58":2,"59":10,"60":2,"61":1,"62":3,"63":3,"64":1,"65":2,"66":2,"67":1,"68":2,"69":2,"70":1,"71":1,"72":1,"73":3,"74":3,"75":1,"76":2,"77":1},"f":{"0":2,"1":8,"2":2,"3":1,"4":1,"5":4,"6":5,"7":5,"8":4,"9":10,"10":3,"11":2,"12":3},"b":{"0":[1,1],"1":[1,1],"2":[2,2],"3":[4,3],"4":[1,1],"5":[2,1],"6":[2,3],"7":[5,4],"8":[1,2],"9":[3,1],"10":[2,3],"11":[5,4],"12":[1,2],"13":[3,1],"14":[2,2],"15":[4,3],"16":[1,2],"17":[1,1],"18":[1,2],"19":[3,3]}}
}
