TN:
SF:src\env.ts
FNF:0
FNH:0
DA:1,3
DA:3,3
DA:5,3
DA:16,3
LF:4
LH:4
BRDA:7,0,0,3
BRDA:7,0,1,0
BRDA:13,1,0,3
BRDA:13,1,1,0
BRF:4
BRH:2
end_of_record
TN:
SF:src\server.ts
FN:21,(anonymous_1)
FN:28,(anonymous_2)
FN:35,(anonymous_3)
FNF:3
FNH:0
FNDA:0,(anonymous_1)
FNDA:0,(anonymous_2)
FNDA:0,(anonymous_3)
DA:2,0
DA:3,0
DA:4,0
DA:5,0
DA:6,0
DA:7,0
DA:8,0
DA:10,0
DA:11,0
DA:13,0
DA:14,0
DA:15,0
DA:21,0
DA:22,0
DA:25,0
DA:26,0
DA:27,0
DA:28,0
DA:30,0
DA:36,0
LF:20
LH:0
BRDA:11,0,0,0
BRDA:11,0,1,0
BRF:2
BRH:0
end_of_record
TN:
SF:src\swagger.ts
FNF:0
FNH:0
DA:1,0
DA:2,0
DA:4,0
DA:27,0
DA:28,0
LF:5
LH:0
BRF:0
BRH:0
end_of_record
TN:
SF:src\controllers\serviceController.ts
FN:9,(anonymous_1)
FN:13,(anonymous_2)
FN:30,(anonymous_3)
FN:48,(anonymous_4)
FN:64,(anonymous_5)
FNF:5
FNH:5
FNDA:1,(anonymous_1)
FNDA:6,(anonymous_2)
FNDA:5,(anonymous_3)
FNDA:4,(anonymous_4)
FNDA:4,(anonymous_5)
DA:2,1
DA:6,1
DA:10,1
DA:13,1
DA:14,6
DA:15,2
DA:20,4
DA:22,4
DA:23,4
DA:24,4
DA:26,0
DA:30,1
DA:31,5
DA:32,2
DA:37,3
DA:39,3
DA:40,3
DA:41,3
DA:42,2
DA:44,1
DA:48,1
DA:49,4
DA:50,2
DA:55,2
DA:56,2
DA:57,2
DA:58,1
DA:60,2
DA:64,1
DA:65,4
DA:66,4
DA:67,4
DA:69,0
LF:33
LH:31
BRDA:14,0,0,2
BRDA:14,0,1,4
BRDA:14,1,0,6
BRDA:14,1,1,6
BRDA:31,2,0,2
BRDA:31,2,1,3
BRDA:31,3,0,5
BRDA:31,3,1,5
BRDA:49,4,0,2
BRDA:49,4,1,2
BRDA:49,5,0,4
BRDA:49,5,1,4
BRF:12
BRH:12
end_of_record
TN:
SF:src\controllers\ticketController.ts
FN:10,(anonymous_1)
FN:14,(anonymous_2)
FN:38,(anonymous_3)
FN:58,(anonymous_4)
FN:75,(anonymous_5)
FN:93,(anonymous_6)
FN:120,(anonymous_7)
FNF:7
FNH:7
FNDA:1,(anonymous_1)
FNDA:5,(anonymous_2)
FNDA:3,(anonymous_3)
FNDA:3,(anonymous_4)
FNDA:3,(anonymous_5)
FNDA:8,(anonymous_6)
FNDA:8,(anonymous_7)
DA:3,1
DA:7,1
DA:11,1
DA:14,1
DA:15,5
DA:16,2
DA:24,3
DA:26,3
DA:27,3
DA:32,1
DA:34,2
DA:38,1
DA:39,3
DA:40,2
DA:48,1
DA:49,1
DA:52,1
DA:54,0
DA:58,1
DA:59,3
DA:60,2
DA:67,1
DA:68,1
DA:69,1
DA:71,0
DA:75,1
DA:76,3
DA:77,2
DA:85,1
DA:86,1
DA:87,1
DA:89,0
DA:93,1
DA:94,8
DA:98,1
DA:106,7
DA:107,7
DA:108,7
DA:109,7
DA:114,3
DA:116,4
DA:120,1
DA:121,8
DA:125,1
DA:133,7
DA:134,7
DA:135,7
DA:136,7
DA:141,5
DA:143,2
LF:50
LH:47
BRDA:15,0,0,2
BRDA:15,0,1,3
BRDA:15,1,0,5
BRDA:15,1,1,5
BRDA:39,2,0,2
BRDA:39,2,1,1
BRDA:39,3,0,3
BRDA:39,3,1,3
BRDA:59,4,0,2
BRDA:59,4,1,1
BRDA:59,5,0,3
BRDA:59,5,1,3
BRDA:76,6,0,2
BRDA:76,6,1,1
BRDA:76,7,0,3
BRDA:76,7,1,3
BRDA:94,8,0,1
BRDA:94,8,1,7
BRDA:95,9,0,8
BRDA:95,9,1,8
BRDA:95,9,2,2
BRDA:121,10,0,1
BRDA:121,10,1,7
BRDA:122,11,0,8
BRDA:122,11,1,8
BRDA:122,11,2,2
BRF:26
BRH:26
end_of_record
TN:
SF:src\controllers\userController.ts
FN:11,(anonymous_1)
FN:16,(anonymous_2)
FN:27,(anonymous_3)
FN:50,(anonymous_4)
FN:67,(anonymous_5)
FN:76,(anonymous_6)
FN:91,(anonymous_7)
FN:109,(anonymous_8)
FN:125,(anonymous_9)
FN:137,(anonymous_10)
FN:146,(anonymous_11)
FN:175,(anonymous_12)
FN:198,(anonymous_13)
FN:226,(anonymous_14)
FN:244,(anonymous_15)
FN:266,(anonymous_16)
FNF:16
FNH:16
FNDA:1,(anonymous_1)
FNDA:4,(anonymous_2)
FNDA:4,(anonymous_3)
FNDA:2,(anonymous_4)
FNDA:1,(anonymous_5)
FNDA:2,(anonymous_6)
FNDA:5,(anonymous_7)
FNDA:2,(anonymous_8)
FNDA:5,(anonymous_9)
FNDA:2,(anonymous_10)
FNDA:6,(anonymous_11)
FNDA:5,(anonymous_12)
FNDA:5,(anonymous_13)
FNDA:14,(anonymous_14)
FNDA:5,(anonymous_15)
FNDA:5,(anonymous_16)
DA:4,1
DA:5,1
DA:7,1
DA:12,1
DA:13,1
DA:16,1
DA:17,4
DA:19,4
DA:20,4
DA:21,1
DA:23,3
DA:27,1
DA:28,4
DA:29,2
DA:34,2
DA:36,2
DA:37,2
DA:44,1
DA:46,1
DA:50,1
DA:51,2
DA:52,2
DA:53,2
DA:60,1
DA:61,1
DA:63,1
DA:67,1
DA:68,1
DA:69,1
DA:70,1
DA:72,0
DA:76,1
DA:77,2
DA:78,1
DA:83,1
DA:84,1
DA:85,1
DA:87,0
DA:91,1
DA:92,5
DA:93,1
DA:97,4
DA:98,4
DA:99,3
DA:100,3
DA:101,2
DA:103,1
DA:105,1
DA:109,1
DA:110,2
DA:111,2
DA:113,1
DA:114,0
DA:117,1
DA:119,1
DA:121,1
DA:125,1
DA:126,5
DA:127,5
DA:128,1
DA:130,4
DA:131,3
DA:133,1
DA:137,1
DA:138,2
DA:139,2
DA:140,2
DA:142,0
DA:146,1
DA:147,6
DA:148,6
DA:149,1
DA:153,5
DA:154,0
DA:158,5
DA:159,5
DA:160,5
DA:161,5
DA:168,2
DA:169,2
DA:171,3
DA:175,1
DA:176,5
DA:177,5
DA:178,1
DA:182,4
DA:183,4
DA:184,4
DA:185,4
DA:192,1
DA:194,3
DA:198,1
DA:199,5
DA:200,5
DA:201,0
DA:205,5
DA:206,0
DA:210,5
DA:211,5
DA:212,5
DA:213,5
DA:220,2
DA:222,3
DA:226,1
DA:227,14
DA:228,14
DA:229,6
DA:234,8
DA:235,8
DA:236,8
DA:237,8
DA:238,6
DA:240,2
DA:244,1
DA:245,5
DA:246,5
DA:247,1
DA:251,4
DA:252,0
DA:256,4
DA:257,4
DA:258,4
DA:259,4
DA:260,2
DA:262,2
DA:266,1
DA:267,5
DA:268,5
DA:269,1
DA:273,4
DA:274,1
DA:278,3
DA:279,3
DA:280,2
DA:282,1
LF:135
LH:127
BRDA:28,0,0,2
BRDA:28,0,1,2
BRDA:28,1,0,4
BRDA:28,1,1,4
BRDA:77,2,0,1
BRDA:77,2,1,1
BRDA:77,3,0,2
BRDA:77,3,1,2
BRDA:92,4,0,1
BRDA:92,4,1,4
BRDA:92,5,0,5
BRDA:92,5,1,5
BRDA:92,5,2,3
BRDA:98,6,0,3
BRDA:98,6,1,1
BRDA:113,7,0,0
BRDA:113,7,1,1
BRDA:127,8,0,1
BRDA:127,8,1,4
BRDA:147,9,0,6
BRDA:147,9,1,6
BRDA:147,9,2,5
BRDA:148,10,0,1
BRDA:148,10,1,5
BRDA:153,11,0,0
BRDA:153,11,1,5
BRDA:153,12,0,5
BRDA:153,12,1,5
BRDA:153,12,2,4
BRDA:176,13,0,5
BRDA:176,13,1,5
BRDA:177,14,0,1
BRDA:177,14,1,4
BRDA:199,15,0,5
BRDA:199,15,1,5
BRDA:199,15,2,3
BRDA:200,16,0,0
BRDA:200,16,1,5
BRDA:205,17,0,0
BRDA:205,17,1,5
BRDA:205,18,0,5
BRDA:205,18,1,5
BRDA:205,18,2,2
BRDA:227,19,0,14
BRDA:227,19,1,14
BRDA:227,19,2,10
BRDA:228,20,0,6
BRDA:228,20,1,8
BRDA:245,21,0,5
BRDA:245,21,1,5
BRDA:245,21,2,4
BRDA:246,22,0,1
BRDA:246,22,1,4
BRDA:251,23,0,0
BRDA:251,23,1,4
BRDA:251,24,0,4
BRDA:251,24,1,4
BRDA:251,24,2,3
BRDA:267,25,0,5
BRDA:267,25,1,5
BRDA:267,25,2,3
BRDA:268,26,0,1
BRDA:268,26,1,4
BRDA:273,27,0,1
BRDA:273,27,1,3
BRDA:273,28,0,4
BRDA:273,28,1,4
BRDA:273,28,2,2
BRF:68
BRH:63
end_of_record
TN:
SF:src\db\connection.ts
FNF:0
FNH:0
DA:1,3
DA:2,3
DA:3,3
DA:4,3
DA:6,3
DA:7,3
LF:6
LH:6
BRF:0
BRH:0
end_of_record
TN:
SF:src\db\schema\index.ts
FNF:0
FNH:0
DA:1,3
DA:2,3
DA:3,3
DA:4,3
DA:5,3
DA:7,3
LF:6
LH:6
BRF:0
BRH:0
end_of_record
TN:
SF:src\db\schema\services.ts
FNF:0
FNH:0
DA:1,3
DA:3,3
LF:2
LH:2
BRF:0
BRH:0
end_of_record
TN:
SF:src\db\schema\techAvailabilities.ts
FN:8,(anonymous_0)
FN:15,(anonymous_1)
FNF:2
FNH:0
FNDA:0,(anonymous_0)
FNDA:0,(anonymous_1)
DA:1,3
DA:2,3
DA:3,3
DA:5,3
DA:8,0
DA:13,3
DA:15,0
LF:7
LH:5
BRF:0
BRH:0
end_of_record
TN:
SF:src\db\schema\tickets.ts
FN:9,(anonymous_0)
FN:12,(anonymous_1)
FNF:2
FNH:0
FNDA:0,(anonymous_0)
FNDA:0,(anonymous_1)
DA:1,3
DA:2,3
DA:4,3
DA:6,3
DA:9,0
DA:12,0
LF:6
LH:4
BRF:0
BRH:0
end_of_record
TN:
SF:src\db\schema\ticketsServices.ts
FN:9,(anonymous_0)
FN:12,(anonymous_1)
FN:15,(anonymous_2)
FNF:3
FNH:1
FNDA:0,(anonymous_0)
FNDA:0,(anonymous_1)
FNDA:3,(anonymous_2)
DA:1,3
DA:2,3
DA:3,3
DA:5,3
DA:9,0
DA:12,0
DA:15,3
LF:7
LH:5
BRF:0
BRH:0
end_of_record
TN:
SF:src\db\schema\users.ts
FN:20,(anonymous_0)
FNF:1
FNH:0
FNDA:0,(anonymous_0)
DA:1,3
DA:2,3
DA:3,3
DA:5,3
DA:7,3
DA:20,3
LF:6
LH:6
BRF:0
BRH:0
end_of_record
TN:
SF:src\middlewares\authMiddleware.ts
FN:6,authMiddleware
FNF:1
FNH:1
FNDA:158,authMiddleware
DA:1,4
DA:3,4
DA:6,4
DA:7,158
DA:8,158
DA:10,158
DA:11,25
DA:14,133
DA:16,133
DA:17,3
DA:19,130
DA:20,130
DA:21,122
DA:22,122
DA:24,8
LF:15
LH:15
BRDA:10,0,0,25
BRDA:10,0,1,133
BRDA:16,1,0,3
BRDA:16,1,1,130
BRF:4
BRH:4
end_of_record
TN:
SF:src\middlewares\validateDataMiddleware.ts
FN:5,validateZodSchema
FN:14,(anonymous_1)
FN:21,(anonymous_2)
FN:33,(anonymous_3)
FN:44,(anonymous_4)
FNF:5
FNH:5
FNDA:54,validateZodSchema
FNDA:169,(anonymous_1)
FNDA:46,(anonymous_2)
FNDA:12,(anonymous_3)
FNDA:2,(anonymous_4)
DA:5,4
DA:14,54
DA:15,169
DA:16,137
DA:18,137
DA:19,32
DA:21,46
DA:25,105
DA:28,137
DA:29,103
DA:30,103
DA:31,12
DA:33,12
DA:36,91
DA:39,125
DA:40,6
DA:41,6
DA:42,2
DA:44,2
DA:47,4
DA:49,123
LF:21
LH:21
BRDA:15,0,0,137
BRDA:15,0,1,32
BRDA:18,1,0,32
BRDA:18,1,1,105
BRDA:28,2,0,103
BRDA:28,2,1,34
BRDA:30,3,0,12
BRDA:30,3,1,91
BRDA:39,4,0,6
BRDA:39,4,1,119
BRDA:41,5,0,2
BRDA:41,5,1,4
BRF:12
BRH:12
end_of_record
TN:
SF:src\routes\serviceRoutes.ts
FNF:0
FNH:0
DA:1,1
DA:2,1
DA:3,1
DA:4,1
DA:5,1
DA:7,1
DA:8,1
DA:10,1
DA:21,1
DA:22,1
DA:36,1
DA:48,1
LF:12
LH:12
BRF:0
BRH:0
end_of_record
TN:
SF:src\routes\ticketRoutes.ts
FNF:0
FNH:0
DA:1,1
DA:2,1
DA:3,1
DA:4,1
DA:5,1
DA:7,1
DA:8,1
DA:10,1
DA:21,1
DA:26,1
DA:27,1
DA:28,1
DA:41,1
DA:55,1
LF:14
LH:14
BRF:0
BRH:0
end_of_record
TN:
SF:src\routes\userRoutes.ts
FNF:0
FNH:0
DA:1,1
DA:2,1
DA:3,1
DA:4,1
DA:5,1
DA:6,1
DA:8,1
DA:9,1
DA:10,1
DA:13,1
DA:16,1
DA:30,1
DA:31,1
DA:47,1
DA:67,1
DA:85,1
DA:98,1
DA:99,1
DA:115,1
DA:116,1
DA:129,1
DA:143,1
DA:155,1
DA:165,1
DA:177,1
LF:25
LH:25
BRF:0
BRH:0
end_of_record
TN:
SF:src\services\authService.ts
FN:10,(anonymous_1)
FNF:1
FNH:1
FNDA:4,(anonymous_1)
DA:1,1
DA:2,1
DA:3,1
DA:4,1
DA:5,1
DA:6,1
DA:8,1
DA:10,1
DA:11,4
DA:14,3
DA:15,1
DA:18,2
DA:19,2
DA:20,1
DA:24,1
LF:15
LH:15
BRDA:14,0,0,1
BRDA:14,0,1,2
BRDA:19,1,0,1
BRDA:19,1,1,1
BRF:4
BRH:4
end_of_record
TN:
SF:src\services\serviceService.ts
FN:8,(anonymous_0)
FN:17,(anonymous_1)
FN:35,(anonymous_2)
FN:52,(anonymous_3)
FNF:4
FNH:4
FNDA:4,(anonymous_0)
FNDA:3,(anonymous_1)
FNDA:2,(anonymous_2)
FNDA:4,(anonymous_3)
DA:2,1
DA:3,1
DA:4,1
DA:6,1
DA:8,1
DA:9,4
DA:17,1
DA:18,3
DA:21,3
DA:22,1
DA:25,2
DA:35,1
DA:36,2
DA:39,2
DA:40,1
DA:43,1
DA:52,1
DA:53,4
LF:18
LH:18
BRDA:21,0,0,1
BRDA:21,0,1,2
BRDA:39,1,0,1
BRDA:39,1,1,1
BRF:4
BRH:4
end_of_record
TN:
SF:src\services\ticketService.ts
FN:10,(anonymous_0)
FN:36,(anonymous_1)
FN:46,(anonymous_2)
FN:62,(anonymous_3)
FN:66,(anonymous_4)
FN:99,(anonymous_5)
FN:132,(anonymous_6)
FN:168,(anonymous_7)
FN:192,(anonymous_8)
FN:195,(anonymous_9)
FN:207,(anonymous_10)
FNF:11
FNH:11
FNDA:3,(anonymous_0)
FNDA:1,(anonymous_1)
FNDA:1,(anonymous_2)
FNDA:1,(anonymous_3)
FNDA:1,(anonymous_4)
FNDA:1,(anonymous_5)
FNDA:1,(anonymous_6)
FNDA:7,(anonymous_7)
FNDA:3,(anonymous_8)
FNDA:4,(anonymous_9)
FNDA:7,(anonymous_10)
DA:2,1
DA:3,1
DA:4,1
DA:7,1
DA:9,1
DA:10,1
DA:11,3
DA:21,3
DA:23,2
DA:32,2
DA:33,1
DA:36,1
DA:37,1
DA:45,1
DA:46,1
DA:52,1
DA:55,1
DA:62,1
DA:66,1
DA:67,1
DA:99,1
DA:100,1
DA:132,1
DA:133,1
DA:134,1
DA:135,1
DA:168,1
DA:169,7
DA:172,7
DA:173,1
DA:175,6
DA:176,1
DA:179,5
DA:188,5
DA:189,2
DA:192,3
DA:193,3
DA:195,4
DA:198,3
DA:207,1
DA:208,7
DA:212,7
DA:213,6
DA:214,1
DA:217,5
LF:45
LH:45
BRDA:21,0,0,1
BRDA:21,0,1,2
BRDA:32,1,0,1
BRDA:32,1,1,1
BRDA:172,2,0,1
BRDA:172,2,1,6
BRDA:175,3,0,1
BRDA:175,3,1,5
BRDA:175,4,0,6
BRDA:175,4,1,2
BRDA:188,5,0,2
BRDA:188,5,1,3
BRDA:212,6,0,1
BRDA:212,6,1,6
BRDA:213,7,0,1
BRDA:213,7,1,5
BRDA:213,8,0,6
BRDA:213,8,1,2
BRF:18
BRH:18
end_of_record
TN:
SF:src\services\userService.ts
FN:12,(anonymous_1)
FN:36,(anonymous_2)
FN:45,(anonymous_3)
FN:68,(anonymous_4)
FN:85,(anonymous_5)
FN:100,(anonymous_6)
FN:128,(anonymous_7)
FN:156,(anonymous_8)
FN:184,(anonymous_9)
FN:194,(anonymous_10)
FN:202,(anonymous_11)
FN:220,(anonymous_12)
FN:245,(anonymous_13)
FN:257,(anonymous_14)
FN:277,(anonymous_15)
FN:286,(anonymous_16)
FNF:16
FNH:15
FNDA:2,(anonymous_1)
FNDA:8,(anonymous_2)
FNDA:2,(anonymous_3)
FNDA:1,(anonymous_4)
FNDA:1,(anonymous_5)
FNDA:4,(anonymous_6)
FNDA:5,(anonymous_7)
FNDA:5,(anonymous_8)
FNDA:4,(anonymous_9)
FNDA:10,(anonymous_10)
FNDA:3,(anonymous_11)
FNDA:8,(anonymous_12)
FNDA:2,(anonymous_13)
FNDA:6,(anonymous_14)
FNDA:0,(anonymous_15)
FNDA:3,(anonymous_16)
DA:2,1
DA:3,1
DA:4,1
DA:5,1
DA:6,1
DA:10,1
DA:12,1
DA:13,2
DA:16,2
DA:17,1
DA:20,1
DA:22,1
DA:24,1
DA:36,8
DA:41,1
DA:42,1
DA:45,1
DA:46,2
DA:49,2
DA:50,1
DA:53,1
DA:55,1
DA:68,1
DA:69,1
DA:85,1
DA:86,1
DA:100,1
DA:101,4
DA:105,4
DA:108,4
DA:109,2
DA:112,2
DA:113,1
DA:116,1
DA:128,1
DA:129,5
DA:133,5
DA:136,5
DA:137,2
DA:140,3
DA:141,1
DA:144,2
DA:156,1
DA:157,5
DA:161,5
DA:164,5
DA:165,2
DA:168,3
DA:169,1
DA:172,2
DA:184,1
DA:185,4
DA:188,4
DA:189,2
DA:192,2
DA:194,10
DA:199,2
DA:202,1
DA:203,3
DA:206,3
DA:207,1
DA:210,2
DA:217,2
DA:220,1
DA:221,8
DA:224,8
DA:225,1
DA:228,7
DA:229,7
DA:230,1
DA:233,6
DA:235,6
DA:242,6
DA:245,1
DA:246,2
DA:250,2
DA:251,1
DA:254,1
DA:257,1
DA:258,6
DA:259,6
DA:263,5
DA:273,5
DA:274,3
DA:277,3
DA:280,2
DA:282,1
DA:286,1
DA:287,3
DA:290,3
DA:291,1
DA:294,2
LF:92
LH:92
BRDA:16,0,0,1
BRDA:16,0,1,1
BRDA:49,1,0,1
BRDA:49,1,1,1
BRDA:108,2,0,2
BRDA:108,2,1,2
BRDA:108,3,0,4
BRDA:108,3,1,3
BRDA:112,4,0,1
BRDA:112,4,1,1
BRDA:112,5,0,2
BRDA:112,5,1,1
BRDA:136,6,0,2
BRDA:136,6,1,3
BRDA:136,7,0,5
BRDA:136,7,1,4
BRDA:140,8,0,1
BRDA:140,8,1,2
BRDA:140,9,0,3
BRDA:140,9,1,1
BRDA:164,10,0,2
BRDA:164,10,1,3
BRDA:164,11,0,5
BRDA:164,11,1,4
BRDA:168,12,0,1
BRDA:168,12,1,2
BRDA:168,13,0,3
BRDA:168,13,1,1
BRDA:188,14,0,2
BRDA:188,14,1,2
BRDA:188,15,0,4
BRDA:188,15,1,3
BRDA:206,16,0,1
BRDA:206,16,1,2
BRDA:224,17,0,1
BRDA:224,17,1,7
BRDA:229,18,0,1
BRDA:229,18,1,6
BRDA:250,19,0,1
BRDA:250,19,1,1
BRDA:270,20,0,5
BRDA:270,20,1,5
BRDA:273,21,0,3
BRDA:273,21,1,2
BRDA:290,22,0,1
BRDA:290,22,1,2
BRDA:290,23,0,3
BRDA:290,23,1,3
BRF:48
BRH:48
end_of_record
