TN:
SF:src\env.ts
FNF:0
FNH:0
DA:1,3
DA:3,3
DA:5,3
DA:16,3
LF:4
LH:4
BRDA:7,0,0,3
BRDA:7,0,1,0
BRDA:13,1,0,3
BRDA:13,1,1,0
BRF:4
BRH:2
end_of_record
TN:
SF:src\server.ts
FN:21,(anonymous_1)
FN:28,(anonymous_2)
FN:35,(anonymous_3)
FNF:3
FNH:0
FNDA:0,(anonymous_1)
FNDA:0,(anonymous_2)
FNDA:0,(anonymous_3)
DA:2,0
DA:3,0
DA:4,0
DA:5,0
DA:6,0
DA:7,0
DA:8,0
DA:10,0
DA:11,0
DA:13,0
DA:14,0
DA:15,0
DA:21,0
DA:22,0
DA:25,0
DA:26,0
DA:27,0
DA:28,0
DA:30,0
DA:36,0
LF:20
LH:0
BRDA:11,0,0,0
BRDA:11,0,1,0
BRF:2
BRH:0
end_of_record
TN:
SF:src\swagger.ts
FNF:0
FNH:0
DA:1,0
DA:2,0
DA:4,0
DA:27,0
DA:28,0
LF:5
LH:0
BRF:0
BRH:0
end_of_record
TN:
SF:src\controllers\serviceController.ts
FN:9,(anonymous_1)
FN:13,(anonymous_2)
FN:30,(anonymous_3)
FN:48,(anonymous_4)
FN:64,(anonymous_5)
FNF:5
FNH:5
FNDA:1,(anonymous_1)
FNDA:6,(anonymous_2)
FNDA:5,(anonymous_3)
FNDA:4,(anonymous_4)
FNDA:4,(anonymous_5)
DA:2,1
DA:6,1
DA:10,1
DA:13,1
DA:14,6
DA:15,2
DA:20,4
DA:22,4
DA:23,4
DA:24,4
DA:26,0
DA:30,1
DA:31,5
DA:32,2
DA:37,3
DA:39,3
DA:40,3
DA:41,3
DA:42,2
DA:44,1
DA:48,1
DA:49,4
DA:50,2
DA:55,2
DA:56,2
DA:57,2
DA:58,1
DA:60,2
DA:64,1
DA:65,4
DA:66,4
DA:67,4
DA:69,0
LF:33
LH:31
BRDA:14,0,0,2
BRDA:14,0,1,4
BRDA:14,1,0,6
BRDA:14,1,1,6
BRDA:31,2,0,2
BRDA:31,2,1,3
BRDA:31,3,0,5
BRDA:31,3,1,5
BRDA:49,4,0,2
BRDA:49,4,1,2
BRDA:49,5,0,4
BRDA:49,5,1,4
BRF:12
BRH:12
end_of_record
TN:
SF:src\controllers\ticketController.ts
FN:10,(anonymous_1)
FN:14,(anonymous_2)
FN:38,(anonymous_3)
FN:58,(anonymous_4)
FN:75,(anonymous_5)
FN:93,(anonymous_6)
FN:120,(anonymous_7)
FNF:7
FNH:7
FNDA:1,(anonymous_1)
FNDA:5,(anonymous_2)
FNDA:3,(anonymous_3)
FNDA:3,(anonymous_4)
FNDA:3,(anonymous_5)
FNDA:8,(anonymous_6)
FNDA:8,(anonymous_7)
DA:3,1
DA:7,1
DA:11,1
DA:14,1
DA:15,5
DA:16,2
DA:24,3
DA:26,3
DA:27,3
DA:32,1
DA:34,2
DA:38,1
DA:39,3
DA:40,2
DA:48,1
DA:49,1
DA:52,1
DA:54,0
DA:58,1
DA:59,3
DA:60,2
DA:67,1
DA:68,1
DA:69,1
DA:71,0
DA:75,1
DA:76,3
DA:77,2
DA:85,1
DA:86,1
DA:87,1
DA:89,0
DA:93,1
DA:94,8
DA:98,1
DA:106,7
DA:107,7
DA:108,7
DA:109,7
DA:114,3
DA:116,4
DA:120,1
DA:121,8
DA:125,1
DA:133,7
DA:134,7
DA:135,7
DA:136,7
DA:141,5
DA:143,2
LF:50
LH:47
BRDA:15,0,0,2
BRDA:15,0,1,3
BRDA:15,1,0,5
BRDA:15,1,1,5
BRDA:39,2,0,2
BRDA:39,2,1,1
BRDA:39,3,0,3
BRDA:39,3,1,3
BRDA:59,4,0,2
BRDA:59,4,1,1
BRDA:59,5,0,3
BRDA:59,5,1,3
BRDA:76,6,0,2
BRDA:76,6,1,1
BRDA:76,7,0,3
BRDA:76,7,1,3
BRDA:94,8,0,1
BRDA:94,8,1,7
BRDA:95,9,0,8
BRDA:95,9,1,8
BRDA:95,9,2,2
BRDA:121,10,0,1
BRDA:121,10,1,7
BRDA:122,11,0,8
BRDA:122,11,1,8
BRDA:122,11,2,2
BRF:26
BRH:26
end_of_record
TN:
SF:src\controllers\userController.ts
FN:11,(anonymous_1)
FN:16,(anonymous_2)
FN:27,(anonymous_3)
FN:50,(anonymous_4)
FN:67,(anonymous_5)
FN:76,(anonymous_6)
FN:91,(anonymous_7)
FN:109,(anonymous_8)
FN:125,(anonymous_9)
FN:137,(anonymous_10)
FN:166,(anonymous_11)
FN:189,(anonymous_12)
FN:217,(anonymous_13)
FN:235,(anonymous_14)
FN:257,(anonymous_15)
FNF:15
FNH:15
FNDA:1,(anonymous_1)
FNDA:4,(anonymous_2)
FNDA:4,(anonymous_3)
FNDA:2,(anonymous_4)
FNDA:1,(anonymous_5)
FNDA:2,(anonymous_6)
FNDA:5,(anonymous_7)
FNDA:2,(anonymous_8)
FNDA:4,(anonymous_9)
FNDA:6,(anonymous_10)
FNDA:5,(anonymous_11)
FNDA:5,(anonymous_12)
FNDA:14,(anonymous_13)
FNDA:5,(anonymous_14)
FNDA:5,(anonymous_15)
DA:4,1
DA:5,1
DA:7,1
DA:12,1
DA:13,1
DA:16,1
DA:17,4
DA:19,4
DA:20,4
DA:21,1
DA:23,3
DA:27,1
DA:28,4
DA:29,2
DA:34,2
DA:36,2
DA:37,2
DA:44,1
DA:46,1
DA:50,1
DA:51,2
DA:52,2
DA:53,2
DA:60,1
DA:61,1
DA:63,1
DA:67,1
DA:68,1
DA:69,1
DA:70,1
DA:72,0
DA:76,1
DA:77,2
DA:78,1
DA:83,1
DA:84,1
DA:85,1
DA:87,0
DA:91,1
DA:92,5
DA:93,1
DA:97,4
DA:98,4
DA:99,3
DA:100,3
DA:101,2
DA:103,1
DA:105,1
DA:109,1
DA:110,2
DA:111,2
DA:113,1
DA:114,0
DA:117,1
DA:119,1
DA:121,1
DA:125,1
DA:126,4
DA:127,4
DA:128,1
DA:130,3
DA:131,2
DA:133,1
DA:137,1
DA:138,6
DA:139,6
DA:140,1
DA:144,5
DA:145,0
DA:149,5
DA:150,5
DA:151,5
DA:152,5
DA:159,2
DA:160,2
DA:162,3
DA:166,1
DA:167,5
DA:168,5
DA:169,1
DA:173,4
DA:174,4
DA:175,4
DA:176,4
DA:183,1
DA:185,3
DA:189,1
DA:190,5
DA:191,5
DA:192,0
DA:196,5
DA:197,0
DA:201,5
DA:202,5
DA:203,5
DA:204,5
DA:211,2
DA:213,3
DA:217,1
DA:218,14
DA:219,14
DA:220,6
DA:225,8
DA:226,8
DA:227,8
DA:228,8
DA:229,6
DA:231,2
DA:235,1
DA:236,5
DA:237,5
DA:238,1
DA:242,4
DA:243,0
DA:247,4
DA:248,4
DA:249,4
DA:250,4
DA:251,2
DA:253,2
DA:257,1
DA:258,5
DA:259,5
DA:260,1
DA:264,4
DA:265,1
DA:269,3
DA:270,3
DA:271,2
DA:273,1
LF:130
LH:123
BRDA:28,0,0,2
BRDA:28,0,1,2
BRDA:28,1,0,4
BRDA:28,1,1,4
BRDA:77,2,0,1
BRDA:77,2,1,1
BRDA:77,3,0,2
BRDA:77,3,1,2
BRDA:92,4,0,1
BRDA:92,4,1,4
BRDA:92,5,0,5
BRDA:92,5,1,5
BRDA:92,5,2,3
BRDA:98,6,0,3
BRDA:98,6,1,1
BRDA:113,7,0,0
BRDA:113,7,1,1
BRDA:127,8,0,1
BRDA:127,8,1,3
BRDA:138,9,0,6
BRDA:138,9,1,6
BRDA:138,9,2,5
BRDA:139,10,0,1
BRDA:139,10,1,5
BRDA:144,11,0,0
BRDA:144,11,1,5
BRDA:144,12,0,5
BRDA:144,12,1,5
BRDA:144,12,2,4
BRDA:167,13,0,5
BRDA:167,13,1,5
BRDA:168,14,0,1
BRDA:168,14,1,4
BRDA:190,15,0,5
BRDA:190,15,1,5
BRDA:190,15,2,3
BRDA:191,16,0,0
BRDA:191,16,1,5
BRDA:196,17,0,0
BRDA:196,17,1,5
BRDA:196,18,0,5
BRDA:196,18,1,5
BRDA:196,18,2,2
BRDA:218,19,0,14
BRDA:218,19,1,14
BRDA:218,19,2,10
BRDA:219,20,0,6
BRDA:219,20,1,8
BRDA:236,21,0,5
BRDA:236,21,1,5
BRDA:236,21,2,4
BRDA:237,22,0,1
BRDA:237,22,1,4
BRDA:242,23,0,0
BRDA:242,23,1,4
BRDA:242,24,0,4
BRDA:242,24,1,4
BRDA:242,24,2,3
BRDA:258,25,0,5
BRDA:258,25,1,5
BRDA:258,25,2,3
BRDA:259,26,0,1
BRDA:259,26,1,4
BRDA:264,27,0,1
BRDA:264,27,1,3
BRDA:264,28,0,4
BRDA:264,28,1,4
BRDA:264,28,2,2
BRF:68
BRH:63
end_of_record
TN:
SF:src\db\connection.ts
FNF:0
FNH:0
DA:1,3
DA:2,3
DA:3,3
DA:4,3
DA:6,3
DA:7,3
LF:6
LH:6
BRF:0
BRH:0
end_of_record
TN:
SF:src\db\schema\index.ts
FNF:0
FNH:0
DA:1,3
DA:2,3
DA:3,3
DA:4,3
DA:5,3
DA:7,3
LF:6
LH:6
BRF:0
BRH:0
end_of_record
TN:
SF:src\db\schema\services.ts
FNF:0
FNH:0
DA:1,3
DA:3,3
LF:2
LH:2
BRF:0
BRH:0
end_of_record
TN:
SF:src\db\schema\techAvailabilities.ts
FN:8,(anonymous_0)
FN:15,(anonymous_1)
FNF:2
FNH:0
FNDA:0,(anonymous_0)
FNDA:0,(anonymous_1)
DA:1,3
DA:2,3
DA:3,3
DA:5,3
DA:8,0
DA:13,3
DA:15,0
LF:7
LH:5
BRF:0
BRH:0
end_of_record
TN:
SF:src\db\schema\tickets.ts
FN:9,(anonymous_0)
FN:12,(anonymous_1)
FNF:2
FNH:0
FNDA:0,(anonymous_0)
FNDA:0,(anonymous_1)
DA:1,3
DA:2,3
DA:4,3
DA:6,3
DA:9,0
DA:12,0
LF:6
LH:4
BRF:0
BRH:0
end_of_record
TN:
SF:src\db\schema\ticketsServices.ts
FN:9,(anonymous_0)
FN:12,(anonymous_1)
FN:15,(anonymous_2)
FNF:3
FNH:1
FNDA:0,(anonymous_0)
FNDA:0,(anonymous_1)
FNDA:3,(anonymous_2)
DA:1,3
DA:2,3
DA:3,3
DA:5,3
DA:9,0
DA:12,0
DA:15,3
LF:7
LH:5
BRF:0
BRH:0
end_of_record
TN:
SF:src\db\schema\users.ts
FN:20,(anonymous_0)
FNF:1
FNH:0
FNDA:0,(anonymous_0)
DA:1,3
DA:2,3
DA:3,3
DA:5,3
DA:7,3
DA:20,3
LF:6
LH:6
BRF:0
BRH:0
end_of_record
TN:
SF:src\middlewares\authMiddleware.ts
FN:6,authMiddleware
FNF:1
FNH:1
FNDA:154,authMiddleware
DA:1,4
DA:3,4
DA:6,4
DA:7,154
DA:8,154
DA:10,154
DA:11,24
DA:14,130
DA:16,130
DA:17,3
DA:19,127
DA:20,127
DA:21,119
DA:22,119
DA:24,8
LF:15
LH:15
BRDA:10,0,0,24
BRDA:10,0,1,130
BRDA:16,1,0,3
BRDA:16,1,1,127
BRF:4
BRH:4
end_of_record
TN:
SF:src\middlewares\validateDataMiddleware.ts
FN:5,validateZodSchema
FN:14,(anonymous_1)
FN:21,(anonymous_2)
FN:33,(anonymous_3)
FN:44,(anonymous_4)
FNF:5
FNH:5
FNDA:53,validateZodSchema
FNDA:164,(anonymous_1)
FNDA:46,(anonymous_2)
FNDA:10,(anonymous_3)
FNDA:2,(anonymous_4)
DA:5,4
DA:14,53
DA:15,164
DA:16,137
DA:18,137
DA:19,32
DA:21,46
DA:25,105
DA:28,132
DA:29,98
DA:30,98
DA:31,10
DA:33,10
DA:36,88
DA:39,122
DA:40,6
DA:41,6
DA:42,2
DA:44,2
DA:47,4
DA:49,120
LF:21
LH:21
BRDA:15,0,0,137
BRDA:15,0,1,27
BRDA:18,1,0,32
BRDA:18,1,1,105
BRDA:28,2,0,98
BRDA:28,2,1,34
BRDA:30,3,0,10
BRDA:30,3,1,88
BRDA:39,4,0,6
BRDA:39,4,1,116
BRDA:41,5,0,2
BRDA:41,5,1,4
BRF:12
BRH:12
end_of_record
TN:
SF:src\routes\serviceRoutes.ts
FNF:0
FNH:0
DA:1,1
DA:2,1
DA:3,1
DA:4,1
DA:5,1
DA:7,1
DA:8,1
DA:10,1
DA:21,1
DA:22,1
DA:36,1
DA:48,1
LF:12
LH:12
BRF:0
BRH:0
end_of_record
TN:
SF:src\routes\ticketRoutes.ts
FNF:0
FNH:0
DA:1,1
DA:2,1
DA:3,1
DA:4,1
DA:5,1
DA:7,1
DA:8,1
DA:10,1
DA:21,1
DA:26,1
DA:27,1
DA:28,1
DA:41,1
DA:55,1
LF:14
LH:14
BRF:0
BRH:0
end_of_record
TN:
SF:src\routes\userRoutes.ts
FNF:0
FNH:0
DA:1,1
DA:2,1
DA:3,1
DA:4,1
DA:5,1
DA:6,1
DA:8,1
DA:9,1
DA:10,1
DA:13,1
DA:16,1
DA:30,1
DA:31,1
DA:47,1
DA:67,1
DA:85,1
DA:98,1
DA:99,1
DA:115,1
DA:116,1
DA:129,1
DA:143,1
DA:155,1
DA:166,1
LF:24
LH:24
BRF:0
BRH:0
end_of_record
TN:
SF:src\services\authService.ts
FN:10,(anonymous_1)
FNF:1
FNH:1
FNDA:4,(anonymous_1)
DA:1,1
DA:2,1
DA:3,1
DA:4,1
DA:5,1
DA:6,1
DA:8,1
DA:10,1
DA:11,4
DA:14,3
DA:15,1
DA:18,2
DA:19,2
DA:20,1
DA:24,1
LF:15
LH:15
BRDA:14,0,0,1
BRDA:14,0,1,2
BRDA:19,1,0,1
BRDA:19,1,1,1
BRF:4
BRH:4
end_of_record
TN:
SF:src\services\serviceService.ts
FN:8,(anonymous_0)
FN:17,(anonymous_1)
FN:35,(anonymous_2)
FN:52,(anonymous_3)
FNF:4
FNH:4
FNDA:4,(anonymous_0)
FNDA:3,(anonymous_1)
FNDA:2,(anonymous_2)
FNDA:4,(anonymous_3)
DA:2,1
DA:3,1
DA:4,1
DA:6,1
DA:8,1
DA:9,4
DA:17,1
DA:18,3
DA:21,3
DA:22,1
DA:25,2
DA:35,1
DA:36,2
DA:39,2
DA:40,1
DA:43,1
DA:52,1
DA:53,4
LF:18
LH:18
BRDA:21,0,0,1
BRDA:21,0,1,2
BRDA:39,1,0,1
BRDA:39,1,1,1
BRF:4
BRH:4
end_of_record
TN:
SF:src\services\ticketService.ts
FN:9,(anonymous_0)
FN:35,(anonymous_1)
FN:45,(anonymous_2)
FN:61,(anonymous_3)
FN:65,(anonymous_4)
FN:97,(anonymous_5)
FN:120,(anonymous_6)
FN:142,(anonymous_7)
FN:166,(anonymous_8)
FN:169,(anonymous_9)
FN:181,(anonymous_10)
FNF:11
FNH:11
FNDA:3,(anonymous_0)
FNDA:1,(anonymous_1)
FNDA:1,(anonymous_2)
FNDA:1,(anonymous_3)
FNDA:1,(anonymous_4)
FNDA:1,(anonymous_5)
FNDA:1,(anonymous_6)
FNDA:7,(anonymous_7)
FNDA:3,(anonymous_8)
FNDA:4,(anonymous_9)
FNDA:7,(anonymous_10)
DA:2,1
DA:3,1
DA:4,1
DA:8,1
DA:9,1
DA:10,3
DA:20,3
DA:22,2
DA:31,2
DA:32,1
DA:35,1
DA:36,1
DA:44,1
DA:45,1
DA:51,1
DA:54,1
DA:61,1
DA:65,1
DA:66,1
DA:97,1
DA:98,1
DA:120,1
DA:121,1
DA:142,1
DA:143,7
DA:146,7
DA:147,1
DA:149,6
DA:150,1
DA:153,5
DA:162,5
DA:163,2
DA:166,3
DA:167,3
DA:169,4
DA:172,3
DA:181,1
DA:182,7
DA:186,7
DA:187,6
DA:188,1
DA:191,5
LF:42
LH:42
BRDA:20,0,0,1
BRDA:20,0,1,2
BRDA:31,1,0,1
BRDA:31,1,1,1
BRDA:146,2,0,1
BRDA:146,2,1,6
BRDA:149,3,0,1
BRDA:149,3,1,5
BRDA:149,4,0,6
BRDA:149,4,1,2
BRDA:162,5,0,2
BRDA:162,5,1,3
BRDA:186,6,0,1
BRDA:186,6,1,6
BRDA:187,7,0,1
BRDA:187,7,1,5
BRDA:187,8,0,6
BRDA:187,8,1,2
BRF:18
BRH:18
end_of_record
TN:
SF:src\services\userService.ts
FN:12,(anonymous_1)
FN:36,(anonymous_2)
FN:45,(anonymous_3)
FN:68,(anonymous_4)
FN:85,(anonymous_5)
FN:90,(anonymous_6)
FN:118,(anonymous_7)
FN:146,(anonymous_8)
FN:174,(anonymous_9)
FN:184,(anonymous_10)
FN:192,(anonymous_11)
FN:210,(anonymous_12)
FN:235,(anonymous_13)
FN:247,(anonymous_14)
FN:269,(anonymous_15)
FN:278,(anonymous_16)
FNF:16
FNH:15
FNDA:2,(anonymous_1)
FNDA:8,(anonymous_2)
FNDA:2,(anonymous_3)
FNDA:1,(anonymous_4)
FNDA:1,(anonymous_5)
FNDA:4,(anonymous_6)
FNDA:5,(anonymous_7)
FNDA:5,(anonymous_8)
FNDA:4,(anonymous_9)
FNDA:10,(anonymous_10)
FNDA:3,(anonymous_11)
FNDA:8,(anonymous_12)
FNDA:2,(anonymous_13)
FNDA:3,(anonymous_14)
FNDA:0,(anonymous_15)
FNDA:3,(anonymous_16)
DA:2,1
DA:3,1
DA:4,1
DA:5,1
DA:6,1
DA:10,1
DA:12,1
DA:13,2
DA:16,2
DA:17,1
DA:20,1
DA:22,1
DA:24,1
DA:36,8
DA:41,1
DA:42,1
DA:45,1
DA:46,2
DA:49,2
DA:50,1
DA:53,1
DA:55,1
DA:68,1
DA:69,1
DA:85,1
DA:86,1
DA:90,1
DA:91,4
DA:95,4
DA:98,4
DA:99,2
DA:102,2
DA:103,1
DA:106,1
DA:118,1
DA:119,5
DA:123,5
DA:126,5
DA:127,2
DA:130,3
DA:131,1
DA:134,2
DA:146,1
DA:147,5
DA:151,5
DA:154,5
DA:155,2
DA:158,3
DA:159,1
DA:162,2
DA:174,1
DA:175,4
DA:178,4
DA:179,2
DA:182,2
DA:184,10
DA:189,2
DA:192,1
DA:193,3
DA:196,3
DA:197,1
DA:200,2
DA:207,2
DA:210,1
DA:211,8
DA:214,8
DA:215,1
DA:218,7
DA:219,7
DA:220,1
DA:223,6
DA:225,6
DA:232,6
DA:235,1
DA:236,2
DA:240,2
DA:241,1
DA:244,1
DA:247,1
DA:248,3
DA:249,3
DA:253,2
DA:265,2
DA:266,1
DA:269,1
DA:272,1
DA:274,1
DA:278,1
DA:279,3
DA:282,3
DA:283,1
DA:286,2
LF:92
LH:92
BRDA:16,0,0,1
BRDA:16,0,1,1
BRDA:49,1,0,1
BRDA:49,1,1,1
BRDA:98,2,0,2
BRDA:98,2,1,2
BRDA:98,3,0,4
BRDA:98,3,1,3
BRDA:102,4,0,1
BRDA:102,4,1,1
BRDA:102,5,0,2
BRDA:102,5,1,1
BRDA:126,6,0,2
BRDA:126,6,1,3
BRDA:126,7,0,5
BRDA:126,7,1,4
BRDA:130,8,0,1
BRDA:130,8,1,2
BRDA:130,9,0,3
BRDA:130,9,1,1
BRDA:154,10,0,2
BRDA:154,10,1,3
BRDA:154,11,0,5
BRDA:154,11,1,4
BRDA:158,12,0,1
BRDA:158,12,1,2
BRDA:158,13,0,3
BRDA:158,13,1,1
BRDA:178,14,0,2
BRDA:178,14,1,2
BRDA:178,15,0,4
BRDA:178,15,1,3
BRDA:196,16,0,1
BRDA:196,16,1,2
BRDA:214,17,0,1
BRDA:214,17,1,7
BRDA:219,18,0,1
BRDA:219,18,1,6
BRDA:240,19,0,1
BRDA:240,19,1,1
BRDA:260,20,0,2
BRDA:260,20,1,2
BRDA:265,21,0,1
BRDA:265,21,1,1
BRDA:282,22,0,1
BRDA:282,22,1,2
BRDA:282,23,0,3
BRDA:282,23,1,3
BRF:48
BRH:48
end_of_record
